19-Sep-2023 00:09:24.175 INFO [main] org.apache.catalina.core.StandardServer.await A valid shutdown command was received via the shutdown port. Stopping the Server instance.
19-Sep-2023 00:09:24.176 INFO [main] org.apache.coyote.AbstractProtocol.pause Pausing ProtocolHandler ["http-nio-8080"]
19-Sep-2023 00:09:24.187 INFO [main] org.apache.catalina.core.StandardService.stopInternal Stopping service [Catalina]
19-Sep-2023 00:09:25.652 WARNING [main] org.apache.catalina.loader.WebappClassLoaderBase.clearReferencesJdbc The web application [Proyecto1] registered the JDBC driver [oracle.jdbc.OracleDriver] but failed to unregister it when the web application was stopped. To prevent a memory leak, the JDBC Driver has been forcibly unregistered.
19-Sep-2023 00:09:25.657 INFO [main] org.apache.coyote.AbstractProtocol.stop Stopping ProtocolHandler ["http-nio-8080"]
19-Sep-2023 00:09:25.726 INFO [main] org.apache.coyote.AbstractProtocol.destroy Destroying ProtocolHandler ["http-nio-8080"]
19-Sep-2023 19:31:48.673 INFO [main] org.apache.catalina.startup.VersionLoggerListener.log Server version name:   Apache Tomcat/10.1.13
19-Sep-2023 19:31:48.676 INFO [main] org.apache.catalina.startup.VersionLoggerListener.log Server built:          Aug 23 2023 21:34:59 UTC
19-Sep-2023 19:31:48.677 INFO [main] org.apache.catalina.startup.VersionLoggerListener.log Server version number: 10.1.13.0
19-Sep-2023 19:31:48.677 INFO [main] org.apache.catalina.startup.VersionLoggerListener.log OS Name:               Windows 10
19-Sep-2023 19:31:48.677 INFO [main] org.apache.catalina.startup.VersionLoggerListener.log OS Version:            10.0
19-Sep-2023 19:31:48.677 INFO [main] org.apache.catalina.startup.VersionLoggerListener.log Architecture:          amd64
19-Sep-2023 19:31:48.677 INFO [main] org.apache.catalina.startup.VersionLoggerListener.log Java Home:             C:\Program Files\Java\jdk-18.0.1.1
19-Sep-2023 19:31:48.677 INFO [main] org.apache.catalina.startup.VersionLoggerListener.log JVM Version:           18.0.1.1+2-6
19-Sep-2023 19:31:48.677 INFO [main] org.apache.catalina.startup.VersionLoggerListener.log JVM Vendor:            Oracle Corporation
19-Sep-2023 19:31:48.677 INFO [main] org.apache.catalina.startup.VersionLoggerListener.log CATALINA_BASE:         C:\Users\User\Toms\apache-tomcat-10.1.13
19-Sep-2023 19:31:48.677 INFO [main] org.apache.catalina.startup.VersionLoggerListener.log CATALINA_HOME:         C:\Users\User\Toms\apache-tomcat-10.1.13
19-Sep-2023 19:31:48.684 INFO [main] org.apache.catalina.startup.VersionLoggerListener.log Command line argument: -Djava.util.logging.config.file=C:\Users\User\Toms\apache-tomcat-10.1.13\conf\logging.properties
19-Sep-2023 19:31:48.684 INFO [main] org.apache.catalina.startup.VersionLoggerListener.log Command line argument: -Djava.util.logging.manager=org.apache.juli.ClassLoaderLogManager
19-Sep-2023 19:31:48.684 INFO [main] org.apache.catalina.startup.VersionLoggerListener.log Command line argument: -Djdk.tls.ephemeralDHKeySize=2048
19-Sep-2023 19:31:48.684 INFO [main] org.apache.catalina.startup.VersionLoggerListener.log Command line argument: -Djava.protocol.handler.pkgs=org.apache.catalina.webresources
19-Sep-2023 19:31:48.685 INFO [main] org.apache.catalina.startup.VersionLoggerListener.log Command line argument: --add-opens=java.base/java.lang=ALL-UNNAMED
19-Sep-2023 19:31:48.685 INFO [main] org.apache.catalina.startup.VersionLoggerListener.log Command line argument: --add-opens=java.base/java.io=ALL-UNNAMED
19-Sep-2023 19:31:48.685 INFO [main] org.apache.catalina.startup.VersionLoggerListener.log Command line argument: --add-opens=java.base/java.util=ALL-UNNAMED
19-Sep-2023 19:31:48.685 INFO [main] org.apache.catalina.startup.VersionLoggerListener.log Command line argument: --add-opens=java.base/java.util.concurrent=ALL-UNNAMED
19-Sep-2023 19:31:48.685 INFO [main] org.apache.catalina.startup.VersionLoggerListener.log Command line argument: --add-opens=java.rmi/sun.rmi.transport=ALL-UNNAMED
19-Sep-2023 19:31:48.685 INFO [main] org.apache.catalina.startup.VersionLoggerListener.log Command line argument: -Dcatalina.base=C:\Users\User\Toms\apache-tomcat-10.1.13
19-Sep-2023 19:31:48.685 INFO [main] org.apache.catalina.startup.VersionLoggerListener.log Command line argument: -Dcatalina.home=C:\Users\User\Toms\apache-tomcat-10.1.13
19-Sep-2023 19:31:48.685 INFO [main] org.apache.catalina.startup.VersionLoggerListener.log Command line argument: -Djava.io.tmpdir=C:\Users\User\Toms\apache-tomcat-10.1.13\temp
19-Sep-2023 19:31:48.692 INFO [main] org.apache.catalina.core.AprLifecycleListener.lifecycleEvent Loaded Apache Tomcat Native library [2.0.5] using APR version [1.7.4].
19-Sep-2023 19:31:48.721 INFO [main] org.apache.catalina.core.AprLifecycleListener.initializeSSL OpenSSL successfully initialized [OpenSSL 3.0.10 1 Aug 2023]
19-Sep-2023 19:31:48.934 INFO [main] org.apache.coyote.AbstractProtocol.init Initializing ProtocolHandler ["http-nio-8080"]
19-Sep-2023 19:31:48.959 INFO [main] org.apache.catalina.startup.Catalina.load Server initialization in [443] milliseconds
19-Sep-2023 19:31:49.010 INFO [main] org.apache.catalina.core.StandardService.startInternal Starting service [Catalina]
19-Sep-2023 19:31:49.010 INFO [main] org.apache.catalina.core.StandardEngine.startInternal Starting Servlet engine: [Apache Tomcat/10.1.13]
19-Sep-2023 19:31:49.020 INFO [main] org.apache.catalina.startup.HostConfig.deployDescriptor Deploying deployment descriptor [C:\Users\User\Toms\apache-tomcat-10.1.13\conf\Catalina\localhost\BD2ProyectoS2.xml]
19-Sep-2023 19:31:49.035 WARNING [main] org.apache.catalina.startup.HostConfig.deployDescriptor The path attribute with value [/BD2ProyectoS2] in deployment descriptor [C:\Users\User\Toms\apache-tomcat-10.1.13\conf\Catalina\localhost\BD2ProyectoS2.xml] has been ignored
19-Sep-2023 19:31:49.338 INFO [main] org.apache.catalina.startup.HostConfig.deployDescriptor Deployment of deployment descriptor [C:\Users\User\Toms\apache-tomcat-10.1.13\conf\Catalina\localhost\BD2ProyectoS2.xml] has finished in [318] ms
19-Sep-2023 19:31:49.339 INFO [main] org.apache.catalina.startup.HostConfig.deployDescriptor Deploying deployment descriptor [C:\Users\User\Toms\apache-tomcat-10.1.13\conf\Catalina\localhost\Proyecto1.xml]
19-Sep-2023 19:31:49.340 WARNING [main] org.apache.catalina.startup.HostConfig.deployDescriptor The path attribute with value [/Proyecto1] in deployment descriptor [C:\Users\User\Toms\apache-tomcat-10.1.13\conf\Catalina\localhost\Proyecto1.xml] has been ignored
19-Sep-2023 19:31:49.952 INFO [main] org.apache.jasper.servlet.TldScanner.scanJars At least one JAR was scanned for TLDs yet contained no TLDs. Enable debug logging for this logger for a complete list of JARs that were scanned but no TLDs were found in them. Skipping unneeded JARs during scanning can improve startup time and JSP compilation time.
19-Sep-2023 19:31:49.956 INFO [main] org.apache.catalina.startup.HostConfig.deployDescriptor Deployment of deployment descriptor [C:\Users\User\Toms\apache-tomcat-10.1.13\conf\Catalina\localhost\Proyecto1.xml] has finished in [618] ms
19-Sep-2023 19:31:49.956 INFO [main] org.apache.catalina.startup.HostConfig.deployDirectory Deploying web application directory [C:\Users\User\Toms\apache-tomcat-10.1.13\webapps\docs]
19-Sep-2023 19:31:49.998 INFO [main] org.apache.catalina.startup.HostConfig.deployDirectory Deployment of web application directory [C:\Users\User\Toms\apache-tomcat-10.1.13\webapps\docs] has finished in [42] ms
19-Sep-2023 19:31:49.998 INFO [main] org.apache.catalina.startup.HostConfig.deployDirectory Deploying web application directory [C:\Users\User\Toms\apache-tomcat-10.1.13\webapps\examples]
19-Sep-2023 19:31:50.476 INFO [main] org.apache.catalina.startup.HostConfig.deployDirectory Deployment of web application directory [C:\Users\User\Toms\apache-tomcat-10.1.13\webapps\examples] has finished in [478] ms
19-Sep-2023 19:31:50.477 INFO [main] org.apache.catalina.startup.HostConfig.deployDirectory Deploying web application directory [C:\Users\User\Toms\apache-tomcat-10.1.13\webapps\host-manager]
19-Sep-2023 19:31:50.515 INFO [main] org.apache.catalina.startup.HostConfig.deployDirectory Deployment of web application directory [C:\Users\User\Toms\apache-tomcat-10.1.13\webapps\host-manager] has finished in [39] ms
19-Sep-2023 19:31:50.515 INFO [main] org.apache.catalina.startup.HostConfig.deployDirectory Deploying web application directory [C:\Users\User\Toms\apache-tomcat-10.1.13\webapps\manager]
19-Sep-2023 19:31:50.560 INFO [main] org.apache.catalina.startup.HostConfig.deployDirectory Deployment of web application directory [C:\Users\User\Toms\apache-tomcat-10.1.13\webapps\manager] has finished in [45] ms
19-Sep-2023 19:31:50.561 INFO [main] org.apache.catalina.startup.HostConfig.deployDirectory Deploying web application directory [C:\Users\User\Toms\apache-tomcat-10.1.13\webapps\ROOT]
19-Sep-2023 19:31:50.586 INFO [main] org.apache.catalina.startup.HostConfig.deployDirectory Deployment of web application directory [C:\Users\User\Toms\apache-tomcat-10.1.13\webapps\ROOT] has finished in [25] ms
19-Sep-2023 19:31:50.590 INFO [main] org.apache.coyote.AbstractProtocol.start Starting ProtocolHandler ["http-nio-8080"]
19-Sep-2023 19:31:50.627 INFO [main] org.apache.catalina.startup.Catalina.start Server startup in [1666] milliseconds
19-Sep-2023 19:31:52.455 INFO [http-nio-8080-exec-9] org.apache.catalina.startup.HostConfig.undeploy Undeploying context [/Proyecto1]
19-Sep-2023 19:31:52.494 INFO [http-nio-8080-exec-6] org.apache.catalina.startup.HostConfig.deployDescriptor Deploying deployment descriptor [C:\Users\User\Toms\apache-tomcat-10.1.13\conf\Catalina\localhost\Proyecto1.xml]
19-Sep-2023 19:31:52.495 WARNING [http-nio-8080-exec-6] org.apache.catalina.startup.HostConfig.deployDescriptor The path attribute with value [/Proyecto1] in deployment descriptor [C:\Users\User\Toms\apache-tomcat-10.1.13\conf\Catalina\localhost\Proyecto1.xml] has been ignored
19-Sep-2023 19:31:52.986 INFO [http-nio-8080-exec-6] org.apache.jasper.servlet.TldScanner.scanJars At least one JAR was scanned for TLDs yet contained no TLDs. Enable debug logging for this logger for a complete list of JARs that were scanned but no TLDs were found in them. Skipping unneeded JARs during scanning can improve startup time and JSP compilation time.
19-Sep-2023 19:31:52.989 INFO [http-nio-8080-exec-6] org.apache.catalina.startup.HostConfig.deployDescriptor Deployment of deployment descriptor [C:\Users\User\Toms\apache-tomcat-10.1.13\conf\Catalina\localhost\Proyecto1.xml] has finished in [495] ms
19-Sep-2023 19:31:52.992 INFO [http-nio-8080-exec-4] org.apache.catalina.util.LifecycleBase.start The start() method was called on component [StandardEngine[Catalina].StandardHost[localhost].StandardContext[/Proyecto1]] after start() had already been called. The second call will be ignored.
19-Sep-2023 19:35:25.781 WARNING [http-nio-8080-exec-11] org.apache.catalina.loader.WebappClassLoaderBase.clearReferencesJdbc The web application [Proyecto1] registered the JDBC driver [oracle.jdbc.OracleDriver] but failed to unregister it when the web application was stopped. To prevent a memory leak, the JDBC Driver has been forcibly unregistered.
19-Sep-2023 19:35:26.291 INFO [http-nio-8080-exec-11] org.apache.catalina.startup.HostConfig.undeploy Undeploying context [/Proyecto1]
19-Sep-2023 19:35:26.313 INFO [http-nio-8080-exec-16] org.apache.catalina.startup.HostConfig.deployDescriptor Deploying deployment descriptor [C:\Users\User\Toms\apache-tomcat-10.1.13\conf\Catalina\localhost\Proyecto1.xml]
19-Sep-2023 19:35:26.313 WARNING [http-nio-8080-exec-16] org.apache.catalina.startup.HostConfig.deployDescriptor The path attribute with value [/Proyecto1] in deployment descriptor [C:\Users\User\Toms\apache-tomcat-10.1.13\conf\Catalina\localhost\Proyecto1.xml] has been ignored
19-Sep-2023 19:35:26.806 INFO [http-nio-8080-exec-16] org.apache.jasper.servlet.TldScanner.scanJars At least one JAR was scanned for TLDs yet contained no TLDs. Enable debug logging for this logger for a complete list of JARs that were scanned but no TLDs were found in them. Skipping unneeded JARs during scanning can improve startup time and JSP compilation time.
19-Sep-2023 19:35:26.809 INFO [http-nio-8080-exec-16] org.apache.catalina.startup.HostConfig.deployDescriptor Deployment of deployment descriptor [C:\Users\User\Toms\apache-tomcat-10.1.13\conf\Catalina\localhost\Proyecto1.xml] has finished in [496] ms
19-Sep-2023 19:35:26.811 INFO [http-nio-8080-exec-13] org.apache.catalina.util.LifecycleBase.start The start() method was called on component [StandardEngine[Catalina].StandardHost[localhost].StandardContext[/Proyecto1]] after start() had already been called. The second call will be ignored.
19-Sep-2023 19:41:00.993 INFO [Catalina-utility-2] org.apache.catalina.startup.HostConfig.reload Reloading context [/Proyecto1]
19-Sep-2023 19:41:00.994 INFO [Catalina-utility-2] org.apache.catalina.core.StandardContext.reload Reloading Context with name [/Proyecto1] has started
19-Sep-2023 19:41:01.110 WARNING [Catalina-utility-2] org.apache.catalina.loader.WebappClassLoaderBase.clearReferencesJdbc The web application [Proyecto1] registered the JDBC driver [oracle.jdbc.OracleDriver] but failed to unregister it when the web application was stopped. To prevent a memory leak, the JDBC Driver has been forcibly unregistered.
19-Sep-2023 19:41:01.566 INFO [Catalina-utility-2] org.apache.jasper.servlet.TldScanner.scanJars At least one JAR was scanned for TLDs yet contained no TLDs. Enable debug logging for this logger for a complete list of JARs that were scanned but no TLDs were found in them. Skipping unneeded JARs during scanning can improve startup time and JSP compilation time.
19-Sep-2023 19:41:01.568 INFO [Catalina-utility-2] org.apache.catalina.core.StandardContext.reload Reloading Context with name [/Proyecto1] is completed
19-Sep-2023 19:42:11.644 INFO [Catalina-utility-1] org.apache.catalina.startup.HostConfig.reload Reloading context [/Proyecto1]
19-Sep-2023 19:42:11.644 INFO [Catalina-utility-1] org.apache.catalina.core.StandardContext.reload Reloading Context with name [/Proyecto1] has started
19-Sep-2023 19:42:12.129 INFO [Catalina-utility-1] org.apache.jasper.servlet.TldScanner.scanJars At least one JAR was scanned for TLDs yet contained no TLDs. Enable debug logging for this logger for a complete list of JARs that were scanned but no TLDs were found in them. Skipping unneeded JARs during scanning can improve startup time and JSP compilation time.
19-Sep-2023 19:42:12.131 INFO [Catalina-utility-1] org.apache.catalina.core.StandardContext.reload Reloading Context with name [/Proyecto1] is completed
19-Sep-2023 19:42:52.178 INFO [Catalina-utility-1] org.apache.catalina.startup.HostConfig.reload Reloading context [/Proyecto1]
19-Sep-2023 19:42:52.178 INFO [Catalina-utility-1] org.apache.catalina.core.StandardContext.reload Reloading Context with name [/Proyecto1] has started
19-Sep-2023 19:42:52.636 INFO [Catalina-utility-1] org.apache.jasper.servlet.TldScanner.scanJars At least one JAR was scanned for TLDs yet contained no TLDs. Enable debug logging for this logger for a complete list of JARs that were scanned but no TLDs were found in them. Skipping unneeded JARs during scanning can improve startup time and JSP compilation time.
19-Sep-2023 19:42:52.639 INFO [Catalina-utility-1] org.apache.catalina.core.StandardContext.reload Reloading Context with name [/Proyecto1] is completed
19-Sep-2023 19:43:38.578 INFO [http-nio-8080-exec-21] org.apache.catalina.startup.HostConfig.undeploy Undeploying context [/Proyecto1]
19-Sep-2023 19:43:38.603 INFO [http-nio-8080-exec-24] org.apache.catalina.startup.HostConfig.deployDescriptor Deploying deployment descriptor [C:\Users\User\Toms\apache-tomcat-10.1.13\conf\Catalina\localhost\Proyecto1.xml]
19-Sep-2023 19:43:38.604 WARNING [http-nio-8080-exec-24] org.apache.catalina.startup.HostConfig.deployDescriptor The path attribute with value [/Proyecto1] in deployment descriptor [C:\Users\User\Toms\apache-tomcat-10.1.13\conf\Catalina\localhost\Proyecto1.xml] has been ignored
19-Sep-2023 19:43:39.103 INFO [http-nio-8080-exec-24] org.apache.jasper.servlet.TldScanner.scanJars At least one JAR was scanned for TLDs yet contained no TLDs. Enable debug logging for this logger for a complete list of JARs that were scanned but no TLDs were found in them. Skipping unneeded JARs during scanning can improve startup time and JSP compilation time.
19-Sep-2023 19:43:39.106 INFO [http-nio-8080-exec-24] org.apache.catalina.startup.HostConfig.deployDescriptor Deployment of deployment descriptor [C:\Users\User\Toms\apache-tomcat-10.1.13\conf\Catalina\localhost\Proyecto1.xml] has finished in [503] ms
19-Sep-2023 19:43:39.108 INFO [http-nio-8080-exec-30] org.apache.catalina.util.LifecycleBase.start The start() method was called on component [StandardEngine[Catalina].StandardHost[localhost].StandardContext[/Proyecto1]] after start() had already been called. The second call will be ignored.
19-Sep-2023 19:44:58.766 WARNING [http-nio-8080-exec-39] org.apache.catalina.loader.WebappClassLoaderBase.clearReferencesJdbc The web application [Proyecto1] registered the JDBC driver [oracle.jdbc.OracleDriver] but failed to unregister it when the web application was stopped. To prevent a memory leak, the JDBC Driver has been forcibly unregistered.
19-Sep-2023 19:44:59.270 INFO [http-nio-8080-exec-39] org.apache.catalina.startup.HostConfig.undeploy Undeploying context [/Proyecto1]
19-Sep-2023 19:44:59.291 INFO [http-nio-8080-exec-35] org.apache.catalina.startup.HostConfig.deployDescriptor Deploying deployment descriptor [C:\Users\User\Toms\apache-tomcat-10.1.13\conf\Catalina\localhost\Proyecto1.xml]
19-Sep-2023 19:44:59.292 WARNING [http-nio-8080-exec-35] org.apache.catalina.startup.HostConfig.deployDescriptor The path attribute with value [/Proyecto1] in deployment descriptor [C:\Users\User\Toms\apache-tomcat-10.1.13\conf\Catalina\localhost\Proyecto1.xml] has been ignored
19-Sep-2023 19:44:59.802 INFO [http-nio-8080-exec-35] org.apache.jasper.servlet.TldScanner.scanJars At least one JAR was scanned for TLDs yet contained no TLDs. Enable debug logging for this logger for a complete list of JARs that were scanned but no TLDs were found in them. Skipping unneeded JARs during scanning can improve startup time and JSP compilation time.
19-Sep-2023 19:44:59.804 INFO [http-nio-8080-exec-35] org.apache.catalina.startup.HostConfig.deployDescriptor Deployment of deployment descriptor [C:\Users\User\Toms\apache-tomcat-10.1.13\conf\Catalina\localhost\Proyecto1.xml] has finished in [513] ms
19-Sep-2023 19:44:59.807 INFO [http-nio-8080-exec-33] org.apache.catalina.util.LifecycleBase.start The start() method was called on component [StandardEngine[Catalina].StandardHost[localhost].StandardContext[/Proyecto1]] after start() had already been called. The second call will be ignored.
19-Sep-2023 20:14:24.099 INFO [Catalina-utility-1] org.apache.catalina.startup.HostConfig.reload Reloading context [/Proyecto1]
19-Sep-2023 20:14:24.099 INFO [Catalina-utility-1] org.apache.catalina.core.StandardContext.reload Reloading Context with name [/Proyecto1] has started
19-Sep-2023 20:14:24.208 WARNING [Catalina-utility-1] org.apache.catalina.loader.WebappClassLoaderBase.clearReferencesJdbc The web application [Proyecto1] registered the JDBC driver [oracle.jdbc.OracleDriver] but failed to unregister it when the web application was stopped. To prevent a memory leak, the JDBC Driver has been forcibly unregistered.
19-Sep-2023 20:14:24.665 INFO [Catalina-utility-1] org.apache.jasper.servlet.TldScanner.scanJars At least one JAR was scanned for TLDs yet contained no TLDs. Enable debug logging for this logger for a complete list of JARs that were scanned but no TLDs were found in them. Skipping unneeded JARs during scanning can improve startup time and JSP compilation time.
19-Sep-2023 20:14:24.667 INFO [Catalina-utility-1] org.apache.catalina.core.StandardContext.reload Reloading Context with name [/Proyecto1] is completed
19-Sep-2023 20:14:54.684 INFO [Catalina-utility-2] org.apache.catalina.startup.HostConfig.reload Reloading context [/Proyecto1]
19-Sep-2023 20:14:54.684 INFO [Catalina-utility-2] org.apache.catalina.core.StandardContext.reload Reloading Context with name [/Proyecto1] has started
19-Sep-2023 20:14:55.110 INFO [Catalina-utility-2] org.apache.jasper.servlet.TldScanner.scanJars At least one JAR was scanned for TLDs yet contained no TLDs. Enable debug logging for this logger for a complete list of JARs that were scanned but no TLDs were found in them. Skipping unneeded JARs during scanning can improve startup time and JSP compilation time.
19-Sep-2023 20:14:55.112 INFO [Catalina-utility-2] org.apache.catalina.core.StandardContext.reload Reloading Context with name [/Proyecto1] is completed
19-Sep-2023 20:27:20.224 INFO [http-nio-8080-exec-58] org.apache.catalina.startup.HostConfig.undeploy Undeploying context [/Proyecto1]
19-Sep-2023 20:27:20.253 INFO [http-nio-8080-exec-53] org.apache.catalina.startup.HostConfig.deployDescriptor Deploying deployment descriptor [C:\Users\User\Toms\apache-tomcat-10.1.13\conf\Catalina\localhost\Proyecto1.xml]
19-Sep-2023 20:27:20.254 WARNING [http-nio-8080-exec-53] org.apache.catalina.startup.HostConfig.deployDescriptor The path attribute with value [/Proyecto1] in deployment descriptor [C:\Users\User\Toms\apache-tomcat-10.1.13\conf\Catalina\localhost\Proyecto1.xml] has been ignored
19-Sep-2023 20:27:20.688 INFO [http-nio-8080-exec-53] org.apache.jasper.servlet.TldScanner.scanJars At least one JAR was scanned for TLDs yet contained no TLDs. Enable debug logging for this logger for a complete list of JARs that were scanned but no TLDs were found in them. Skipping unneeded JARs during scanning can improve startup time and JSP compilation time.
19-Sep-2023 20:27:20.692 INFO [http-nio-8080-exec-53] org.apache.catalina.startup.HostConfig.deployDescriptor Deployment of deployment descriptor [C:\Users\User\Toms\apache-tomcat-10.1.13\conf\Catalina\localhost\Proyecto1.xml] has finished in [438] ms
19-Sep-2023 20:27:20.693 INFO [http-nio-8080-exec-59] org.apache.catalina.util.LifecycleBase.start The start() method was called on component [StandardEngine[Catalina].StandardHost[localhost].StandardContext[/Proyecto1]] after start() had already been called. The second call will be ignored.
19-Sep-2023 20:36:09.699 WARNING [http-nio-8080-exec-68] org.apache.catalina.loader.WebappClassLoaderBase.clearReferencesJdbc The web application [Proyecto1] registered the JDBC driver [oracle.jdbc.OracleDriver] but failed to unregister it when the web application was stopped. To prevent a memory leak, the JDBC Driver has been forcibly unregistered.
19-Sep-2023 20:36:10.209 INFO [http-nio-8080-exec-68] org.apache.catalina.startup.HostConfig.undeploy Undeploying context [/Proyecto1]
19-Sep-2023 20:36:10.227 INFO [http-nio-8080-exec-69] org.apache.catalina.startup.HostConfig.deployDescriptor Deploying deployment descriptor [C:\Users\User\Toms\apache-tomcat-10.1.13\conf\Catalina\localhost\Proyecto1.xml]
19-Sep-2023 20:36:10.228 WARNING [http-nio-8080-exec-69] org.apache.catalina.startup.HostConfig.deployDescriptor The path attribute with value [/Proyecto1] in deployment descriptor [C:\Users\User\Toms\apache-tomcat-10.1.13\conf\Catalina\localhost\Proyecto1.xml] has been ignored
19-Sep-2023 20:36:10.666 INFO [http-nio-8080-exec-69] org.apache.jasper.servlet.TldScanner.scanJars At least one JAR was scanned for TLDs yet contained no TLDs. Enable debug logging for this logger for a complete list of JARs that were scanned but no TLDs were found in them. Skipping unneeded JARs during scanning can improve startup time and JSP compilation time.
19-Sep-2023 20:36:10.668 INFO [http-nio-8080-exec-69] org.apache.catalina.startup.HostConfig.deployDescriptor Deployment of deployment descriptor [C:\Users\User\Toms\apache-tomcat-10.1.13\conf\Catalina\localhost\Proyecto1.xml] has finished in [441] ms
19-Sep-2023 20:36:10.670 INFO [http-nio-8080-exec-66] org.apache.catalina.util.LifecycleBase.start The start() method was called on component [StandardEngine[Catalina].StandardHost[localhost].StandardContext[/Proyecto1]] after start() had already been called. The second call will be ignored.
19-Sep-2023 20:37:21.855 WARNING [http-nio-8080-exec-79] org.apache.catalina.loader.WebappClassLoaderBase.clearReferencesJdbc The web application [Proyecto1] registered the JDBC driver [oracle.jdbc.OracleDriver] but failed to unregister it when the web application was stopped. To prevent a memory leak, the JDBC Driver has been forcibly unregistered.
19-Sep-2023 20:37:22.369 INFO [http-nio-8080-exec-79] org.apache.catalina.startup.HostConfig.undeploy Undeploying context [/Proyecto1]
19-Sep-2023 20:37:22.388 INFO [http-nio-8080-exec-72] org.apache.catalina.startup.HostConfig.deployDescriptor Deploying deployment descriptor [C:\Users\User\Toms\apache-tomcat-10.1.13\conf\Catalina\localhost\Proyecto1.xml]
19-Sep-2023 20:37:22.388 WARNING [http-nio-8080-exec-72] org.apache.catalina.startup.HostConfig.deployDescriptor The path attribute with value [/Proyecto1] in deployment descriptor [C:\Users\User\Toms\apache-tomcat-10.1.13\conf\Catalina\localhost\Proyecto1.xml] has been ignored
19-Sep-2023 20:37:22.824 INFO [http-nio-8080-exec-72] org.apache.jasper.servlet.TldScanner.scanJars At least one JAR was scanned for TLDs yet contained no TLDs. Enable debug logging for this logger for a complete list of JARs that were scanned but no TLDs were found in them. Skipping unneeded JARs during scanning can improve startup time and JSP compilation time.
19-Sep-2023 20:37:22.827 INFO [http-nio-8080-exec-72] org.apache.catalina.startup.HostConfig.deployDescriptor Deployment of deployment descriptor [C:\Users\User\Toms\apache-tomcat-10.1.13\conf\Catalina\localhost\Proyecto1.xml] has finished in [439] ms
19-Sep-2023 20:37:22.828 INFO [http-nio-8080-exec-63] org.apache.catalina.util.LifecycleBase.start The start() method was called on component [StandardEngine[Catalina].StandardHost[localhost].StandardContext[/Proyecto1]] after start() had already been called. The second call will be ignored.
19-Sep-2023 20:38:50.504 WARNING [http-nio-8080-exec-86] org.apache.catalina.loader.WebappClassLoaderBase.clearReferencesJdbc The web application [Proyecto1] registered the JDBC driver [oracle.jdbc.OracleDriver] but failed to unregister it when the web application was stopped. To prevent a memory leak, the JDBC Driver has been forcibly unregistered.
19-Sep-2023 20:38:51.020 INFO [http-nio-8080-exec-86] org.apache.catalina.startup.HostConfig.undeploy Undeploying context [/Proyecto1]
19-Sep-2023 20:38:51.037 INFO [http-nio-8080-exec-87] org.apache.catalina.startup.HostConfig.deployDescriptor Deploying deployment descriptor [C:\Users\User\Toms\apache-tomcat-10.1.13\conf\Catalina\localhost\Proyecto1.xml]
19-Sep-2023 20:38:51.038 WARNING [http-nio-8080-exec-87] org.apache.catalina.startup.HostConfig.deployDescriptor The path attribute with value [/Proyecto1] in deployment descriptor [C:\Users\User\Toms\apache-tomcat-10.1.13\conf\Catalina\localhost\Proyecto1.xml] has been ignored
19-Sep-2023 20:38:51.461 INFO [http-nio-8080-exec-87] org.apache.jasper.servlet.TldScanner.scanJars At least one JAR was scanned for TLDs yet contained no TLDs. Enable debug logging for this logger for a complete list of JARs that were scanned but no TLDs were found in them. Skipping unneeded JARs during scanning can improve startup time and JSP compilation time.
19-Sep-2023 20:38:51.463 INFO [http-nio-8080-exec-87] org.apache.catalina.startup.HostConfig.deployDescriptor Deployment of deployment descriptor [C:\Users\User\Toms\apache-tomcat-10.1.13\conf\Catalina\localhost\Proyecto1.xml] has finished in [426] ms
19-Sep-2023 20:38:51.465 INFO [http-nio-8080-exec-85] org.apache.catalina.util.LifecycleBase.start The start() method was called on component [StandardEngine[Catalina].StandardHost[localhost].StandardContext[/Proyecto1]] after start() had already been called. The second call will be ignored.
19-Sep-2023 20:41:25.575 WARNING [http-nio-8080-exec-95] org.apache.catalina.loader.WebappClassLoaderBase.clearReferencesJdbc The web application [Proyecto1] registered the JDBC driver [oracle.jdbc.OracleDriver] but failed to unregister it when the web application was stopped. To prevent a memory leak, the JDBC Driver has been forcibly unregistered.
19-Sep-2023 20:41:26.079 INFO [http-nio-8080-exec-95] org.apache.catalina.startup.HostConfig.undeploy Undeploying context [/Proyecto1]
19-Sep-2023 20:41:26.097 INFO [http-nio-8080-exec-93] org.apache.catalina.startup.HostConfig.deployDescriptor Deploying deployment descriptor [C:\Users\User\Toms\apache-tomcat-10.1.13\conf\Catalina\localhost\Proyecto1.xml]
19-Sep-2023 20:41:26.098 WARNING [http-nio-8080-exec-93] org.apache.catalina.startup.HostConfig.deployDescriptor The path attribute with value [/Proyecto1] in deployment descriptor [C:\Users\User\Toms\apache-tomcat-10.1.13\conf\Catalina\localhost\Proyecto1.xml] has been ignored
19-Sep-2023 20:41:26.514 INFO [http-nio-8080-exec-93] org.apache.jasper.servlet.TldScanner.scanJars At least one JAR was scanned for TLDs yet contained no TLDs. Enable debug logging for this logger for a complete list of JARs that were scanned but no TLDs were found in them. Skipping unneeded JARs during scanning can improve startup time and JSP compilation time.
19-Sep-2023 20:41:26.516 INFO [http-nio-8080-exec-93] org.apache.catalina.startup.HostConfig.deployDescriptor Deployment of deployment descriptor [C:\Users\User\Toms\apache-tomcat-10.1.13\conf\Catalina\localhost\Proyecto1.xml] has finished in [419] ms
19-Sep-2023 20:41:26.518 INFO [http-nio-8080-exec-88] org.apache.catalina.util.LifecycleBase.start The start() method was called on component [StandardEngine[Catalina].StandardHost[localhost].StandardContext[/Proyecto1]] after start() had already been called. The second call will be ignored.
19-Sep-2023 20:44:45.255 WARNING [http-nio-8080-exec-106] org.apache.catalina.loader.WebappClassLoaderBase.clearReferencesJdbc The web application [Proyecto1] registered the JDBC driver [oracle.jdbc.OracleDriver] but failed to unregister it when the web application was stopped. To prevent a memory leak, the JDBC Driver has been forcibly unregistered.
19-Sep-2023 20:44:45.759 INFO [http-nio-8080-exec-106] org.apache.catalina.startup.HostConfig.undeploy Undeploying context [/Proyecto1]
19-Sep-2023 20:44:45.777 INFO [http-nio-8080-exec-105] org.apache.catalina.startup.HostConfig.deployDescriptor Deploying deployment descriptor [C:\Users\User\Toms\apache-tomcat-10.1.13\conf\Catalina\localhost\Proyecto1.xml]
19-Sep-2023 20:44:45.777 WARNING [http-nio-8080-exec-105] org.apache.catalina.startup.HostConfig.deployDescriptor The path attribute with value [/Proyecto1] in deployment descriptor [C:\Users\User\Toms\apache-tomcat-10.1.13\conf\Catalina\localhost\Proyecto1.xml] has been ignored
19-Sep-2023 20:44:46.196 INFO [http-nio-8080-exec-105] org.apache.jasper.servlet.TldScanner.scanJars At least one JAR was scanned for TLDs yet contained no TLDs. Enable debug logging for this logger for a complete list of JARs that were scanned but no TLDs were found in them. Skipping unneeded JARs during scanning can improve startup time and JSP compilation time.
19-Sep-2023 20:44:46.199 INFO [http-nio-8080-exec-105] org.apache.catalina.startup.HostConfig.deployDescriptor Deployment of deployment descriptor [C:\Users\User\Toms\apache-tomcat-10.1.13\conf\Catalina\localhost\Proyecto1.xml] has finished in [422] ms
19-Sep-2023 20:44:46.201 INFO [http-nio-8080-exec-99] org.apache.catalina.util.LifecycleBase.start The start() method was called on component [StandardEngine[Catalina].StandardHost[localhost].StandardContext[/Proyecto1]] after start() had already been called. The second call will be ignored.
19-Sep-2023 20:46:18.658 WARNING [http-nio-8080-exec-115] org.apache.catalina.loader.WebappClassLoaderBase.clearReferencesJdbc The web application [Proyecto1] registered the JDBC driver [oracle.jdbc.OracleDriver] but failed to unregister it when the web application was stopped. To prevent a memory leak, the JDBC Driver has been forcibly unregistered.
19-Sep-2023 20:46:19.166 INFO [http-nio-8080-exec-115] org.apache.catalina.startup.HostConfig.undeploy Undeploying context [/Proyecto1]
19-Sep-2023 20:46:19.186 INFO [http-nio-8080-exec-110] org.apache.catalina.startup.HostConfig.deployDescriptor Deploying deployment descriptor [C:\Users\User\Toms\apache-tomcat-10.1.13\conf\Catalina\localhost\Proyecto1.xml]
19-Sep-2023 20:46:19.186 WARNING [http-nio-8080-exec-110] org.apache.catalina.startup.HostConfig.deployDescriptor The path attribute with value [/Proyecto1] in deployment descriptor [C:\Users\User\Toms\apache-tomcat-10.1.13\conf\Catalina\localhost\Proyecto1.xml] has been ignored
19-Sep-2023 20:46:19.616 INFO [http-nio-8080-exec-110] org.apache.jasper.servlet.TldScanner.scanJars At least one JAR was scanned for TLDs yet contained no TLDs. Enable debug logging for this logger for a complete list of JARs that were scanned but no TLDs were found in them. Skipping unneeded JARs during scanning can improve startup time and JSP compilation time.
19-Sep-2023 20:46:19.619 INFO [http-nio-8080-exec-110] org.apache.catalina.startup.HostConfig.deployDescriptor Deployment of deployment descriptor [C:\Users\User\Toms\apache-tomcat-10.1.13\conf\Catalina\localhost\Proyecto1.xml] has finished in [432] ms
19-Sep-2023 20:46:19.621 INFO [http-nio-8080-exec-111] org.apache.catalina.util.LifecycleBase.start The start() method was called on component [StandardEngine[Catalina].StandardHost[localhost].StandardContext[/Proyecto1]] after start() had already been called. The second call will be ignored.
19-Sep-2023 20:47:00.595 WARNING [http-nio-8080-exec-120] org.apache.catalina.loader.WebappClassLoaderBase.clearReferencesJdbc The web application [Proyecto1] registered the JDBC driver [oracle.jdbc.OracleDriver] but failed to unregister it when the web application was stopped. To prevent a memory leak, the JDBC Driver has been forcibly unregistered.
19-Sep-2023 20:47:01.106 INFO [http-nio-8080-exec-120] org.apache.catalina.startup.HostConfig.undeploy Undeploying context [/Proyecto1]
19-Sep-2023 20:47:01.123 INFO [http-nio-8080-exec-116] org.apache.catalina.startup.HostConfig.deployDescriptor Deploying deployment descriptor [C:\Users\User\Toms\apache-tomcat-10.1.13\conf\Catalina\localhost\Proyecto1.xml]
19-Sep-2023 20:47:01.124 WARNING [http-nio-8080-exec-116] org.apache.catalina.startup.HostConfig.deployDescriptor The path attribute with value [/Proyecto1] in deployment descriptor [C:\Users\User\Toms\apache-tomcat-10.1.13\conf\Catalina\localhost\Proyecto1.xml] has been ignored
19-Sep-2023 20:47:01.560 INFO [http-nio-8080-exec-116] org.apache.jasper.servlet.TldScanner.scanJars At least one JAR was scanned for TLDs yet contained no TLDs. Enable debug logging for this logger for a complete list of JARs that were scanned but no TLDs were found in them. Skipping unneeded JARs during scanning can improve startup time and JSP compilation time.
19-Sep-2023 20:47:01.562 INFO [http-nio-8080-exec-116] org.apache.catalina.startup.HostConfig.deployDescriptor Deployment of deployment descriptor [C:\Users\User\Toms\apache-tomcat-10.1.13\conf\Catalina\localhost\Proyecto1.xml] has finished in [439] ms
19-Sep-2023 20:47:01.564 INFO [http-nio-8080-exec-114] org.apache.catalina.util.LifecycleBase.start The start() method was called on component [StandardEngine[Catalina].StandardHost[localhost].StandardContext[/Proyecto1]] after start() had already been called. The second call will be ignored.
19-Sep-2023 20:48:42.380 WARNING [http-nio-8080-exec-129] org.apache.catalina.loader.WebappClassLoaderBase.clearReferencesJdbc The web application [Proyecto1] registered the JDBC driver [oracle.jdbc.OracleDriver] but failed to unregister it when the web application was stopped. To prevent a memory leak, the JDBC Driver has been forcibly unregistered.
19-Sep-2023 20:48:42.884 INFO [http-nio-8080-exec-129] org.apache.catalina.startup.HostConfig.undeploy Undeploying context [/Proyecto1]
19-Sep-2023 20:48:42.901 INFO [http-nio-8080-exec-114] org.apache.catalina.startup.HostConfig.deployDescriptor Deploying deployment descriptor [C:\Users\User\Toms\apache-tomcat-10.1.13\conf\Catalina\localhost\Proyecto1.xml]
19-Sep-2023 20:48:42.902 WARNING [http-nio-8080-exec-114] org.apache.catalina.startup.HostConfig.deployDescriptor The path attribute with value [/Proyecto1] in deployment descriptor [C:\Users\User\Toms\apache-tomcat-10.1.13\conf\Catalina\localhost\Proyecto1.xml] has been ignored
19-Sep-2023 20:48:43.326 INFO [http-nio-8080-exec-114] org.apache.jasper.servlet.TldScanner.scanJars At least one JAR was scanned for TLDs yet contained no TLDs. Enable debug logging for this logger for a complete list of JARs that were scanned but no TLDs were found in them. Skipping unneeded JARs during scanning can improve startup time and JSP compilation time.
19-Sep-2023 20:48:43.328 INFO [http-nio-8080-exec-114] org.apache.catalina.startup.HostConfig.deployDescriptor Deployment of deployment descriptor [C:\Users\User\Toms\apache-tomcat-10.1.13\conf\Catalina\localhost\Proyecto1.xml] has finished in [427] ms
19-Sep-2023 20:48:43.330 INFO [http-nio-8080-exec-125] org.apache.catalina.util.LifecycleBase.start The start() method was called on component [StandardEngine[Catalina].StandardHost[localhost].StandardContext[/Proyecto1]] after start() had already been called. The second call will be ignored.
19-Sep-2023 20:49:38.949 WARNING [http-nio-8080-exec-130] org.apache.catalina.loader.WebappClassLoaderBase.clearReferencesJdbc The web application [Proyecto1] registered the JDBC driver [oracle.jdbc.OracleDriver] but failed to unregister it when the web application was stopped. To prevent a memory leak, the JDBC Driver has been forcibly unregistered.
19-Sep-2023 20:49:39.459 INFO [http-nio-8080-exec-130] org.apache.catalina.startup.HostConfig.undeploy Undeploying context [/Proyecto1]
19-Sep-2023 20:49:39.476 INFO [http-nio-8080-exec-133] org.apache.catalina.startup.HostConfig.deployDescriptor Deploying deployment descriptor [C:\Users\User\Toms\apache-tomcat-10.1.13\conf\Catalina\localhost\Proyecto1.xml]
19-Sep-2023 20:49:39.477 WARNING [http-nio-8080-exec-133] org.apache.catalina.startup.HostConfig.deployDescriptor The path attribute with value [/Proyecto1] in deployment descriptor [C:\Users\User\Toms\apache-tomcat-10.1.13\conf\Catalina\localhost\Proyecto1.xml] has been ignored
19-Sep-2023 20:49:39.927 INFO [http-nio-8080-exec-133] org.apache.jasper.servlet.TldScanner.scanJars At least one JAR was scanned for TLDs yet contained no TLDs. Enable debug logging for this logger for a complete list of JARs that were scanned but no TLDs were found in them. Skipping unneeded JARs during scanning can improve startup time and JSP compilation time.
19-Sep-2023 20:49:39.930 INFO [http-nio-8080-exec-133] org.apache.catalina.startup.HostConfig.deployDescriptor Deployment of deployment descriptor [C:\Users\User\Toms\apache-tomcat-10.1.13\conf\Catalina\localhost\Proyecto1.xml] has finished in [454] ms
19-Sep-2023 20:49:39.932 INFO [http-nio-8080-exec-137] org.apache.catalina.util.LifecycleBase.start The start() method was called on component [StandardEngine[Catalina].StandardHost[localhost].StandardContext[/Proyecto1]] after start() had already been called. The second call will be ignored.
19-Sep-2023 20:52:50.315 WARNING [http-nio-8080-exec-145] org.apache.catalina.loader.WebappClassLoaderBase.clearReferencesJdbc The web application [Proyecto1] registered the JDBC driver [oracle.jdbc.OracleDriver] but failed to unregister it when the web application was stopped. To prevent a memory leak, the JDBC Driver has been forcibly unregistered.
19-Sep-2023 20:52:50.818 INFO [http-nio-8080-exec-145] org.apache.catalina.startup.HostConfig.undeploy Undeploying context [/Proyecto1]
19-Sep-2023 20:52:50.835 INFO [http-nio-8080-exec-146] org.apache.catalina.startup.HostConfig.deployDescriptor Deploying deployment descriptor [C:\Users\User\Toms\apache-tomcat-10.1.13\conf\Catalina\localhost\Proyecto1.xml]
19-Sep-2023 20:52:50.836 WARNING [http-nio-8080-exec-146] org.apache.catalina.startup.HostConfig.deployDescriptor The path attribute with value [/Proyecto1] in deployment descriptor [C:\Users\User\Toms\apache-tomcat-10.1.13\conf\Catalina\localhost\Proyecto1.xml] has been ignored
19-Sep-2023 20:52:51.264 INFO [http-nio-8080-exec-146] org.apache.jasper.servlet.TldScanner.scanJars At least one JAR was scanned for TLDs yet contained no TLDs. Enable debug logging for this logger for a complete list of JARs that were scanned but no TLDs were found in them. Skipping unneeded JARs during scanning can improve startup time and JSP compilation time.
19-Sep-2023 20:52:51.266 INFO [http-nio-8080-exec-146] org.apache.catalina.startup.HostConfig.deployDescriptor Deployment of deployment descriptor [C:\Users\User\Toms\apache-tomcat-10.1.13\conf\Catalina\localhost\Proyecto1.xml] has finished in [431] ms
19-Sep-2023 20:52:51.268 INFO [http-nio-8080-exec-141] org.apache.catalina.util.LifecycleBase.start The start() method was called on component [StandardEngine[Catalina].StandardHost[localhost].StandardContext[/Proyecto1]] after start() had already been called. The second call will be ignored.
19-Sep-2023 21:04:20.967 WARNING [http-nio-8080-exec-156] org.apache.catalina.loader.WebappClassLoaderBase.clearReferencesJdbc The web application [Proyecto1] registered the JDBC driver [oracle.jdbc.OracleDriver] but failed to unregister it when the web application was stopped. To prevent a memory leak, the JDBC Driver has been forcibly unregistered.
19-Sep-2023 21:04:21.483 INFO [http-nio-8080-exec-156] org.apache.catalina.startup.HostConfig.undeploy Undeploying context [/Proyecto1]
19-Sep-2023 21:04:21.507 INFO [http-nio-8080-exec-155] org.apache.catalina.startup.HostConfig.deployDescriptor Deploying deployment descriptor [C:\Users\User\Toms\apache-tomcat-10.1.13\conf\Catalina\localhost\Proyecto1.xml]
19-Sep-2023 21:04:21.507 WARNING [http-nio-8080-exec-155] org.apache.catalina.startup.HostConfig.deployDescriptor The path attribute with value [/Proyecto1] in deployment descriptor [C:\Users\User\Toms\apache-tomcat-10.1.13\conf\Catalina\localhost\Proyecto1.xml] has been ignored
19-Sep-2023 21:04:21.968 INFO [http-nio-8080-exec-155] org.apache.jasper.servlet.TldScanner.scanJars At least one JAR was scanned for TLDs yet contained no TLDs. Enable debug logging for this logger for a complete list of JARs that were scanned but no TLDs were found in them. Skipping unneeded JARs during scanning can improve startup time and JSP compilation time.
19-Sep-2023 21:04:21.970 INFO [http-nio-8080-exec-155] org.apache.catalina.startup.HostConfig.deployDescriptor Deployment of deployment descriptor [C:\Users\User\Toms\apache-tomcat-10.1.13\conf\Catalina\localhost\Proyecto1.xml] has finished in [462] ms
19-Sep-2023 21:04:21.971 INFO [http-nio-8080-exec-148] org.apache.catalina.util.LifecycleBase.start The start() method was called on component [StandardEngine[Catalina].StandardHost[localhost].StandardContext[/Proyecto1]] after start() had already been called. The second call will be ignored.
19-Sep-2023 22:06:53.269 WARNING [http-nio-8080-exec-166] org.apache.catalina.loader.WebappClassLoaderBase.clearReferencesJdbc The web application [Proyecto1] registered the JDBC driver [oracle.jdbc.OracleDriver] but failed to unregister it when the web application was stopped. To prevent a memory leak, the JDBC Driver has been forcibly unregistered.
19-Sep-2023 22:06:53.776 INFO [http-nio-8080-exec-166] org.apache.catalina.startup.HostConfig.undeploy Undeploying context [/Proyecto1]
19-Sep-2023 22:06:53.804 INFO [http-nio-8080-exec-162] org.apache.catalina.startup.HostConfig.deployDescriptor Deploying deployment descriptor [C:\Users\User\Toms\apache-tomcat-10.1.13\conf\Catalina\localhost\Proyecto1.xml]
19-Sep-2023 22:06:53.808 WARNING [http-nio-8080-exec-162] org.apache.catalina.startup.HostConfig.deployDescriptor The path attribute with value [/Proyecto1] in deployment descriptor [C:\Users\User\Toms\apache-tomcat-10.1.13\conf\Catalina\localhost\Proyecto1.xml] has been ignored
19-Sep-2023 22:06:54.397 INFO [http-nio-8080-exec-162] org.apache.jasper.servlet.TldScanner.scanJars At least one JAR was scanned for TLDs yet contained no TLDs. Enable debug logging for this logger for a complete list of JARs that were scanned but no TLDs were found in them. Skipping unneeded JARs during scanning can improve startup time and JSP compilation time.
19-Sep-2023 22:06:54.399 INFO [http-nio-8080-exec-162] org.apache.catalina.startup.HostConfig.deployDescriptor Deployment of deployment descriptor [C:\Users\User\Toms\apache-tomcat-10.1.13\conf\Catalina\localhost\Proyecto1.xml] has finished in [595] ms
19-Sep-2023 22:06:54.401 INFO [http-nio-8080-exec-163] org.apache.catalina.util.LifecycleBase.start The start() method was called on component [StandardEngine[Catalina].StandardHost[localhost].StandardContext[/Proyecto1]] after start() had already been called. The second call will be ignored.
19-Sep-2023 22:15:00.750 INFO [Catalina-utility-1] org.apache.catalina.startup.HostConfig.reload Reloading context [/Proyecto1]
19-Sep-2023 22:15:00.750 INFO [Catalina-utility-1] org.apache.catalina.core.StandardContext.reload Reloading Context with name [/Proyecto1] has started
19-Sep-2023 22:15:00.855 WARNING [Catalina-utility-1] org.apache.catalina.loader.WebappClassLoaderBase.clearReferencesJdbc The web application [Proyecto1] registered the JDBC driver [oracle.jdbc.OracleDriver] but failed to unregister it when the web application was stopped. To prevent a memory leak, the JDBC Driver has been forcibly unregistered.
19-Sep-2023 22:15:01.301 INFO [Catalina-utility-1] org.apache.jasper.servlet.TldScanner.scanJars At least one JAR was scanned for TLDs yet contained no TLDs. Enable debug logging for this logger for a complete list of JARs that were scanned but no TLDs were found in them. Skipping unneeded JARs during scanning can improve startup time and JSP compilation time.
19-Sep-2023 22:15:01.302 INFO [Catalina-utility-1] org.apache.catalina.core.StandardContext.reload Reloading Context with name [/Proyecto1] is completed
19-Sep-2023 22:24:11.954 INFO [Catalina-utility-2] org.apache.catalina.startup.HostConfig.reload Reloading context [/Proyecto1]
19-Sep-2023 22:24:11.954 INFO [Catalina-utility-2] org.apache.catalina.core.StandardContext.reload Reloading Context with name [/Proyecto1] has started
19-Sep-2023 22:24:12.479 INFO [Catalina-utility-2] org.apache.jasper.servlet.TldScanner.scanJars At least one JAR was scanned for TLDs yet contained no TLDs. Enable debug logging for this logger for a complete list of JARs that were scanned but no TLDs were found in them. Skipping unneeded JARs during scanning can improve startup time and JSP compilation time.
19-Sep-2023 22:24:12.481 INFO [Catalina-utility-2] org.apache.catalina.core.StandardContext.reload Reloading Context with name [/Proyecto1] is completed
19-Sep-2023 22:24:54.952 INFO [http-nio-8080-exec-178] org.apache.catalina.startup.HostConfig.undeploy Undeploying context [/Proyecto1]
19-Sep-2023 22:24:54.973 INFO [http-nio-8080-exec-181] org.apache.catalina.startup.HostConfig.deployDescriptor Deploying deployment descriptor [C:\Users\User\Toms\apache-tomcat-10.1.13\conf\Catalina\localhost\Proyecto1.xml]
19-Sep-2023 22:24:54.973 WARNING [http-nio-8080-exec-181] org.apache.catalina.startup.HostConfig.deployDescriptor The path attribute with value [/Proyecto1] in deployment descriptor [C:\Users\User\Toms\apache-tomcat-10.1.13\conf\Catalina\localhost\Proyecto1.xml] has been ignored
19-Sep-2023 22:24:55.433 INFO [http-nio-8080-exec-181] org.apache.jasper.servlet.TldScanner.scanJars At least one JAR was scanned for TLDs yet contained no TLDs. Enable debug logging for this logger for a complete list of JARs that were scanned but no TLDs were found in them. Skipping unneeded JARs during scanning can improve startup time and JSP compilation time.
19-Sep-2023 22:24:55.435 INFO [http-nio-8080-exec-181] org.apache.catalina.startup.HostConfig.deployDescriptor Deployment of deployment descriptor [C:\Users\User\Toms\apache-tomcat-10.1.13\conf\Catalina\localhost\Proyecto1.xml] has finished in [462] ms
19-Sep-2023 22:24:55.437 INFO [http-nio-8080-exec-175] org.apache.catalina.util.LifecycleBase.start The start() method was called on component [StandardEngine[Catalina].StandardHost[localhost].StandardContext[/Proyecto1]] after start() had already been called. The second call will be ignored.
19-Sep-2023 22:57:32.156 WARNING [http-nio-8080-exec-196] org.apache.catalina.loader.WebappClassLoaderBase.clearReferencesJdbc The web application [Proyecto1] registered the JDBC driver [oracle.jdbc.OracleDriver] but failed to unregister it when the web application was stopped. To prevent a memory leak, the JDBC Driver has been forcibly unregistered.
19-Sep-2023 22:57:32.664 INFO [http-nio-8080-exec-196] org.apache.catalina.startup.HostConfig.undeploy Undeploying context [/Proyecto1]
19-Sep-2023 22:57:32.685 INFO [http-nio-8080-exec-197] org.apache.catalina.startup.HostConfig.deployDescriptor Deploying deployment descriptor [C:\Users\User\Toms\apache-tomcat-10.1.13\conf\Catalina\localhost\Proyecto1.xml]
19-Sep-2023 22:57:32.685 WARNING [http-nio-8080-exec-197] org.apache.catalina.startup.HostConfig.deployDescriptor The path attribute with value [/Proyecto1] in deployment descriptor [C:\Users\User\Toms\apache-tomcat-10.1.13\conf\Catalina\localhost\Proyecto1.xml] has been ignored
19-Sep-2023 22:57:33.128 INFO [http-nio-8080-exec-197] org.apache.jasper.servlet.TldScanner.scanJars At least one JAR was scanned for TLDs yet contained no TLDs. Enable debug logging for this logger for a complete list of JARs that were scanned but no TLDs were found in them. Skipping unneeded JARs during scanning can improve startup time and JSP compilation time.
19-Sep-2023 22:57:33.131 INFO [http-nio-8080-exec-197] org.apache.catalina.startup.HostConfig.deployDescriptor Deployment of deployment descriptor [C:\Users\User\Toms\apache-tomcat-10.1.13\conf\Catalina\localhost\Proyecto1.xml] has finished in [445] ms
19-Sep-2023 22:57:33.132 INFO [http-nio-8080-exec-188] org.apache.catalina.util.LifecycleBase.start The start() method was called on component [StandardEngine[Catalina].StandardHost[localhost].StandardContext[/Proyecto1]] after start() had already been called. The second call will be ignored.
19-Sep-2023 23:01:54.382 INFO [Catalina-utility-1] org.apache.catalina.startup.HostConfig.reload Reloading context [/Proyecto1]
19-Sep-2023 23:01:54.382 INFO [Catalina-utility-1] org.apache.catalina.core.StandardContext.reload Reloading Context with name [/Proyecto1] has started
19-Sep-2023 23:01:54.476 WARNING [Catalina-utility-1] org.apache.catalina.loader.WebappClassLoaderBase.clearReferencesJdbc The web application [Proyecto1] registered the JDBC driver [oracle.jdbc.OracleDriver] but failed to unregister it when the web application was stopped. To prevent a memory leak, the JDBC Driver has been forcibly unregistered.
19-Sep-2023 23:01:54.946 INFO [Catalina-utility-1] org.apache.jasper.servlet.TldScanner.scanJars At least one JAR was scanned for TLDs yet contained no TLDs. Enable debug logging for this logger for a complete list of JARs that were scanned but no TLDs were found in them. Skipping unneeded JARs during scanning can improve startup time and JSP compilation time.
19-Sep-2023 23:01:54.948 INFO [Catalina-utility-1] org.apache.catalina.core.StandardContext.reload Reloading Context with name [/Proyecto1] is completed
19-Sep-2023 23:06:02.195 INFO [http-nio-8080-exec-201] org.apache.catalina.startup.HostConfig.undeploy Undeploying context [/Proyecto1]
19-Sep-2023 23:06:02.214 INFO [http-nio-8080-exec-211] org.apache.catalina.startup.HostConfig.deployDescriptor Deploying deployment descriptor [C:\Users\User\Toms\apache-tomcat-10.1.13\conf\Catalina\localhost\Proyecto1.xml]
19-Sep-2023 23:06:02.215 WARNING [http-nio-8080-exec-211] org.apache.catalina.startup.HostConfig.deployDescriptor The path attribute with value [/Proyecto1] in deployment descriptor [C:\Users\User\Toms\apache-tomcat-10.1.13\conf\Catalina\localhost\Proyecto1.xml] has been ignored
19-Sep-2023 23:06:02.676 INFO [http-nio-8080-exec-211] org.apache.jasper.servlet.TldScanner.scanJars At least one JAR was scanned for TLDs yet contained no TLDs. Enable debug logging for this logger for a complete list of JARs that were scanned but no TLDs were found in them. Skipping unneeded JARs during scanning can improve startup time and JSP compilation time.
19-Sep-2023 23:06:02.678 INFO [http-nio-8080-exec-211] org.apache.catalina.startup.HostConfig.deployDescriptor Deployment of deployment descriptor [C:\Users\User\Toms\apache-tomcat-10.1.13\conf\Catalina\localhost\Proyecto1.xml] has finished in [464] ms
19-Sep-2023 23:06:02.680 INFO [http-nio-8080-exec-212] org.apache.catalina.util.LifecycleBase.start The start() method was called on component [StandardEngine[Catalina].StandardHost[localhost].StandardContext[/Proyecto1]] after start() had already been called. The second call will be ignored.
19-Sep-2023 23:09:48.583 WARNING [http-nio-8080-exec-217] org.apache.catalina.loader.WebappClassLoaderBase.clearReferencesJdbc The web application [Proyecto1] registered the JDBC driver [oracle.jdbc.OracleDriver] but failed to unregister it when the web application was stopped. To prevent a memory leak, the JDBC Driver has been forcibly unregistered.
19-Sep-2023 23:09:49.091 INFO [http-nio-8080-exec-217] org.apache.catalina.startup.HostConfig.undeploy Undeploying context [/Proyecto1]
19-Sep-2023 23:09:49.113 INFO [http-nio-8080-exec-218] org.apache.catalina.startup.HostConfig.deployDescriptor Deploying deployment descriptor [C:\Users\User\Toms\apache-tomcat-10.1.13\conf\Catalina\localhost\Proyecto1.xml]
19-Sep-2023 23:09:49.113 WARNING [http-nio-8080-exec-218] org.apache.catalina.startup.HostConfig.deployDescriptor The path attribute with value [/Proyecto1] in deployment descriptor [C:\Users\User\Toms\apache-tomcat-10.1.13\conf\Catalina\localhost\Proyecto1.xml] has been ignored
19-Sep-2023 23:09:49.582 INFO [http-nio-8080-exec-218] org.apache.jasper.servlet.TldScanner.scanJars At least one JAR was scanned for TLDs yet contained no TLDs. Enable debug logging for this logger for a complete list of JARs that were scanned but no TLDs were found in them. Skipping unneeded JARs during scanning can improve startup time and JSP compilation time.
19-Sep-2023 23:09:49.584 INFO [http-nio-8080-exec-218] org.apache.catalina.startup.HostConfig.deployDescriptor Deployment of deployment descriptor [C:\Users\User\Toms\apache-tomcat-10.1.13\conf\Catalina\localhost\Proyecto1.xml] has finished in [471] ms
19-Sep-2023 23:09:49.586 INFO [http-nio-8080-exec-221] org.apache.catalina.util.LifecycleBase.start The start() method was called on component [StandardEngine[Catalina].StandardHost[localhost].StandardContext[/Proyecto1]] after start() had already been called. The second call will be ignored.
19-Sep-2023 23:12:23.713 WARNING [http-nio-8080-exec-231] org.apache.catalina.loader.WebappClassLoaderBase.clearReferencesJdbc The web application [Proyecto1] registered the JDBC driver [oracle.jdbc.OracleDriver] but failed to unregister it when the web application was stopped. To prevent a memory leak, the JDBC Driver has been forcibly unregistered.
19-Sep-2023 23:12:24.225 INFO [http-nio-8080-exec-231] org.apache.catalina.startup.HostConfig.undeploy Undeploying context [/Proyecto1]
19-Sep-2023 23:12:24.242 INFO [http-nio-8080-exec-224] org.apache.catalina.startup.HostConfig.deployDescriptor Deploying deployment descriptor [C:\Users\User\Toms\apache-tomcat-10.1.13\conf\Catalina\localhost\Proyecto1.xml]
19-Sep-2023 23:12:24.243 WARNING [http-nio-8080-exec-224] org.apache.catalina.startup.HostConfig.deployDescriptor The path attribute with value [/Proyecto1] in deployment descriptor [C:\Users\User\Toms\apache-tomcat-10.1.13\conf\Catalina\localhost\Proyecto1.xml] has been ignored
19-Sep-2023 23:12:24.689 INFO [http-nio-8080-exec-224] org.apache.jasper.servlet.TldScanner.scanJars At least one JAR was scanned for TLDs yet contained no TLDs. Enable debug logging for this logger for a complete list of JARs that were scanned but no TLDs were found in them. Skipping unneeded JARs during scanning can improve startup time and JSP compilation time.
19-Sep-2023 23:12:24.692 INFO [http-nio-8080-exec-224] org.apache.catalina.startup.HostConfig.deployDescriptor Deployment of deployment descriptor [C:\Users\User\Toms\apache-tomcat-10.1.13\conf\Catalina\localhost\Proyecto1.xml] has finished in [450] ms
19-Sep-2023 23:12:24.693 INFO [http-nio-8080-exec-229] org.apache.catalina.util.LifecycleBase.start The start() method was called on component [StandardEngine[Catalina].StandardHost[localhost].StandardContext[/Proyecto1]] after start() had already been called. The second call will be ignored.
19-Sep-2023 23:12:58.889 WARNING [http-nio-8080-exec-238] org.apache.catalina.loader.WebappClassLoaderBase.clearReferencesJdbc The web application [Proyecto1] registered the JDBC driver [oracle.jdbc.OracleDriver] but failed to unregister it when the web application was stopped. To prevent a memory leak, the JDBC Driver has been forcibly unregistered.
19-Sep-2023 23:12:59.405 INFO [http-nio-8080-exec-238] org.apache.catalina.startup.HostConfig.undeploy Undeploying context [/Proyecto1]
19-Sep-2023 23:12:59.422 INFO [http-nio-8080-exec-236] org.apache.catalina.startup.HostConfig.deployDescriptor Deploying deployment descriptor [C:\Users\User\Toms\apache-tomcat-10.1.13\conf\Catalina\localhost\Proyecto1.xml]
19-Sep-2023 23:12:59.423 WARNING [http-nio-8080-exec-236] org.apache.catalina.startup.HostConfig.deployDescriptor The path attribute with value [/Proyecto1] in deployment descriptor [C:\Users\User\Toms\apache-tomcat-10.1.13\conf\Catalina\localhost\Proyecto1.xml] has been ignored
19-Sep-2023 23:12:59.864 INFO [http-nio-8080-exec-236] org.apache.jasper.servlet.TldScanner.scanJars At least one JAR was scanned for TLDs yet contained no TLDs. Enable debug logging for this logger for a complete list of JARs that were scanned but no TLDs were found in them. Skipping unneeded JARs during scanning can improve startup time and JSP compilation time.
19-Sep-2023 23:12:59.866 INFO [http-nio-8080-exec-236] org.apache.catalina.startup.HostConfig.deployDescriptor Deployment of deployment descriptor [C:\Users\User\Toms\apache-tomcat-10.1.13\conf\Catalina\localhost\Proyecto1.xml] has finished in [444] ms
19-Sep-2023 23:12:59.868 INFO [http-nio-8080-exec-233] org.apache.catalina.util.LifecycleBase.start The start() method was called on component [StandardEngine[Catalina].StandardHost[localhost].StandardContext[/Proyecto1]] after start() had already been called. The second call will be ignored.
19-Sep-2023 23:38:54.925 WARNING [http-nio-8080-exec-244] org.apache.catalina.loader.WebappClassLoaderBase.clearReferencesJdbc The web application [Proyecto1] registered the JDBC driver [oracle.jdbc.OracleDriver] but failed to unregister it when the web application was stopped. To prevent a memory leak, the JDBC Driver has been forcibly unregistered.
19-Sep-2023 23:38:55.441 INFO [http-nio-8080-exec-244] org.apache.catalina.startup.HostConfig.undeploy Undeploying context [/Proyecto1]
19-Sep-2023 23:38:55.459 INFO [http-nio-8080-exec-243] org.apache.catalina.startup.HostConfig.deployDescriptor Deploying deployment descriptor [C:\Users\User\Toms\apache-tomcat-10.1.13\conf\Catalina\localhost\Proyecto1.xml]
19-Sep-2023 23:38:55.460 WARNING [http-nio-8080-exec-243] org.apache.catalina.startup.HostConfig.deployDescriptor The path attribute with value [/Proyecto1] in deployment descriptor [C:\Users\User\Toms\apache-tomcat-10.1.13\conf\Catalina\localhost\Proyecto1.xml] has been ignored
19-Sep-2023 23:38:55.908 INFO [http-nio-8080-exec-243] org.apache.jasper.servlet.TldScanner.scanJars At least one JAR was scanned for TLDs yet contained no TLDs. Enable debug logging for this logger for a complete list of JARs that were scanned but no TLDs were found in them. Skipping unneeded JARs during scanning can improve startup time and JSP compilation time.
19-Sep-2023 23:38:55.910 INFO [http-nio-8080-exec-243] org.apache.catalina.startup.HostConfig.deployDescriptor Deployment of deployment descriptor [C:\Users\User\Toms\apache-tomcat-10.1.13\conf\Catalina\localhost\Proyecto1.xml] has finished in [450] ms
19-Sep-2023 23:38:55.911 INFO [http-nio-8080-exec-249] org.apache.catalina.util.LifecycleBase.start The start() method was called on component [StandardEngine[Catalina].StandardHost[localhost].StandardContext[/Proyecto1]] after start() had already been called. The second call will be ignored.
