16-Sep-2023 15:46:29.335 INFO [main] org.apache.catalina.startup.VersionLoggerListener.log Server version name:   Apache Tomcat/10.1.13
16-Sep-2023 15:46:29.338 INFO [main] org.apache.catalina.startup.VersionLoggerListener.log Server built:          Aug 23 2023 21:34:59 UTC
16-Sep-2023 15:46:29.339 INFO [main] org.apache.catalina.startup.VersionLoggerListener.log Server version number: 10.1.13.0
16-Sep-2023 15:46:29.339 INFO [main] org.apache.catalina.startup.VersionLoggerListener.log OS Name:               Windows 10
16-Sep-2023 15:46:29.339 INFO [main] org.apache.catalina.startup.VersionLoggerListener.log OS Version:            10.0
16-Sep-2023 15:46:29.339 INFO [main] org.apache.catalina.startup.VersionLoggerListener.log Architecture:          amd64
16-Sep-2023 15:46:29.339 INFO [main] org.apache.catalina.startup.VersionLoggerListener.log Java Home:             C:\Program Files\Java\jdk-18.0.1.1
16-Sep-2023 15:46:29.339 INFO [main] org.apache.catalina.startup.VersionLoggerListener.log JVM Version:           18.0.1.1+2-6
16-Sep-2023 15:46:29.339 INFO [main] org.apache.catalina.startup.VersionLoggerListener.log JVM Vendor:            Oracle Corporation
16-Sep-2023 15:46:29.340 INFO [main] org.apache.catalina.startup.VersionLoggerListener.log CATALINA_BASE:         C:\Users\User\Toms\apache-tomcat-10.1.13
16-Sep-2023 15:46:29.340 INFO [main] org.apache.catalina.startup.VersionLoggerListener.log CATALINA_HOME:         C:\Users\User\Toms\apache-tomcat-10.1.13
16-Sep-2023 15:46:29.354 INFO [main] org.apache.catalina.startup.VersionLoggerListener.log Command line argument: -Djava.util.logging.config.file=C:\Users\User\Toms\apache-tomcat-10.1.13\conf\logging.properties
16-Sep-2023 15:46:29.354 INFO [main] org.apache.catalina.startup.VersionLoggerListener.log Command line argument: -Djava.util.logging.manager=org.apache.juli.ClassLoaderLogManager
16-Sep-2023 15:46:29.354 INFO [main] org.apache.catalina.startup.VersionLoggerListener.log Command line argument: -Djdk.tls.ephemeralDHKeySize=2048
16-Sep-2023 15:46:29.354 INFO [main] org.apache.catalina.startup.VersionLoggerListener.log Command line argument: -Djava.protocol.handler.pkgs=org.apache.catalina.webresources
16-Sep-2023 15:46:29.354 INFO [main] org.apache.catalina.startup.VersionLoggerListener.log Command line argument: --add-opens=java.base/java.lang=ALL-UNNAMED
16-Sep-2023 15:46:29.354 INFO [main] org.apache.catalina.startup.VersionLoggerListener.log Command line argument: --add-opens=java.base/java.io=ALL-UNNAMED
16-Sep-2023 15:46:29.355 INFO [main] org.apache.catalina.startup.VersionLoggerListener.log Command line argument: --add-opens=java.base/java.util=ALL-UNNAMED
16-Sep-2023 15:46:29.355 INFO [main] org.apache.catalina.startup.VersionLoggerListener.log Command line argument: --add-opens=java.base/java.util.concurrent=ALL-UNNAMED
16-Sep-2023 15:46:29.355 INFO [main] org.apache.catalina.startup.VersionLoggerListener.log Command line argument: --add-opens=java.rmi/sun.rmi.transport=ALL-UNNAMED
16-Sep-2023 15:46:29.355 INFO [main] org.apache.catalina.startup.VersionLoggerListener.log Command line argument: -Dcatalina.base=C:\Users\User\Toms\apache-tomcat-10.1.13
16-Sep-2023 15:46:29.355 INFO [main] org.apache.catalina.startup.VersionLoggerListener.log Command line argument: -Dcatalina.home=C:\Users\User\Toms\apache-tomcat-10.1.13
16-Sep-2023 15:46:29.355 INFO [main] org.apache.catalina.startup.VersionLoggerListener.log Command line argument: -Djava.io.tmpdir=C:\Users\User\Toms\apache-tomcat-10.1.13\temp
16-Sep-2023 15:46:29.395 INFO [main] org.apache.catalina.core.AprLifecycleListener.lifecycleEvent Loaded Apache Tomcat Native library [2.0.5] using APR version [1.7.4].
16-Sep-2023 15:46:29.423 INFO [main] org.apache.catalina.core.AprLifecycleListener.initializeSSL OpenSSL successfully initialized [OpenSSL 3.0.10 1 Aug 2023]
16-Sep-2023 15:46:29.659 INFO [main] org.apache.coyote.AbstractProtocol.init Initializing ProtocolHandler ["http-nio-8080"]
16-Sep-2023 15:46:29.685 INFO [main] org.apache.catalina.startup.Catalina.load Server initialization in [918] milliseconds
16-Sep-2023 15:46:29.730 INFO [main] org.apache.catalina.core.StandardService.startInternal Starting service [Catalina]
16-Sep-2023 15:46:29.730 INFO [main] org.apache.catalina.core.StandardEngine.startInternal Starting Servlet engine: [Apache Tomcat/10.1.13]
16-Sep-2023 15:46:29.739 INFO [main] org.apache.catalina.startup.HostConfig.deployDescriptor Deploying deployment descriptor [C:\Users\User\Toms\apache-tomcat-10.1.13\conf\Catalina\localhost\BD2ProyectoS2.xml]
16-Sep-2023 15:46:29.754 WARNING [main] org.apache.catalina.startup.HostConfig.deployDescriptor The path attribute with value [/BD2ProyectoS2] in deployment descriptor [C:\Users\User\Toms\apache-tomcat-10.1.13\conf\Catalina\localhost\BD2ProyectoS2.xml] has been ignored
16-Sep-2023 15:46:30.049 INFO [main] org.apache.catalina.startup.HostConfig.deployDescriptor Deployment of deployment descriptor [C:\Users\User\Toms\apache-tomcat-10.1.13\conf\Catalina\localhost\BD2ProyectoS2.xml] has finished in [309] ms
16-Sep-2023 15:46:30.049 INFO [main] org.apache.catalina.startup.HostConfig.deployDescriptor Deploying deployment descriptor [C:\Users\User\Toms\apache-tomcat-10.1.13\conf\Catalina\localhost\Proyecto1.xml]
16-Sep-2023 15:46:30.050 WARNING [main] org.apache.catalina.startup.HostConfig.deployDescriptor The path attribute with value [/Proyecto1] in deployment descriptor [C:\Users\User\Toms\apache-tomcat-10.1.13\conf\Catalina\localhost\Proyecto1.xml] has been ignored
16-Sep-2023 15:46:30.620 INFO [main] org.apache.jasper.servlet.TldScanner.scanJars At least one JAR was scanned for TLDs yet contained no TLDs. Enable debug logging for this logger for a complete list of JARs that were scanned but no TLDs were found in them. Skipping unneeded JARs during scanning can improve startup time and JSP compilation time.
16-Sep-2023 15:46:30.623 INFO [main] org.apache.catalina.startup.HostConfig.deployDescriptor Deployment of deployment descriptor [C:\Users\User\Toms\apache-tomcat-10.1.13\conf\Catalina\localhost\Proyecto1.xml] has finished in [574] ms
16-Sep-2023 15:46:30.623 INFO [main] org.apache.catalina.startup.HostConfig.deployDirectory Deploying web application directory [C:\Users\User\Toms\apache-tomcat-10.1.13\webapps\docs]
16-Sep-2023 15:46:30.652 INFO [main] org.apache.catalina.startup.HostConfig.deployDirectory Deployment of web application directory [C:\Users\User\Toms\apache-tomcat-10.1.13\webapps\docs] has finished in [28] ms
16-Sep-2023 15:46:30.652 INFO [main] org.apache.catalina.startup.HostConfig.deployDirectory Deploying web application directory [C:\Users\User\Toms\apache-tomcat-10.1.13\webapps\examples]
16-Sep-2023 15:46:31.098 INFO [main] org.apache.catalina.startup.HostConfig.deployDirectory Deployment of web application directory [C:\Users\User\Toms\apache-tomcat-10.1.13\webapps\examples] has finished in [446] ms
16-Sep-2023 15:46:31.099 INFO [main] org.apache.catalina.startup.HostConfig.deployDirectory Deploying web application directory [C:\Users\User\Toms\apache-tomcat-10.1.13\webapps\host-manager]
16-Sep-2023 15:46:31.135 INFO [main] org.apache.catalina.startup.HostConfig.deployDirectory Deployment of web application directory [C:\Users\User\Toms\apache-tomcat-10.1.13\webapps\host-manager] has finished in [36] ms
16-Sep-2023 15:46:31.173 INFO [main] org.apache.catalina.startup.HostConfig.deployDirectory Deploying web application directory [C:\Users\User\Toms\apache-tomcat-10.1.13\webapps\manager]
16-Sep-2023 15:46:31.207 INFO [main] org.apache.catalina.startup.HostConfig.deployDirectory Deployment of web application directory [C:\Users\User\Toms\apache-tomcat-10.1.13\webapps\manager] has finished in [34] ms
16-Sep-2023 15:46:31.207 INFO [main] org.apache.catalina.startup.HostConfig.deployDirectory Deploying web application directory [C:\Users\User\Toms\apache-tomcat-10.1.13\webapps\ROOT]
16-Sep-2023 15:46:31.227 INFO [main] org.apache.catalina.startup.HostConfig.deployDirectory Deployment of web application directory [C:\Users\User\Toms\apache-tomcat-10.1.13\webapps\ROOT] has finished in [20] ms
16-Sep-2023 15:46:31.230 INFO [main] org.apache.coyote.AbstractProtocol.start Starting ProtocolHandler ["http-nio-8080"]
16-Sep-2023 15:46:31.273 INFO [main] org.apache.catalina.startup.Catalina.start Server startup in [1587] milliseconds
16-Sep-2023 15:46:33.880 INFO [http-nio-8080-exec-9] org.apache.catalina.startup.HostConfig.undeploy Undeploying context [/Proyecto1]
16-Sep-2023 15:46:33.908 INFO [http-nio-8080-exec-3] org.apache.catalina.startup.HostConfig.deployDescriptor Deploying deployment descriptor [C:\Users\User\Toms\apache-tomcat-10.1.13\conf\Catalina\localhost\Proyecto1.xml]
16-Sep-2023 15:46:33.909 WARNING [http-nio-8080-exec-3] org.apache.catalina.startup.HostConfig.deployDescriptor The path attribute with value [/Proyecto1] in deployment descriptor [C:\Users\User\Toms\apache-tomcat-10.1.13\conf\Catalina\localhost\Proyecto1.xml] has been ignored
16-Sep-2023 15:46:34.314 INFO [http-nio-8080-exec-3] org.apache.jasper.servlet.TldScanner.scanJars At least one JAR was scanned for TLDs yet contained no TLDs. Enable debug logging for this logger for a complete list of JARs that were scanned but no TLDs were found in them. Skipping unneeded JARs during scanning can improve startup time and JSP compilation time.
16-Sep-2023 15:46:34.317 INFO [http-nio-8080-exec-3] org.apache.catalina.startup.HostConfig.deployDescriptor Deployment of deployment descriptor [C:\Users\User\Toms\apache-tomcat-10.1.13\conf\Catalina\localhost\Proyecto1.xml] has finished in [409] ms
16-Sep-2023 15:46:34.320 INFO [http-nio-8080-exec-2] org.apache.catalina.util.LifecycleBase.start The start() method was called on component [StandardEngine[Catalina].StandardHost[localhost].StandardContext[/Proyecto1]] after start() had already been called. The second call will be ignored.
16-Sep-2023 15:47:05.335 INFO [http-nio-8080-exec-13] org.apache.catalina.startup.HostConfig.undeploy Undeploying context [/Proyecto1]
16-Sep-2023 15:47:05.347 INFO [http-nio-8080-exec-8] org.apache.catalina.startup.HostConfig.deployDescriptor Deploying deployment descriptor [C:\Users\User\Toms\apache-tomcat-10.1.13\conf\Catalina\localhost\Proyecto1.xml]
16-Sep-2023 15:47:05.347 WARNING [http-nio-8080-exec-8] org.apache.catalina.startup.HostConfig.deployDescriptor The path attribute with value [/Proyecto1] in deployment descriptor [C:\Users\User\Toms\apache-tomcat-10.1.13\conf\Catalina\localhost\Proyecto1.xml] has been ignored
16-Sep-2023 15:47:05.722 INFO [http-nio-8080-exec-8] org.apache.jasper.servlet.TldScanner.scanJars At least one JAR was scanned for TLDs yet contained no TLDs. Enable debug logging for this logger for a complete list of JARs that were scanned but no TLDs were found in them. Skipping unneeded JARs during scanning can improve startup time and JSP compilation time.
16-Sep-2023 15:47:05.724 INFO [http-nio-8080-exec-8] org.apache.catalina.startup.HostConfig.deployDescriptor Deployment of deployment descriptor [C:\Users\User\Toms\apache-tomcat-10.1.13\conf\Catalina\localhost\Proyecto1.xml] has finished in [377] ms
16-Sep-2023 15:47:05.727 INFO [http-nio-8080-exec-6] org.apache.catalina.util.LifecycleBase.start The start() method was called on component [StandardEngine[Catalina].StandardHost[localhost].StandardContext[/Proyecto1]] after start() had already been called. The second call will be ignored.
16-Sep-2023 15:47:51.928 INFO [http-nio-8080-exec-1] org.apache.catalina.startup.HostConfig.undeploy Undeploying context [/Proyecto1]
16-Sep-2023 15:47:51.939 INFO [http-nio-8080-exec-14] org.apache.catalina.startup.HostConfig.deployDescriptor Deploying deployment descriptor [C:\Users\User\Toms\apache-tomcat-10.1.13\conf\Catalina\localhost\Proyecto1.xml]
16-Sep-2023 15:47:51.940 WARNING [http-nio-8080-exec-14] org.apache.catalina.startup.HostConfig.deployDescriptor The path attribute with value [/Proyecto1] in deployment descriptor [C:\Users\User\Toms\apache-tomcat-10.1.13\conf\Catalina\localhost\Proyecto1.xml] has been ignored
16-Sep-2023 15:47:52.310 INFO [http-nio-8080-exec-14] org.apache.jasper.servlet.TldScanner.scanJars At least one JAR was scanned for TLDs yet contained no TLDs. Enable debug logging for this logger for a complete list of JARs that were scanned but no TLDs were found in them. Skipping unneeded JARs during scanning can improve startup time and JSP compilation time.
16-Sep-2023 15:47:52.313 INFO [http-nio-8080-exec-14] org.apache.catalina.startup.HostConfig.deployDescriptor Deployment of deployment descriptor [C:\Users\User\Toms\apache-tomcat-10.1.13\conf\Catalina\localhost\Proyecto1.xml] has finished in [374] ms
16-Sep-2023 15:47:52.316 INFO [http-nio-8080-exec-11] org.apache.catalina.util.LifecycleBase.start The start() method was called on component [StandardEngine[Catalina].StandardHost[localhost].StandardContext[/Proyecto1]] after start() had already been called. The second call will be ignored.
16-Sep-2023 15:48:10.959 INFO [http-nio-8080-exec-8] org.apache.catalina.startup.HostConfig.undeploy Undeploying context [/Proyecto1]
16-Sep-2023 15:48:10.970 INFO [http-nio-8080-exec-11] org.apache.catalina.startup.HostConfig.deployDescriptor Deploying deployment descriptor [C:\Users\User\Toms\apache-tomcat-10.1.13\conf\Catalina\localhost\Proyecto1.xml]
16-Sep-2023 15:48:10.971 WARNING [http-nio-8080-exec-11] org.apache.catalina.startup.HostConfig.deployDescriptor The path attribute with value [/Proyecto1] in deployment descriptor [C:\Users\User\Toms\apache-tomcat-10.1.13\conf\Catalina\localhost\Proyecto1.xml] has been ignored
16-Sep-2023 15:48:11.328 INFO [http-nio-8080-exec-11] org.apache.jasper.servlet.TldScanner.scanJars At least one JAR was scanned for TLDs yet contained no TLDs. Enable debug logging for this logger for a complete list of JARs that were scanned but no TLDs were found in them. Skipping unneeded JARs during scanning can improve startup time and JSP compilation time.
16-Sep-2023 15:48:11.331 INFO [http-nio-8080-exec-11] org.apache.catalina.startup.HostConfig.deployDescriptor Deployment of deployment descriptor [C:\Users\User\Toms\apache-tomcat-10.1.13\conf\Catalina\localhost\Proyecto1.xml] has finished in [361] ms
16-Sep-2023 15:48:11.333 INFO [http-nio-8080-exec-19] org.apache.catalina.util.LifecycleBase.start The start() method was called on component [StandardEngine[Catalina].StandardHost[localhost].StandardContext[/Proyecto1]] after start() had already been called. The second call will be ignored.
16-Sep-2023 15:52:18.972 INFO [http-nio-8080-exec-27] org.apache.catalina.startup.HostConfig.undeploy Undeploying context [/Proyecto1]
16-Sep-2023 15:52:18.983 INFO [http-nio-8080-exec-22] org.apache.catalina.startup.HostConfig.deployDescriptor Deploying deployment descriptor [C:\Users\User\Toms\apache-tomcat-10.1.13\conf\Catalina\localhost\Proyecto1.xml]
16-Sep-2023 15:52:18.984 WARNING [http-nio-8080-exec-22] org.apache.catalina.startup.HostConfig.deployDescriptor The path attribute with value [/Proyecto1] in deployment descriptor [C:\Users\User\Toms\apache-tomcat-10.1.13\conf\Catalina\localhost\Proyecto1.xml] has been ignored
16-Sep-2023 15:52:19.341 INFO [http-nio-8080-exec-22] org.apache.jasper.servlet.TldScanner.scanJars At least one JAR was scanned for TLDs yet contained no TLDs. Enable debug logging for this logger for a complete list of JARs that were scanned but no TLDs were found in them. Skipping unneeded JARs during scanning can improve startup time and JSP compilation time.
16-Sep-2023 15:52:19.344 INFO [http-nio-8080-exec-22] org.apache.catalina.startup.HostConfig.deployDescriptor Deployment of deployment descriptor [C:\Users\User\Toms\apache-tomcat-10.1.13\conf\Catalina\localhost\Proyecto1.xml] has finished in [360] ms
16-Sep-2023 15:52:19.346 INFO [http-nio-8080-exec-30] org.apache.catalina.util.LifecycleBase.start The start() method was called on component [StandardEngine[Catalina].StandardHost[localhost].StandardContext[/Proyecto1]] after start() had already been called. The second call will be ignored.
16-Sep-2023 15:53:21.700 INFO [http-nio-8080-exec-37] org.apache.catalina.startup.HostConfig.undeploy Undeploying context [/Proyecto1]
16-Sep-2023 15:53:22.207 INFO [Catalina-utility-2] org.apache.catalina.startup.HostConfig.undeploy Undeploying context [/Proyecto1]
16-Sep-2023 15:53:34.519 INFO [http-nio-8080-exec-22] org.apache.catalina.startup.HostConfig.deployDescriptor Deploying deployment descriptor [C:\Users\User\Toms\apache-tomcat-10.1.13\conf\Catalina\localhost\Proyecto1.xml]
16-Sep-2023 15:53:34.519 WARNING [http-nio-8080-exec-22] org.apache.catalina.startup.HostConfig.deployDescriptor The path attribute with value [/Proyecto1] in deployment descriptor [C:\Users\User\Toms\apache-tomcat-10.1.13\conf\Catalina\localhost\Proyecto1.xml] has been ignored
16-Sep-2023 15:53:34.876 INFO [http-nio-8080-exec-22] org.apache.jasper.servlet.TldScanner.scanJars At least one JAR was scanned for TLDs yet contained no TLDs. Enable debug logging for this logger for a complete list of JARs that were scanned but no TLDs were found in them. Skipping unneeded JARs during scanning can improve startup time and JSP compilation time.
16-Sep-2023 15:53:34.879 INFO [http-nio-8080-exec-22] org.apache.catalina.startup.HostConfig.deployDescriptor Deployment of deployment descriptor [C:\Users\User\Toms\apache-tomcat-10.1.13\conf\Catalina\localhost\Proyecto1.xml] has finished in [360] ms
16-Sep-2023 15:53:34.880 INFO [http-nio-8080-exec-39] org.apache.catalina.util.LifecycleBase.start The start() method was called on component [StandardEngine[Catalina].StandardHost[localhost].StandardContext[/Proyecto1]] after start() had already been called. The second call will be ignored.
16-Sep-2023 16:02:11.402 INFO [http-nio-8080-exec-45] org.apache.catalina.startup.HostConfig.undeploy Undeploying context [/Proyecto1]
16-Sep-2023 16:02:11.414 INFO [http-nio-8080-exec-46] org.apache.catalina.startup.HostConfig.deployDescriptor Deploying deployment descriptor [C:\Users\User\Toms\apache-tomcat-10.1.13\conf\Catalina\localhost\Proyecto1.xml]
16-Sep-2023 16:02:11.415 WARNING [http-nio-8080-exec-46] org.apache.catalina.startup.HostConfig.deployDescriptor The path attribute with value [/Proyecto1] in deployment descriptor [C:\Users\User\Toms\apache-tomcat-10.1.13\conf\Catalina\localhost\Proyecto1.xml] has been ignored
16-Sep-2023 16:02:11.773 INFO [http-nio-8080-exec-46] org.apache.jasper.servlet.TldScanner.scanJars At least one JAR was scanned for TLDs yet contained no TLDs. Enable debug logging for this logger for a complete list of JARs that were scanned but no TLDs were found in them. Skipping unneeded JARs during scanning can improve startup time and JSP compilation time.
16-Sep-2023 16:02:11.775 INFO [http-nio-8080-exec-46] org.apache.catalina.startup.HostConfig.deployDescriptor Deployment of deployment descriptor [C:\Users\User\Toms\apache-tomcat-10.1.13\conf\Catalina\localhost\Proyecto1.xml] has finished in [361] ms
16-Sep-2023 16:02:11.777 INFO [http-nio-8080-exec-48] org.apache.catalina.util.LifecycleBase.start The start() method was called on component [StandardEngine[Catalina].StandardHost[localhost].StandardContext[/Proyecto1]] after start() had already been called. The second call will be ignored.
16-Sep-2023 16:03:44.748 WARNING [http-nio-8080-exec-40] org.apache.catalina.loader.WebappClassLoaderBase.clearReferencesJdbc The web application [Proyecto1] registered the JDBC driver [oracle.jdbc.OracleDriver] but failed to unregister it when the web application was stopped. To prevent a memory leak, the JDBC Driver has been forcibly unregistered.
16-Sep-2023 16:03:45.259 INFO [http-nio-8080-exec-40] org.apache.catalina.startup.HostConfig.undeploy Undeploying context [/Proyecto1]
16-Sep-2023 16:03:45.269 INFO [http-nio-8080-exec-50] org.apache.catalina.startup.HostConfig.deployDescriptor Deploying deployment descriptor [C:\Users\User\Toms\apache-tomcat-10.1.13\conf\Catalina\localhost\Proyecto1.xml]
16-Sep-2023 16:03:45.270 WARNING [http-nio-8080-exec-50] org.apache.catalina.startup.HostConfig.deployDescriptor The path attribute with value [/Proyecto1] in deployment descriptor [C:\Users\User\Toms\apache-tomcat-10.1.13\conf\Catalina\localhost\Proyecto1.xml] has been ignored
16-Sep-2023 16:03:45.623 INFO [http-nio-8080-exec-50] org.apache.jasper.servlet.TldScanner.scanJars At least one JAR was scanned for TLDs yet contained no TLDs. Enable debug logging for this logger for a complete list of JARs that were scanned but no TLDs were found in them. Skipping unneeded JARs during scanning can improve startup time and JSP compilation time.
16-Sep-2023 16:03:45.625 INFO [http-nio-8080-exec-50] org.apache.catalina.startup.HostConfig.deployDescriptor Deployment of deployment descriptor [C:\Users\User\Toms\apache-tomcat-10.1.13\conf\Catalina\localhost\Proyecto1.xml] has finished in [355] ms
16-Sep-2023 16:03:45.626 INFO [http-nio-8080-exec-51] org.apache.catalina.util.LifecycleBase.start The start() method was called on component [StandardEngine[Catalina].StandardHost[localhost].StandardContext[/Proyecto1]] after start() had already been called. The second call will be ignored.
16-Sep-2023 16:07:00.794 WARNING [http-nio-8080-exec-64] org.apache.catalina.loader.WebappClassLoaderBase.clearReferencesJdbc The web application [Proyecto1] registered the JDBC driver [oracle.jdbc.OracleDriver] but failed to unregister it when the web application was stopped. To prevent a memory leak, the JDBC Driver has been forcibly unregistered.
16-Sep-2023 16:07:01.296 INFO [http-nio-8080-exec-64] org.apache.catalina.startup.HostConfig.undeploy Undeploying context [/Proyecto1]
16-Sep-2023 16:07:01.307 INFO [http-nio-8080-exec-62] org.apache.catalina.startup.HostConfig.deployDescriptor Deploying deployment descriptor [C:\Users\User\Toms\apache-tomcat-10.1.13\conf\Catalina\localhost\Proyecto1.xml]
16-Sep-2023 16:07:01.308 WARNING [http-nio-8080-exec-62] org.apache.catalina.startup.HostConfig.deployDescriptor The path attribute with value [/Proyecto1] in deployment descriptor [C:\Users\User\Toms\apache-tomcat-10.1.13\conf\Catalina\localhost\Proyecto1.xml] has been ignored
16-Sep-2023 16:07:01.643 INFO [http-nio-8080-exec-62] org.apache.jasper.servlet.TldScanner.scanJars At least one JAR was scanned for TLDs yet contained no TLDs. Enable debug logging for this logger for a complete list of JARs that were scanned but no TLDs were found in them. Skipping unneeded JARs during scanning can improve startup time and JSP compilation time.
16-Sep-2023 16:07:01.645 INFO [http-nio-8080-exec-62] org.apache.catalina.startup.HostConfig.deployDescriptor Deployment of deployment descriptor [C:\Users\User\Toms\apache-tomcat-10.1.13\conf\Catalina\localhost\Proyecto1.xml] has finished in [338] ms
16-Sep-2023 16:07:01.647 INFO [http-nio-8080-exec-61] org.apache.catalina.util.LifecycleBase.start The start() method was called on component [StandardEngine[Catalina].StandardHost[localhost].StandardContext[/Proyecto1]] after start() had already been called. The second call will be ignored.
16-Sep-2023 16:07:56.498 WARNING [http-nio-8080-exec-62] org.apache.catalina.loader.WebappClassLoaderBase.clearReferencesJdbc The web application [Proyecto1] registered the JDBC driver [oracle.jdbc.OracleDriver] but failed to unregister it when the web application was stopped. To prevent a memory leak, the JDBC Driver has been forcibly unregistered.
16-Sep-2023 16:07:57.008 INFO [http-nio-8080-exec-62] org.apache.catalina.startup.HostConfig.undeploy Undeploying context [/Proyecto1]
16-Sep-2023 16:07:57.018 INFO [http-nio-8080-exec-66] org.apache.catalina.startup.HostConfig.deployDescriptor Deploying deployment descriptor [C:\Users\User\Toms\apache-tomcat-10.1.13\conf\Catalina\localhost\Proyecto1.xml]
16-Sep-2023 16:07:57.019 WARNING [http-nio-8080-exec-66] org.apache.catalina.startup.HostConfig.deployDescriptor The path attribute with value [/Proyecto1] in deployment descriptor [C:\Users\User\Toms\apache-tomcat-10.1.13\conf\Catalina\localhost\Proyecto1.xml] has been ignored
16-Sep-2023 16:07:57.351 INFO [http-nio-8080-exec-66] org.apache.jasper.servlet.TldScanner.scanJars At least one JAR was scanned for TLDs yet contained no TLDs. Enable debug logging for this logger for a complete list of JARs that were scanned but no TLDs were found in them. Skipping unneeded JARs during scanning can improve startup time and JSP compilation time.
16-Sep-2023 16:07:57.353 INFO [http-nio-8080-exec-66] org.apache.catalina.startup.HostConfig.deployDescriptor Deployment of deployment descriptor [C:\Users\User\Toms\apache-tomcat-10.1.13\conf\Catalina\localhost\Proyecto1.xml] has finished in [335] ms
16-Sep-2023 16:07:57.355 INFO [http-nio-8080-exec-71] org.apache.catalina.util.LifecycleBase.start The start() method was called on component [StandardEngine[Catalina].StandardHost[localhost].StandardContext[/Proyecto1]] after start() had already been called. The second call will be ignored.
16-Sep-2023 17:11:42.251 WARNING [http-nio-8080-exec-80] org.apache.catalina.loader.WebappClassLoaderBase.clearReferencesJdbc The web application [Proyecto1] registered the JDBC driver [oracle.jdbc.OracleDriver] but failed to unregister it when the web application was stopped. To prevent a memory leak, the JDBC Driver has been forcibly unregistered.
16-Sep-2023 17:11:42.761 INFO [http-nio-8080-exec-80] org.apache.catalina.startup.HostConfig.undeploy Undeploying context [/Proyecto1]
16-Sep-2023 17:11:42.778 INFO [http-nio-8080-exec-75] org.apache.catalina.startup.HostConfig.deployDescriptor Deploying deployment descriptor [C:\Users\User\Toms\apache-tomcat-10.1.13\conf\Catalina\localhost\Proyecto1.xml]
16-Sep-2023 17:11:42.779 WARNING [http-nio-8080-exec-75] org.apache.catalina.startup.HostConfig.deployDescriptor The path attribute with value [/Proyecto1] in deployment descriptor [C:\Users\User\Toms\apache-tomcat-10.1.13\conf\Catalina\localhost\Proyecto1.xml] has been ignored
16-Sep-2023 17:11:43.125 INFO [http-nio-8080-exec-75] org.apache.jasper.servlet.TldScanner.scanJars At least one JAR was scanned for TLDs yet contained no TLDs. Enable debug logging for this logger for a complete list of JARs that were scanned but no TLDs were found in them. Skipping unneeded JARs during scanning can improve startup time and JSP compilation time.
16-Sep-2023 17:11:43.129 INFO [http-nio-8080-exec-75] org.apache.catalina.startup.HostConfig.deployDescriptor Deployment of deployment descriptor [C:\Users\User\Toms\apache-tomcat-10.1.13\conf\Catalina\localhost\Proyecto1.xml] has finished in [350] ms
16-Sep-2023 17:11:43.130 INFO [http-nio-8080-exec-76] org.apache.catalina.util.LifecycleBase.start The start() method was called on component [StandardEngine[Catalina].StandardHost[localhost].StandardContext[/Proyecto1]] after start() had already been called. The second call will be ignored.
16-Sep-2023 17:11:57.171 INFO [http-nio-8080-exec-74] org.apache.catalina.startup.HostConfig.undeploy Undeploying context [/Proyecto1]
16-Sep-2023 17:11:57.182 INFO [http-nio-8080-exec-76] org.apache.catalina.startup.HostConfig.deployDescriptor Deploying deployment descriptor [C:\Users\User\Toms\apache-tomcat-10.1.13\conf\Catalina\localhost\Proyecto1.xml]
16-Sep-2023 17:11:57.183 WARNING [http-nio-8080-exec-76] org.apache.catalina.startup.HostConfig.deployDescriptor The path attribute with value [/Proyecto1] in deployment descriptor [C:\Users\User\Toms\apache-tomcat-10.1.13\conf\Catalina\localhost\Proyecto1.xml] has been ignored
16-Sep-2023 17:11:57.526 INFO [http-nio-8080-exec-76] org.apache.jasper.servlet.TldScanner.scanJars At least one JAR was scanned for TLDs yet contained no TLDs. Enable debug logging for this logger for a complete list of JARs that were scanned but no TLDs were found in them. Skipping unneeded JARs during scanning can improve startup time and JSP compilation time.
16-Sep-2023 17:11:57.529 INFO [http-nio-8080-exec-76] org.apache.catalina.startup.HostConfig.deployDescriptor Deployment of deployment descriptor [C:\Users\User\Toms\apache-tomcat-10.1.13\conf\Catalina\localhost\Proyecto1.xml] has finished in [346] ms
16-Sep-2023 17:11:57.531 INFO [http-nio-8080-exec-81] org.apache.catalina.util.LifecycleBase.start The start() method was called on component [StandardEngine[Catalina].StandardHost[localhost].StandardContext[/Proyecto1]] after start() had already been called. The second call will be ignored.
16-Sep-2023 17:17:03.349 WARNING [http-nio-8080-exec-92] org.apache.catalina.loader.WebappClassLoaderBase.clearReferencesJdbc The web application [Proyecto1] registered the JDBC driver [oracle.jdbc.OracleDriver] but failed to unregister it when the web application was stopped. To prevent a memory leak, the JDBC Driver has been forcibly unregistered.
16-Sep-2023 17:17:03.853 INFO [http-nio-8080-exec-92] org.apache.catalina.startup.HostConfig.undeploy Undeploying context [/Proyecto1]
16-Sep-2023 17:17:03.865 INFO [http-nio-8080-exec-85] org.apache.catalina.startup.HostConfig.deployDescriptor Deploying deployment descriptor [C:\Users\User\Toms\apache-tomcat-10.1.13\conf\Catalina\localhost\Proyecto1.xml]
16-Sep-2023 17:17:03.865 WARNING [http-nio-8080-exec-85] org.apache.catalina.startup.HostConfig.deployDescriptor The path attribute with value [/Proyecto1] in deployment descriptor [C:\Users\User\Toms\apache-tomcat-10.1.13\conf\Catalina\localhost\Proyecto1.xml] has been ignored
16-Sep-2023 17:17:04.224 INFO [http-nio-8080-exec-85] org.apache.jasper.servlet.TldScanner.scanJars At least one JAR was scanned for TLDs yet contained no TLDs. Enable debug logging for this logger for a complete list of JARs that were scanned but no TLDs were found in them. Skipping unneeded JARs during scanning can improve startup time and JSP compilation time.
16-Sep-2023 17:17:04.226 INFO [http-nio-8080-exec-85] org.apache.catalina.startup.HostConfig.deployDescriptor Deployment of deployment descriptor [C:\Users\User\Toms\apache-tomcat-10.1.13\conf\Catalina\localhost\Proyecto1.xml] has finished in [361] ms
16-Sep-2023 17:17:04.228 INFO [http-nio-8080-exec-87] org.apache.catalina.util.LifecycleBase.start The start() method was called on component [StandardEngine[Catalina].StandardHost[localhost].StandardContext[/Proyecto1]] after start() had already been called. The second call will be ignored.
16-Sep-2023 17:20:43.242 WARNING [http-nio-8080-exec-97] org.apache.catalina.loader.WebappClassLoaderBase.clearReferencesJdbc The web application [Proyecto1] registered the JDBC driver [oracle.jdbc.OracleDriver] but failed to unregister it when the web application was stopped. To prevent a memory leak, the JDBC Driver has been forcibly unregistered.
16-Sep-2023 17:20:43.746 INFO [http-nio-8080-exec-97] org.apache.catalina.startup.HostConfig.undeploy Undeploying context [/Proyecto1]
16-Sep-2023 17:20:43.758 INFO [http-nio-8080-exec-102] org.apache.catalina.startup.HostConfig.deployDescriptor Deploying deployment descriptor [C:\Users\User\Toms\apache-tomcat-10.1.13\conf\Catalina\localhost\Proyecto1.xml]
16-Sep-2023 17:20:43.758 WARNING [http-nio-8080-exec-102] org.apache.catalina.startup.HostConfig.deployDescriptor The path attribute with value [/Proyecto1] in deployment descriptor [C:\Users\User\Toms\apache-tomcat-10.1.13\conf\Catalina\localhost\Proyecto1.xml] has been ignored
16-Sep-2023 17:20:44.099 INFO [http-nio-8080-exec-102] org.apache.jasper.servlet.TldScanner.scanJars At least one JAR was scanned for TLDs yet contained no TLDs. Enable debug logging for this logger for a complete list of JARs that were scanned but no TLDs were found in them. Skipping unneeded JARs during scanning can improve startup time and JSP compilation time.
16-Sep-2023 17:20:44.101 INFO [http-nio-8080-exec-102] org.apache.catalina.startup.HostConfig.deployDescriptor Deployment of deployment descriptor [C:\Users\User\Toms\apache-tomcat-10.1.13\conf\Catalina\localhost\Proyecto1.xml] has finished in [344] ms
16-Sep-2023 17:20:44.103 INFO [http-nio-8080-exec-98] org.apache.catalina.util.LifecycleBase.start The start() method was called on component [StandardEngine[Catalina].StandardHost[localhost].StandardContext[/Proyecto1]] after start() had already been called. The second call will be ignored.
16-Sep-2023 17:21:58.181 WARNING [http-nio-8080-exec-109] org.apache.catalina.loader.WebappClassLoaderBase.clearReferencesJdbc The web application [Proyecto1] registered the JDBC driver [oracle.jdbc.OracleDriver] but failed to unregister it when the web application was stopped. To prevent a memory leak, the JDBC Driver has been forcibly unregistered.
16-Sep-2023 17:21:58.686 INFO [http-nio-8080-exec-109] org.apache.catalina.startup.HostConfig.undeploy Undeploying context [/Proyecto1]
16-Sep-2023 17:21:58.697 INFO [http-nio-8080-exec-106] org.apache.catalina.startup.HostConfig.deployDescriptor Deploying deployment descriptor [C:\Users\User\Toms\apache-tomcat-10.1.13\conf\Catalina\localhost\Proyecto1.xml]
16-Sep-2023 17:21:58.698 WARNING [http-nio-8080-exec-106] org.apache.catalina.startup.HostConfig.deployDescriptor The path attribute with value [/Proyecto1] in deployment descriptor [C:\Users\User\Toms\apache-tomcat-10.1.13\conf\Catalina\localhost\Proyecto1.xml] has been ignored
16-Sep-2023 17:21:59.026 INFO [http-nio-8080-exec-106] org.apache.jasper.servlet.TldScanner.scanJars At least one JAR was scanned for TLDs yet contained no TLDs. Enable debug logging for this logger for a complete list of JARs that were scanned but no TLDs were found in them. Skipping unneeded JARs during scanning can improve startup time and JSP compilation time.
16-Sep-2023 17:21:59.028 INFO [http-nio-8080-exec-106] org.apache.catalina.startup.HostConfig.deployDescriptor Deployment of deployment descriptor [C:\Users\User\Toms\apache-tomcat-10.1.13\conf\Catalina\localhost\Proyecto1.xml] has finished in [331] ms
16-Sep-2023 17:21:59.030 INFO [http-nio-8080-exec-107] org.apache.catalina.util.LifecycleBase.start The start() method was called on component [StandardEngine[Catalina].StandardHost[localhost].StandardContext[/Proyecto1]] after start() had already been called. The second call will be ignored.
16-Sep-2023 17:24:21.337 WARNING [http-nio-8080-exec-120] org.apache.catalina.loader.WebappClassLoaderBase.clearReferencesJdbc The web application [Proyecto1] registered the JDBC driver [oracle.jdbc.OracleDriver] but failed to unregister it when the web application was stopped. To prevent a memory leak, the JDBC Driver has been forcibly unregistered.
16-Sep-2023 17:24:21.850 INFO [http-nio-8080-exec-120] org.apache.catalina.startup.HostConfig.undeploy Undeploying context [/Proyecto1]
16-Sep-2023 17:24:21.861 INFO [http-nio-8080-exec-121] org.apache.catalina.startup.HostConfig.deployDescriptor Deploying deployment descriptor [C:\Users\User\Toms\apache-tomcat-10.1.13\conf\Catalina\localhost\Proyecto1.xml]
16-Sep-2023 17:24:21.862 WARNING [http-nio-8080-exec-121] org.apache.catalina.startup.HostConfig.deployDescriptor The path attribute with value [/Proyecto1] in deployment descriptor [C:\Users\User\Toms\apache-tomcat-10.1.13\conf\Catalina\localhost\Proyecto1.xml] has been ignored
16-Sep-2023 17:24:22.193 INFO [http-nio-8080-exec-121] org.apache.jasper.servlet.TldScanner.scanJars At least one JAR was scanned for TLDs yet contained no TLDs. Enable debug logging for this logger for a complete list of JARs that were scanned but no TLDs were found in them. Skipping unneeded JARs during scanning can improve startup time and JSP compilation time.
16-Sep-2023 17:24:22.195 INFO [http-nio-8080-exec-121] org.apache.catalina.startup.HostConfig.deployDescriptor Deployment of deployment descriptor [C:\Users\User\Toms\apache-tomcat-10.1.13\conf\Catalina\localhost\Proyecto1.xml] has finished in [333] ms
16-Sep-2023 17:24:22.196 INFO [http-nio-8080-exec-110] org.apache.catalina.util.LifecycleBase.start The start() method was called on component [StandardEngine[Catalina].StandardHost[localhost].StandardContext[/Proyecto1]] after start() had already been called. The second call will be ignored.
16-Sep-2023 17:24:56.784 WARNING [http-nio-8080-exec-124] org.apache.catalina.loader.WebappClassLoaderBase.clearReferencesJdbc The web application [Proyecto1] registered the JDBC driver [oracle.jdbc.OracleDriver] but failed to unregister it when the web application was stopped. To prevent a memory leak, the JDBC Driver has been forcibly unregistered.
16-Sep-2023 17:24:57.298 INFO [http-nio-8080-exec-124] org.apache.catalina.startup.HostConfig.undeploy Undeploying context [/Proyecto1]
16-Sep-2023 17:24:57.309 INFO [http-nio-8080-exec-123] org.apache.catalina.startup.HostConfig.deployDescriptor Deploying deployment descriptor [C:\Users\User\Toms\apache-tomcat-10.1.13\conf\Catalina\localhost\Proyecto1.xml]
16-Sep-2023 17:24:57.310 WARNING [http-nio-8080-exec-123] org.apache.catalina.startup.HostConfig.deployDescriptor The path attribute with value [/Proyecto1] in deployment descriptor [C:\Users\User\Toms\apache-tomcat-10.1.13\conf\Catalina\localhost\Proyecto1.xml] has been ignored
16-Sep-2023 17:24:57.665 INFO [http-nio-8080-exec-123] org.apache.jasper.servlet.TldScanner.scanJars At least one JAR was scanned for TLDs yet contained no TLDs. Enable debug logging for this logger for a complete list of JARs that were scanned but no TLDs were found in them. Skipping unneeded JARs during scanning can improve startup time and JSP compilation time.
16-Sep-2023 17:24:57.667 INFO [http-nio-8080-exec-123] org.apache.catalina.startup.HostConfig.deployDescriptor Deployment of deployment descriptor [C:\Users\User\Toms\apache-tomcat-10.1.13\conf\Catalina\localhost\Proyecto1.xml] has finished in [358] ms
16-Sep-2023 17:24:57.669 INFO [http-nio-8080-exec-110] org.apache.catalina.util.LifecycleBase.start The start() method was called on component [StandardEngine[Catalina].StandardHost[localhost].StandardContext[/Proyecto1]] after start() had already been called. The second call will be ignored.
16-Sep-2023 17:31:55.695 WARNING [http-nio-8080-exec-135] org.apache.catalina.loader.WebappClassLoaderBase.clearReferencesJdbc The web application [Proyecto1] registered the JDBC driver [oracle.jdbc.OracleDriver] but failed to unregister it when the web application was stopped. To prevent a memory leak, the JDBC Driver has been forcibly unregistered.
16-Sep-2023 17:31:56.209 INFO [http-nio-8080-exec-135] org.apache.catalina.startup.HostConfig.undeploy Undeploying context [/Proyecto1]
16-Sep-2023 17:31:56.220 INFO [http-nio-8080-exec-128] org.apache.catalina.startup.HostConfig.deployDescriptor Deploying deployment descriptor [C:\Users\User\Toms\apache-tomcat-10.1.13\conf\Catalina\localhost\Proyecto1.xml]
16-Sep-2023 17:31:56.220 WARNING [http-nio-8080-exec-128] org.apache.catalina.startup.HostConfig.deployDescriptor The path attribute with value [/Proyecto1] in deployment descriptor [C:\Users\User\Toms\apache-tomcat-10.1.13\conf\Catalina\localhost\Proyecto1.xml] has been ignored
16-Sep-2023 17:31:56.551 INFO [http-nio-8080-exec-128] org.apache.jasper.servlet.TldScanner.scanJars At least one JAR was scanned for TLDs yet contained no TLDs. Enable debug logging for this logger for a complete list of JARs that were scanned but no TLDs were found in them. Skipping unneeded JARs during scanning can improve startup time and JSP compilation time.
16-Sep-2023 17:31:56.553 INFO [http-nio-8080-exec-128] org.apache.catalina.startup.HostConfig.deployDescriptor Deployment of deployment descriptor [C:\Users\User\Toms\apache-tomcat-10.1.13\conf\Catalina\localhost\Proyecto1.xml] has finished in [333] ms
16-Sep-2023 17:31:56.555 INFO [http-nio-8080-exec-134] org.apache.catalina.util.LifecycleBase.start The start() method was called on component [StandardEngine[Catalina].StandardHost[localhost].StandardContext[/Proyecto1]] after start() had already been called. The second call will be ignored.
16-Sep-2023 17:33:11.918 WARNING [http-nio-8080-exec-132] org.apache.catalina.loader.WebappClassLoaderBase.clearReferencesJdbc The web application [Proyecto1] registered the JDBC driver [oracle.jdbc.OracleDriver] but failed to unregister it when the web application was stopped. To prevent a memory leak, the JDBC Driver has been forcibly unregistered.
16-Sep-2023 17:33:12.429 INFO [http-nio-8080-exec-132] org.apache.catalina.startup.HostConfig.undeploy Undeploying context [/Proyecto1]
16-Sep-2023 17:33:12.440 INFO [http-nio-8080-exec-134] org.apache.catalina.startup.HostConfig.deployDescriptor Deploying deployment descriptor [C:\Users\User\Toms\apache-tomcat-10.1.13\conf\Catalina\localhost\Proyecto1.xml]
16-Sep-2023 17:33:12.440 WARNING [http-nio-8080-exec-134] org.apache.catalina.startup.HostConfig.deployDescriptor The path attribute with value [/Proyecto1] in deployment descriptor [C:\Users\User\Toms\apache-tomcat-10.1.13\conf\Catalina\localhost\Proyecto1.xml] has been ignored
16-Sep-2023 17:33:12.771 INFO [http-nio-8080-exec-134] org.apache.jasper.servlet.TldScanner.scanJars At least one JAR was scanned for TLDs yet contained no TLDs. Enable debug logging for this logger for a complete list of JARs that were scanned but no TLDs were found in them. Skipping unneeded JARs during scanning can improve startup time and JSP compilation time.
16-Sep-2023 17:33:12.773 INFO [http-nio-8080-exec-134] org.apache.catalina.startup.HostConfig.deployDescriptor Deployment of deployment descriptor [C:\Users\User\Toms\apache-tomcat-10.1.13\conf\Catalina\localhost\Proyecto1.xml] has finished in [333] ms
16-Sep-2023 17:33:12.775 INFO [http-nio-8080-exec-139] org.apache.catalina.util.LifecycleBase.start The start() method was called on component [StandardEngine[Catalina].StandardHost[localhost].StandardContext[/Proyecto1]] after start() had already been called. The second call will be ignored.
16-Sep-2023 17:34:05.068 WARNING [http-nio-8080-exec-151] org.apache.catalina.loader.WebappClassLoaderBase.clearReferencesJdbc The web application [Proyecto1] registered the JDBC driver [oracle.jdbc.OracleDriver] but failed to unregister it when the web application was stopped. To prevent a memory leak, the JDBC Driver has been forcibly unregistered.
16-Sep-2023 17:34:05.579 INFO [http-nio-8080-exec-151] org.apache.catalina.startup.HostConfig.undeploy Undeploying context [/Proyecto1]
16-Sep-2023 17:34:05.591 INFO [http-nio-8080-exec-146] org.apache.catalina.startup.HostConfig.deployDescriptor Deploying deployment descriptor [C:\Users\User\Toms\apache-tomcat-10.1.13\conf\Catalina\localhost\Proyecto1.xml]
16-Sep-2023 17:34:05.592 WARNING [http-nio-8080-exec-146] org.apache.catalina.startup.HostConfig.deployDescriptor The path attribute with value [/Proyecto1] in deployment descriptor [C:\Users\User\Toms\apache-tomcat-10.1.13\conf\Catalina\localhost\Proyecto1.xml] has been ignored
16-Sep-2023 17:34:05.935 INFO [http-nio-8080-exec-146] org.apache.jasper.servlet.TldScanner.scanJars At least one JAR was scanned for TLDs yet contained no TLDs. Enable debug logging for this logger for a complete list of JARs that were scanned but no TLDs were found in them. Skipping unneeded JARs during scanning can improve startup time and JSP compilation time.
16-Sep-2023 17:34:05.937 INFO [http-nio-8080-exec-146] org.apache.catalina.startup.HostConfig.deployDescriptor Deployment of deployment descriptor [C:\Users\User\Toms\apache-tomcat-10.1.13\conf\Catalina\localhost\Proyecto1.xml] has finished in [346] ms
16-Sep-2023 17:34:05.938 INFO [http-nio-8080-exec-139] org.apache.catalina.util.LifecycleBase.start The start() method was called on component [StandardEngine[Catalina].StandardHost[localhost].StandardContext[/Proyecto1]] after start() had already been called. The second call will be ignored.
16-Sep-2023 22:21:58.719 WARNING [http-nio-8080-exec-161] org.apache.catalina.loader.WebappClassLoaderBase.clearReferencesJdbc The web application [Proyecto1] registered the JDBC driver [oracle.jdbc.OracleDriver] but failed to unregister it when the web application was stopped. To prevent a memory leak, the JDBC Driver has been forcibly unregistered.
16-Sep-2023 22:21:59.226 INFO [http-nio-8080-exec-161] org.apache.catalina.startup.HostConfig.undeploy Undeploying context [/Proyecto1]
16-Sep-2023 22:21:59.246 INFO [http-nio-8080-exec-156] org.apache.catalina.startup.HostConfig.deployDescriptor Deploying deployment descriptor [C:\Users\User\Toms\apache-tomcat-10.1.13\conf\Catalina\localhost\Proyecto1.xml]
16-Sep-2023 22:21:59.253 WARNING [http-nio-8080-exec-156] org.apache.catalina.startup.HostConfig.deployDescriptor The path attribute with value [/Proyecto1] in deployment descriptor [C:\Users\User\Toms\apache-tomcat-10.1.13\conf\Catalina\localhost\Proyecto1.xml] has been ignored
16-Sep-2023 22:21:59.671 INFO [http-nio-8080-exec-156] org.apache.jasper.servlet.TldScanner.scanJars At least one JAR was scanned for TLDs yet contained no TLDs. Enable debug logging for this logger for a complete list of JARs that were scanned but no TLDs were found in them. Skipping unneeded JARs during scanning can improve startup time and JSP compilation time.
16-Sep-2023 22:21:59.676 INFO [http-nio-8080-exec-156] org.apache.catalina.startup.HostConfig.deployDescriptor Deployment of deployment descriptor [C:\Users\User\Toms\apache-tomcat-10.1.13\conf\Catalina\localhost\Proyecto1.xml] has finished in [429] ms
16-Sep-2023 22:21:59.678 INFO [http-nio-8080-exec-158] org.apache.catalina.util.LifecycleBase.start The start() method was called on component [StandardEngine[Catalina].StandardHost[localhost].StandardContext[/Proyecto1]] after start() had already been called. The second call will be ignored.
16-Sep-2023 22:22:50.691 WARNING [http-nio-8080-exec-163] org.apache.catalina.loader.WebappClassLoaderBase.clearReferencesJdbc The web application [Proyecto1] registered the JDBC driver [oracle.jdbc.OracleDriver] but failed to unregister it when the web application was stopped. To prevent a memory leak, the JDBC Driver has been forcibly unregistered.
16-Sep-2023 22:22:51.206 INFO [http-nio-8080-exec-163] org.apache.catalina.startup.HostConfig.undeploy Undeploying context [/Proyecto1]
16-Sep-2023 22:22:51.220 INFO [http-nio-8080-exec-164] org.apache.catalina.startup.HostConfig.deployDescriptor Deploying deployment descriptor [C:\Users\User\Toms\apache-tomcat-10.1.13\conf\Catalina\localhost\Proyecto1.xml]
16-Sep-2023 22:22:51.220 WARNING [http-nio-8080-exec-164] org.apache.catalina.startup.HostConfig.deployDescriptor The path attribute with value [/Proyecto1] in deployment descriptor [C:\Users\User\Toms\apache-tomcat-10.1.13\conf\Catalina\localhost\Proyecto1.xml] has been ignored
16-Sep-2023 22:22:51.599 INFO [http-nio-8080-exec-164] org.apache.jasper.servlet.TldScanner.scanJars At least one JAR was scanned for TLDs yet contained no TLDs. Enable debug logging for this logger for a complete list of JARs that were scanned but no TLDs were found in them. Skipping unneeded JARs during scanning can improve startup time and JSP compilation time.
16-Sep-2023 22:22:51.601 INFO [http-nio-8080-exec-164] org.apache.catalina.startup.HostConfig.deployDescriptor Deployment of deployment descriptor [C:\Users\User\Toms\apache-tomcat-10.1.13\conf\Catalina\localhost\Proyecto1.xml] has finished in [381] ms
16-Sep-2023 22:22:51.603 INFO [http-nio-8080-exec-169] org.apache.catalina.util.LifecycleBase.start The start() method was called on component [StandardEngine[Catalina].StandardHost[localhost].StandardContext[/Proyecto1]] after start() had already been called. The second call will be ignored.
16-Sep-2023 22:24:09.868 INFO [http-nio-8080-exec-169] org.apache.catalina.startup.HostConfig.undeploy Undeploying context [/Proyecto1]
16-Sep-2023 22:24:09.881 INFO [http-nio-8080-exec-167] org.apache.catalina.startup.HostConfig.deployDescriptor Deploying deployment descriptor [C:\Users\User\Toms\apache-tomcat-10.1.13\conf\Catalina\localhost\Proyecto1.xml]
16-Sep-2023 22:24:09.881 WARNING [http-nio-8080-exec-167] org.apache.catalina.startup.HostConfig.deployDescriptor The path attribute with value [/Proyecto1] in deployment descriptor [C:\Users\User\Toms\apache-tomcat-10.1.13\conf\Catalina\localhost\Proyecto1.xml] has been ignored
16-Sep-2023 22:24:10.265 INFO [http-nio-8080-exec-167] org.apache.jasper.servlet.TldScanner.scanJars At least one JAR was scanned for TLDs yet contained no TLDs. Enable debug logging for this logger for a complete list of JARs that were scanned but no TLDs were found in them. Skipping unneeded JARs during scanning can improve startup time and JSP compilation time.
16-Sep-2023 22:24:10.267 INFO [http-nio-8080-exec-167] org.apache.catalina.startup.HostConfig.deployDescriptor Deployment of deployment descriptor [C:\Users\User\Toms\apache-tomcat-10.1.13\conf\Catalina\localhost\Proyecto1.xml] has finished in [386] ms
16-Sep-2023 22:24:10.268 INFO [http-nio-8080-exec-171] org.apache.catalina.util.LifecycleBase.start The start() method was called on component [StandardEngine[Catalina].StandardHost[localhost].StandardContext[/Proyecto1]] after start() had already been called. The second call will be ignored.
