19-Sep-2023 19:31:51.879 INFO [http-nio-8080-exec-3] org.apache.catalina.core.ApplicationContext.log Manager: init: Associated with Deployer 'Catalina:type=Deployer,host=localhost'
19-Sep-2023 19:31:51.879 INFO [http-nio-8080-exec-3] org.apache.catalina.core.ApplicationContext.log Manager: init: Global resources are available
19-Sep-2023 19:31:51.920 INFO [http-nio-8080-exec-7] org.apache.catalina.core.ApplicationContext.log Manager: list: Listing contexts for virtual host 'localhost'
19-Sep-2023 19:31:51.922 INFO [http-nio-8080-exec-8] org.apache.catalina.core.ApplicationContext.log Manager: list: Listing contexts for virtual host 'localhost'
19-Sep-2023 19:31:51.931 INFO [http-nio-8080-exec-9] org.apache.catalina.core.ApplicationContext.log Manager: undeploy: Undeploying web application at '/Proyecto1'
19-Sep-2023 19:31:52.484 INFO [http-nio-8080-exec-6] org.apache.catalina.core.ApplicationContext.log Manager: install: Installing context configuration at 'file:/C:/Users/User/AppData/Local/Temp/context4714949197853651718.xml'
19-Sep-2023 19:31:52.992 INFO [http-nio-8080-exec-4] org.apache.catalina.core.ApplicationContext.log Manager: start: Starting web application '/Proyecto1'
19-Sep-2023 19:35:25.651 INFO [http-nio-8080-exec-13] org.apache.catalina.core.ApplicationContext.log Manager: list: Listing contexts for virtual host 'localhost'
19-Sep-2023 19:35:25.652 INFO [http-nio-8080-exec-14] org.apache.catalina.core.ApplicationContext.log Manager: list: Listing contexts for virtual host 'localhost'
19-Sep-2023 19:35:25.657 INFO [http-nio-8080-exec-11] org.apache.catalina.core.ApplicationContext.log Manager: undeploy: Undeploying web application at '/Proyecto1'
19-Sep-2023 19:35:26.311 INFO [http-nio-8080-exec-16] org.apache.catalina.core.ApplicationContext.log Manager: install: Installing context configuration at 'file:/C:/Users/User/AppData/Local/Temp/context13965798358391075026.xml'
19-Sep-2023 19:35:26.811 INFO [http-nio-8080-exec-13] org.apache.catalina.core.ApplicationContext.log Manager: start: Starting web application '/Proyecto1'
19-Sep-2023 19:43:38.055 INFO [http-nio-8080-exec-26] org.apache.catalina.core.ApplicationContext.log Manager: list: Listing contexts for virtual host 'localhost'
19-Sep-2023 19:43:38.056 INFO [http-nio-8080-exec-23] org.apache.catalina.core.ApplicationContext.log Manager: list: Listing contexts for virtual host 'localhost'
19-Sep-2023 19:43:38.061 INFO [http-nio-8080-exec-21] org.apache.catalina.core.ApplicationContext.log Manager: undeploy: Undeploying web application at '/Proyecto1'
19-Sep-2023 19:43:38.598 INFO [http-nio-8080-exec-24] org.apache.catalina.core.ApplicationContext.log Manager: install: Installing context configuration at 'file:/C:/Users/User/AppData/Local/Temp/context5631106396608925028.xml'
19-Sep-2023 19:43:39.108 INFO [http-nio-8080-exec-30] org.apache.catalina.core.ApplicationContext.log Manager: start: Starting web application '/Proyecto1'
19-Sep-2023 19:44:58.633 INFO [http-nio-8080-exec-37] org.apache.catalina.core.ApplicationContext.log Manager: list: Listing contexts for virtual host 'localhost'
19-Sep-2023 19:44:58.635 INFO [http-nio-8080-exec-38] org.apache.catalina.core.ApplicationContext.log Manager: list: Listing contexts for virtual host 'localhost'
19-Sep-2023 19:44:58.640 INFO [http-nio-8080-exec-39] org.apache.catalina.core.ApplicationContext.log Manager: undeploy: Undeploying web application at '/Proyecto1'
19-Sep-2023 19:44:59.290 INFO [http-nio-8080-exec-35] org.apache.catalina.core.ApplicationContext.log Manager: install: Installing context configuration at 'file:/C:/Users/User/AppData/Local/Temp/context2070655508100272319.xml'
19-Sep-2023 19:44:59.807 INFO [http-nio-8080-exec-33] org.apache.catalina.core.ApplicationContext.log Manager: start: Starting web application '/Proyecto1'
19-Sep-2023 20:27:19.711 INFO [http-nio-8080-exec-56] org.apache.catalina.core.ApplicationContext.log Manager: list: Listing contexts for virtual host 'localhost'
19-Sep-2023 20:27:19.713 INFO [http-nio-8080-exec-57] org.apache.catalina.core.ApplicationContext.log Manager: list: Listing contexts for virtual host 'localhost'
19-Sep-2023 20:27:19.718 INFO [http-nio-8080-exec-58] org.apache.catalina.core.ApplicationContext.log Manager: undeploy: Undeploying web application at '/Proyecto1'
19-Sep-2023 20:27:20.245 INFO [http-nio-8080-exec-53] org.apache.catalina.core.ApplicationContext.log Manager: install: Installing context configuration at 'file:/C:/Users/User/AppData/Local/Temp/context2599312568072623617.xml'
19-Sep-2023 20:27:20.693 INFO [http-nio-8080-exec-59] org.apache.catalina.core.ApplicationContext.log Manager: start: Starting web application '/Proyecto1'
19-Sep-2023 20:36:09.583 INFO [http-nio-8080-exec-62] org.apache.catalina.core.ApplicationContext.log Manager: list: Listing contexts for virtual host 'localhost'
19-Sep-2023 20:36:09.584 INFO [http-nio-8080-exec-67] org.apache.catalina.core.ApplicationContext.log Manager: list: Listing contexts for virtual host 'localhost'
19-Sep-2023 20:36:09.589 INFO [http-nio-8080-exec-68] org.apache.catalina.core.ApplicationContext.log Manager: undeploy: Undeploying web application at '/Proyecto1'
19-Sep-2023 20:36:10.226 INFO [http-nio-8080-exec-69] org.apache.catalina.core.ApplicationContext.log Manager: install: Installing context configuration at 'file:/C:/Users/User/AppData/Local/Temp/context8074292643214095278.xml'
19-Sep-2023 20:36:10.670 INFO [http-nio-8080-exec-66] org.apache.catalina.core.ApplicationContext.log Manager: start: Starting web application '/Proyecto1'
19-Sep-2023 20:37:21.746 INFO [http-nio-8080-exec-76] org.apache.catalina.core.ApplicationContext.log Manager: list: Listing contexts for virtual host 'localhost'
19-Sep-2023 20:37:21.747 INFO [http-nio-8080-exec-77] org.apache.catalina.core.ApplicationContext.log Manager: list: Listing contexts for virtual host 'localhost'
19-Sep-2023 20:37:21.751 INFO [http-nio-8080-exec-79] org.apache.catalina.core.ApplicationContext.log Manager: undeploy: Undeploying web application at '/Proyecto1'
19-Sep-2023 20:37:22.387 INFO [http-nio-8080-exec-72] org.apache.catalina.core.ApplicationContext.log Manager: install: Installing context configuration at 'file:/C:/Users/User/AppData/Local/Temp/context13614263718429718282.xml'
19-Sep-2023 20:37:22.828 INFO [http-nio-8080-exec-63] org.apache.catalina.core.ApplicationContext.log Manager: start: Starting web application '/Proyecto1'
19-Sep-2023 20:38:50.398 INFO [http-nio-8080-exec-75] org.apache.catalina.core.ApplicationContext.log Manager: list: Listing contexts for virtual host 'localhost'
19-Sep-2023 20:38:50.399 INFO [http-nio-8080-exec-88] org.apache.catalina.core.ApplicationContext.log Manager: list: Listing contexts for virtual host 'localhost'
19-Sep-2023 20:38:50.403 INFO [http-nio-8080-exec-86] org.apache.catalina.core.ApplicationContext.log Manager: undeploy: Undeploying web application at '/Proyecto1'
19-Sep-2023 20:38:51.036 INFO [http-nio-8080-exec-87] org.apache.catalina.core.ApplicationContext.log Manager: install: Installing context configuration at 'file:/C:/Users/User/AppData/Local/Temp/context315372152362508128.xml'
19-Sep-2023 20:38:51.465 INFO [http-nio-8080-exec-85] org.apache.catalina.core.ApplicationContext.log Manager: start: Starting web application '/Proyecto1'
19-Sep-2023 20:41:25.424 INFO [http-nio-8080-exec-93] org.apache.catalina.core.ApplicationContext.log Manager: list: Listing contexts for virtual host 'localhost'
19-Sep-2023 20:41:25.425 INFO [http-nio-8080-exec-94] org.apache.catalina.core.ApplicationContext.log Manager: list: Listing contexts for virtual host 'localhost'
19-Sep-2023 20:41:25.429 INFO [http-nio-8080-exec-95] org.apache.catalina.core.ApplicationContext.log Manager: undeploy: Undeploying web application at '/Proyecto1'
19-Sep-2023 20:41:26.096 INFO [http-nio-8080-exec-93] org.apache.catalina.core.ApplicationContext.log Manager: install: Installing context configuration at 'file:/C:/Users/User/AppData/Local/Temp/context12392770719619881729.xml'
19-Sep-2023 20:41:26.518 INFO [http-nio-8080-exec-88] org.apache.catalina.core.ApplicationContext.log Manager: start: Starting web application '/Proyecto1'
19-Sep-2023 20:44:45.149 INFO [http-nio-8080-exec-104] org.apache.catalina.core.ApplicationContext.log Manager: list: Listing contexts for virtual host 'localhost'
19-Sep-2023 20:44:45.151 INFO [http-nio-8080-exec-105] org.apache.catalina.core.ApplicationContext.log Manager: list: Listing contexts for virtual host 'localhost'
19-Sep-2023 20:44:45.155 INFO [http-nio-8080-exec-106] org.apache.catalina.core.ApplicationContext.log Manager: undeploy: Undeploying web application at '/Proyecto1'
19-Sep-2023 20:44:45.775 INFO [http-nio-8080-exec-105] org.apache.catalina.core.ApplicationContext.log Manager: install: Installing context configuration at 'file:/C:/Users/User/AppData/Local/Temp/context6350519665975368292.xml'
19-Sep-2023 20:44:46.200 INFO [http-nio-8080-exec-99] org.apache.catalina.core.ApplicationContext.log Manager: start: Starting web application '/Proyecto1'
19-Sep-2023 20:46:18.548 INFO [http-nio-8080-exec-113] org.apache.catalina.core.ApplicationContext.log Manager: list: Listing contexts for virtual host 'localhost'
19-Sep-2023 20:46:18.549 INFO [http-nio-8080-exec-99] org.apache.catalina.core.ApplicationContext.log Manager: list: Listing contexts for virtual host 'localhost'
19-Sep-2023 20:46:18.554 INFO [http-nio-8080-exec-115] org.apache.catalina.core.ApplicationContext.log Manager: undeploy: Undeploying web application at '/Proyecto1'
19-Sep-2023 20:46:19.184 INFO [http-nio-8080-exec-110] org.apache.catalina.core.ApplicationContext.log Manager: install: Installing context configuration at 'file:/C:/Users/User/AppData/Local/Temp/context16173154468006720867.xml'
19-Sep-2023 20:46:19.620 INFO [http-nio-8080-exec-111] org.apache.catalina.core.ApplicationContext.log Manager: start: Starting web application '/Proyecto1'
19-Sep-2023 20:47:00.482 INFO [http-nio-8080-exec-119] org.apache.catalina.core.ApplicationContext.log Manager: list: Listing contexts for virtual host 'localhost'
19-Sep-2023 20:47:00.483 INFO [http-nio-8080-exec-118] org.apache.catalina.core.ApplicationContext.log Manager: list: Listing contexts for virtual host 'localhost'
19-Sep-2023 20:47:00.487 INFO [http-nio-8080-exec-120] org.apache.catalina.core.ApplicationContext.log Manager: undeploy: Undeploying web application at '/Proyecto1'
19-Sep-2023 20:47:01.122 INFO [http-nio-8080-exec-116] org.apache.catalina.core.ApplicationContext.log Manager: install: Installing context configuration at 'file:/C:/Users/User/AppData/Local/Temp/context11029351493382153756.xml'
19-Sep-2023 20:47:01.564 INFO [http-nio-8080-exec-114] org.apache.catalina.core.ApplicationContext.log Manager: start: Starting web application '/Proyecto1'
19-Sep-2023 20:48:42.278 INFO [http-nio-8080-exec-127] org.apache.catalina.core.ApplicationContext.log Manager: list: Listing contexts for virtual host 'localhost'
19-Sep-2023 20:48:42.279 INFO [http-nio-8080-exec-114] org.apache.catalina.core.ApplicationContext.log Manager: list: Listing contexts for virtual host 'localhost'
19-Sep-2023 20:48:42.283 INFO [http-nio-8080-exec-129] org.apache.catalina.core.ApplicationContext.log Manager: undeploy: Undeploying web application at '/Proyecto1'
19-Sep-2023 20:48:42.900 INFO [http-nio-8080-exec-114] org.apache.catalina.core.ApplicationContext.log Manager: install: Installing context configuration at 'file:/C:/Users/User/AppData/Local/Temp/context17569756412774925744.xml'
19-Sep-2023 20:48:43.329 INFO [http-nio-8080-exec-125] org.apache.catalina.core.ApplicationContext.log Manager: start: Starting web application '/Proyecto1'
19-Sep-2023 20:49:38.848 INFO [http-nio-8080-exec-134] org.apache.catalina.core.ApplicationContext.log Manager: list: Listing contexts for virtual host 'localhost'
19-Sep-2023 20:49:38.849 INFO [http-nio-8080-exec-135] org.apache.catalina.core.ApplicationContext.log Manager: list: Listing contexts for virtual host 'localhost'
19-Sep-2023 20:49:38.853 INFO [http-nio-8080-exec-130] org.apache.catalina.core.ApplicationContext.log Manager: undeploy: Undeploying web application at '/Proyecto1'
19-Sep-2023 20:49:39.475 INFO [http-nio-8080-exec-133] org.apache.catalina.core.ApplicationContext.log Manager: install: Installing context configuration at 'file:/C:/Users/User/AppData/Local/Temp/context16336294776860984235.xml'
19-Sep-2023 20:49:39.931 INFO [http-nio-8080-exec-137] org.apache.catalina.core.ApplicationContext.log Manager: start: Starting web application '/Proyecto1'
19-Sep-2023 20:52:50.211 INFO [http-nio-8080-exec-143] org.apache.catalina.core.ApplicationContext.log Manager: list: Listing contexts for virtual host 'localhost'
19-Sep-2023 20:52:50.212 INFO [http-nio-8080-exec-144] org.apache.catalina.core.ApplicationContext.log Manager: list: Listing contexts for virtual host 'localhost'
19-Sep-2023 20:52:50.216 INFO [http-nio-8080-exec-145] org.apache.catalina.core.ApplicationContext.log Manager: undeploy: Undeploying web application at '/Proyecto1'
19-Sep-2023 20:52:50.834 INFO [http-nio-8080-exec-146] org.apache.catalina.core.ApplicationContext.log Manager: install: Installing context configuration at 'file:/C:/Users/User/AppData/Local/Temp/context17800905950623748944.xml'
19-Sep-2023 20:52:51.268 INFO [http-nio-8080-exec-141] org.apache.catalina.core.ApplicationContext.log Manager: start: Starting web application '/Proyecto1'
19-Sep-2023 21:04:20.862 INFO [http-nio-8080-exec-154] org.apache.catalina.core.ApplicationContext.log Manager: list: Listing contexts for virtual host 'localhost'
19-Sep-2023 21:04:20.863 INFO [http-nio-8080-exec-155] org.apache.catalina.core.ApplicationContext.log Manager: list: Listing contexts for virtual host 'localhost'
19-Sep-2023 21:04:20.867 INFO [http-nio-8080-exec-156] org.apache.catalina.core.ApplicationContext.log Manager: undeploy: Undeploying web application at '/Proyecto1'
19-Sep-2023 21:04:21.499 INFO [http-nio-8080-exec-155] org.apache.catalina.core.ApplicationContext.log Manager: install: Installing context configuration at 'file:/C:/Users/User/AppData/Local/Temp/context16136857187542238242.xml'
19-Sep-2023 21:04:21.971 INFO [http-nio-8080-exec-148] org.apache.catalina.core.ApplicationContext.log Manager: start: Starting web application '/Proyecto1'
19-Sep-2023 22:06:53.107 INFO [http-nio-8080-exec-164] org.apache.catalina.core.ApplicationContext.log Manager: list: Listing contexts for virtual host 'localhost'
19-Sep-2023 22:06:53.109 INFO [http-nio-8080-exec-165] org.apache.catalina.core.ApplicationContext.log Manager: list: Listing contexts for virtual host 'localhost'
19-Sep-2023 22:06:53.122 INFO [http-nio-8080-exec-166] org.apache.catalina.core.ApplicationContext.log Manager: undeploy: Undeploying web application at '/Proyecto1'
19-Sep-2023 22:06:53.798 INFO [http-nio-8080-exec-162] org.apache.catalina.core.ApplicationContext.log Manager: install: Installing context configuration at 'file:/C:/Users/User/AppData/Local/Temp/context13593263781841042157.xml'
19-Sep-2023 22:06:54.401 INFO [http-nio-8080-exec-163] org.apache.catalina.core.ApplicationContext.log Manager: start: Starting web application '/Proyecto1'
19-Sep-2023 22:24:54.442 INFO [http-nio-8080-exec-182] org.apache.catalina.core.ApplicationContext.log Manager: list: Listing contexts for virtual host 'localhost'
19-Sep-2023 22:24:54.443 INFO [http-nio-8080-exec-175] org.apache.catalina.core.ApplicationContext.log Manager: list: Listing contexts for virtual host 'localhost'
19-Sep-2023 22:24:54.447 INFO [http-nio-8080-exec-178] org.apache.catalina.core.ApplicationContext.log Manager: undeploy: Undeploying web application at '/Proyecto1'
19-Sep-2023 22:24:54.972 INFO [http-nio-8080-exec-181] org.apache.catalina.core.ApplicationContext.log Manager: install: Installing context configuration at 'file:/C:/Users/User/AppData/Local/Temp/context6695459082170760030.xml'
19-Sep-2023 22:24:55.437 INFO [http-nio-8080-exec-175] org.apache.catalina.core.ApplicationContext.log Manager: start: Starting web application '/Proyecto1'
19-Sep-2023 22:57:32.045 INFO [http-nio-8080-exec-194] org.apache.catalina.core.ApplicationContext.log Manager: list: Listing contexts for virtual host 'localhost'
19-Sep-2023 22:57:32.046 INFO [http-nio-8080-exec-195] org.apache.catalina.core.ApplicationContext.log Manager: list: Listing contexts for virtual host 'localhost'
19-Sep-2023 22:57:32.050 INFO [http-nio-8080-exec-196] org.apache.catalina.core.ApplicationContext.log Manager: undeploy: Undeploying web application at '/Proyecto1'
19-Sep-2023 22:57:32.680 INFO [http-nio-8080-exec-197] org.apache.catalina.core.ApplicationContext.log Manager: install: Installing context configuration at 'file:/C:/Users/User/AppData/Local/Temp/context9137776894311455854.xml'
19-Sep-2023 22:57:33.132 INFO [http-nio-8080-exec-188] org.apache.catalina.core.ApplicationContext.log Manager: start: Starting web application '/Proyecto1'
19-Sep-2023 23:06:01.681 INFO [http-nio-8080-exec-202] org.apache.catalina.core.ApplicationContext.log Manager: list: Listing contexts for virtual host 'localhost'
19-Sep-2023 23:06:01.682 INFO [http-nio-8080-exec-203] org.apache.catalina.core.ApplicationContext.log Manager: list: Listing contexts for virtual host 'localhost'
19-Sep-2023 23:06:01.687 INFO [http-nio-8080-exec-201] org.apache.catalina.core.ApplicationContext.log Manager: undeploy: Undeploying web application at '/Proyecto1'
19-Sep-2023 23:06:02.213 INFO [http-nio-8080-exec-211] org.apache.catalina.core.ApplicationContext.log Manager: install: Installing context configuration at 'file:/C:/Users/User/AppData/Local/Temp/context70311118492525746.xml'
19-Sep-2023 23:06:02.680 INFO [http-nio-8080-exec-212] org.apache.catalina.core.ApplicationContext.log Manager: start: Starting web application '/Proyecto1'
19-Sep-2023 23:09:48.473 INFO [http-nio-8080-exec-216] org.apache.catalina.core.ApplicationContext.log Manager: list: Listing contexts for virtual host 'localhost'
19-Sep-2023 23:09:48.474 INFO [http-nio-8080-exec-215] org.apache.catalina.core.ApplicationContext.log Manager: list: Listing contexts for virtual host 'localhost'
19-Sep-2023 23:09:48.478 INFO [http-nio-8080-exec-217] org.apache.catalina.core.ApplicationContext.log Manager: undeploy: Undeploying web application at '/Proyecto1'
19-Sep-2023 23:09:49.112 INFO [http-nio-8080-exec-218] org.apache.catalina.core.ApplicationContext.log Manager: install: Installing context configuration at 'file:/C:/Users/User/AppData/Local/Temp/context11447006020605533255.xml'
19-Sep-2023 23:09:49.586 INFO [http-nio-8080-exec-221] org.apache.catalina.core.ApplicationContext.log Manager: start: Starting web application '/Proyecto1'
19-Sep-2023 23:12:23.598 INFO [http-nio-8080-exec-229] org.apache.catalina.core.ApplicationContext.log Manager: list: Listing contexts for virtual host 'localhost'
19-Sep-2023 23:12:23.599 INFO [http-nio-8080-exec-230] org.apache.catalina.core.ApplicationContext.log Manager: list: Listing contexts for virtual host 'localhost'
19-Sep-2023 23:12:23.603 INFO [http-nio-8080-exec-231] org.apache.catalina.core.ApplicationContext.log Manager: undeploy: Undeploying web application at '/Proyecto1'
19-Sep-2023 23:12:24.241 INFO [http-nio-8080-exec-224] org.apache.catalina.core.ApplicationContext.log Manager: install: Installing context configuration at 'file:/C:/Users/User/AppData/Local/Temp/context16419487819984121926.xml'
19-Sep-2023 23:12:24.693 INFO [http-nio-8080-exec-229] org.apache.catalina.core.ApplicationContext.log Manager: start: Starting web application '/Proyecto1'
19-Sep-2023 23:12:58.777 INFO [http-nio-8080-exec-237] org.apache.catalina.core.ApplicationContext.log Manager: list: Listing contexts for virtual host 'localhost'
19-Sep-2023 23:12:58.778 INFO [http-nio-8080-exec-236] org.apache.catalina.core.ApplicationContext.log Manager: list: Listing contexts for virtual host 'localhost'
19-Sep-2023 23:12:58.782 INFO [http-nio-8080-exec-238] org.apache.catalina.core.ApplicationContext.log Manager: undeploy: Undeploying web application at '/Proyecto1'
19-Sep-2023 23:12:59.421 INFO [http-nio-8080-exec-236] org.apache.catalina.core.ApplicationContext.log Manager: install: Installing context configuration at 'file:/C:/Users/User/AppData/Local/Temp/context13146438137552895400.xml'
19-Sep-2023 23:12:59.868 INFO [http-nio-8080-exec-233] org.apache.catalina.core.ApplicationContext.log Manager: start: Starting web application '/Proyecto1'
19-Sep-2023 23:38:54.809 INFO [http-nio-8080-exec-248] org.apache.catalina.core.ApplicationContext.log Manager: list: Listing contexts for virtual host 'localhost'
19-Sep-2023 23:38:54.810 INFO [http-nio-8080-exec-243] org.apache.catalina.core.ApplicationContext.log Manager: list: Listing contexts for virtual host 'localhost'
19-Sep-2023 23:38:54.814 INFO [http-nio-8080-exec-244] org.apache.catalina.core.ApplicationContext.log Manager: undeploy: Undeploying web application at '/Proyecto1'
19-Sep-2023 23:38:55.458 INFO [http-nio-8080-exec-243] org.apache.catalina.core.ApplicationContext.log Manager: install: Installing context configuration at 'file:/C:/Users/User/AppData/Local/Temp/context12486791740686055100.xml'
19-Sep-2023 23:38:55.911 INFO [http-nio-8080-exec-249] org.apache.catalina.core.ApplicationContext.log Manager: start: Starting web application '/Proyecto1'
