17-Sep-2023 00:08:26.271 INFO [http-nio-8080-exec-185] org.apache.catalina.core.ApplicationContext.log Manager: list: Listing contexts for virtual host 'localhost'
17-Sep-2023 00:08:26.274 INFO [http-nio-8080-exec-184] org.apache.catalina.core.ApplicationContext.log Manager: list: Listing contexts for virtual host 'localhost'
17-Sep-2023 00:08:26.284 INFO [http-nio-8080-exec-186] org.apache.catalina.core.ApplicationContext.log Manager: undeploy: Undeploying web application at '/Proyecto1'
17-Sep-2023 00:08:27.013 INFO [http-nio-8080-exec-185] org.apache.catalina.core.ApplicationContext.log Manager: install: Installing context configuration at 'file:/C:/Users/User/AppData/Local/Temp/context12001321771488659932.xml'
17-Sep-2023 00:08:27.483 INFO [http-nio-8080-exec-179] org.apache.catalina.core.ApplicationContext.log Manager: start: Starting web application '/Proyecto1'
17-Sep-2023 00:09:02.366 INFO [http-nio-8080-exec-184] org.apache.catalina.core.ApplicationContext.log Manager: list: Listing contexts for virtual host 'localhost'
17-Sep-2023 00:09:02.367 INFO [http-nio-8080-exec-188] org.apache.catalina.core.ApplicationContext.log Manager: list: Listing contexts for virtual host 'localhost'
17-Sep-2023 00:09:02.371 INFO [http-nio-8080-exec-192] org.apache.catalina.core.ApplicationContext.log Manager: undeploy: Undeploying web application at '/Proyecto1'
17-Sep-2023 00:09:02.985 INFO [http-nio-8080-exec-189] org.apache.catalina.core.ApplicationContext.log Manager: install: Installing context configuration at 'file:/C:/Users/User/AppData/Local/Temp/context8287625554778593284.xml'
17-Sep-2023 00:09:03.387 INFO [http-nio-8080-exec-184] org.apache.catalina.core.ApplicationContext.log Manager: start: Starting web application '/Proyecto1'
17-Sep-2023 00:12:53.232 INFO [http-nio-8080-exec-201] org.apache.catalina.core.ApplicationContext.log Manager: list: Listing contexts for virtual host 'localhost'
17-Sep-2023 00:12:53.234 INFO [http-nio-8080-exec-202] org.apache.catalina.core.ApplicationContext.log Manager: list: Listing contexts for virtual host 'localhost'
17-Sep-2023 00:12:53.237 INFO [http-nio-8080-exec-203] org.apache.catalina.core.ApplicationContext.log Manager: undeploy: Undeploying web application at '/Proyecto1'
17-Sep-2023 00:12:53.856 INFO [http-nio-8080-exec-197] org.apache.catalina.core.ApplicationContext.log Manager: install: Installing context configuration at 'file:/C:/Users/User/AppData/Local/Temp/context8678821872383150161.xml'
17-Sep-2023 00:13:14.015 INFO [http-nio-8080-exec-199] org.apache.catalina.core.ApplicationContext.log Manager: list: Listing contexts for virtual host 'localhost'
17-Sep-2023 00:13:14.016 INFO [http-nio-8080-exec-205] org.apache.catalina.core.ApplicationContext.log Manager: list: Listing contexts for virtual host 'localhost'
17-Sep-2023 00:13:14.026 INFO [http-nio-8080-exec-197] org.apache.catalina.core.ApplicationContext.log Manager: install: Installing context configuration at 'file:/C:/Users/User/AppData/Local/Temp/context17469977507501535028.xml'
17-Sep-2023 00:13:14.418 INFO [http-nio-8080-exec-206] org.apache.catalina.core.ApplicationContext.log Manager: start: Starting web application '/Proyecto1'
17-Sep-2023 00:13:56.132 INFO [http-nio-8080-exec-207] org.apache.catalina.core.ApplicationContext.log Manager: list: Listing contexts for virtual host 'localhost'
17-Sep-2023 00:13:56.133 INFO [http-nio-8080-exec-200] org.apache.catalina.core.ApplicationContext.log Manager: list: Listing contexts for virtual host 'localhost'
17-Sep-2023 00:13:56.137 INFO [http-nio-8080-exec-208] org.apache.catalina.core.ApplicationContext.log Manager: undeploy: Undeploying web application at '/Proyecto1'
17-Sep-2023 00:13:56.667 INFO [http-nio-8080-exec-206] org.apache.catalina.core.ApplicationContext.log Manager: install: Installing context configuration at 'file:/C:/Users/User/AppData/Local/Temp/context5775633890911507465.xml'
17-Sep-2023 00:13:57.046 INFO [http-nio-8080-exec-205] org.apache.catalina.core.ApplicationContext.log Manager: start: Starting web application '/Proyecto1'
17-Sep-2023 00:14:39.935 INFO [http-nio-8080-exec-199] org.apache.catalina.core.ApplicationContext.log Manager: list: Listing contexts for virtual host 'localhost'
17-Sep-2023 00:14:39.936 INFO [http-nio-8080-exec-197] org.apache.catalina.core.ApplicationContext.log Manager: list: Listing contexts for virtual host 'localhost'
17-Sep-2023 00:14:39.939 INFO [http-nio-8080-exec-207] org.apache.catalina.core.ApplicationContext.log Manager: undeploy: Undeploying web application at '/Proyecto1'
17-Sep-2023 00:14:40.462 INFO [http-nio-8080-exec-205] org.apache.catalina.core.ApplicationContext.log Manager: install: Installing context configuration at 'file:/C:/Users/User/AppData/Local/Temp/context16724013931723726165.xml'
17-Sep-2023 00:14:40.856 INFO [http-nio-8080-exec-211] org.apache.catalina.core.ApplicationContext.log Manager: start: Starting web application '/Proyecto1'
17-Sep-2023 00:16:26.945 INFO [http-nio-8080-exec-217] org.apache.catalina.core.ApplicationContext.log Manager: list: Listing contexts for virtual host 'localhost'
17-Sep-2023 00:16:26.947 INFO [http-nio-8080-exec-205] org.apache.catalina.core.ApplicationContext.log Manager: list: Listing contexts for virtual host 'localhost'
17-Sep-2023 00:16:26.950 INFO [http-nio-8080-exec-213] org.apache.catalina.core.ApplicationContext.log Manager: undeploy: Undeploying web application at '/Proyecto1'
17-Sep-2023 00:16:27.476 INFO [http-nio-8080-exec-218] org.apache.catalina.core.ApplicationContext.log Manager: install: Installing context configuration at 'file:/C:/Users/User/AppData/Local/Temp/context15008365643529996097.xml'
17-Sep-2023 00:16:27.846 INFO [http-nio-8080-exec-205] org.apache.catalina.core.ApplicationContext.log Manager: start: Starting web application '/Proyecto1'
17-Sep-2023 00:17:28.119 INFO [http-nio-8080-exec-211] org.apache.catalina.core.ApplicationContext.log Manager: list: Listing contexts for virtual host 'localhost'
17-Sep-2023 00:17:28.120 INFO [http-nio-8080-exec-221] org.apache.catalina.core.ApplicationContext.log Manager: list: Listing contexts for virtual host 'localhost'
17-Sep-2023 00:17:28.125 INFO [http-nio-8080-exec-215] org.apache.catalina.core.ApplicationContext.log Manager: undeploy: Undeploying web application at '/Proyecto1'
17-Sep-2023 00:17:28.646 INFO [http-nio-8080-exec-205] org.apache.catalina.core.ApplicationContext.log Manager: install: Installing context configuration at 'file:/C:/Users/User/AppData/Local/Temp/context3993124425645637736.xml'
17-Sep-2023 00:17:29.011 INFO [http-nio-8080-exec-213] org.apache.catalina.core.ApplicationContext.log Manager: start: Starting web application '/Proyecto1'
17-Sep-2023 00:18:11.648 INFO [http-nio-8080-exec-214] org.apache.catalina.core.ApplicationContext.log Manager: list: Listing contexts for virtual host 'localhost'
17-Sep-2023 00:18:11.650 INFO [http-nio-8080-exec-225] org.apache.catalina.core.ApplicationContext.log Manager: list: Listing contexts for virtual host 'localhost'
17-Sep-2023 00:18:11.654 INFO [http-nio-8080-exec-223] org.apache.catalina.core.ApplicationContext.log Manager: undeploy: Undeploying web application at '/Proyecto1'
17-Sep-2023 00:18:12.175 INFO [http-nio-8080-exec-213] org.apache.catalina.core.ApplicationContext.log Manager: install: Installing context configuration at 'file:/C:/Users/User/AppData/Local/Temp/context4360590579315021622.xml'
17-Sep-2023 00:18:12.549 INFO [http-nio-8080-exec-215] org.apache.catalina.core.ApplicationContext.log Manager: start: Starting web application '/Proyecto1'
17-Sep-2023 00:19:23.361 INFO [http-nio-8080-exec-223] org.apache.catalina.core.ApplicationContext.log Manager: list: Listing contexts for virtual host 'localhost'
17-Sep-2023 00:19:23.363 INFO [http-nio-8080-exec-213] org.apache.catalina.core.ApplicationContext.log Manager: list: Listing contexts for virtual host 'localhost'
17-Sep-2023 00:19:23.366 INFO [http-nio-8080-exec-215] org.apache.catalina.core.ApplicationContext.log Manager: undeploy: Undeploying web application at '/Proyecto1'
17-Sep-2023 00:19:23.895 INFO [http-nio-8080-exec-230] org.apache.catalina.core.ApplicationContext.log Manager: install: Installing context configuration at 'file:/C:/Users/User/AppData/Local/Temp/context11226645499115806781.xml'
17-Sep-2023 00:19:24.261 INFO [http-nio-8080-exec-205] org.apache.catalina.core.ApplicationContext.log Manager: start: Starting web application '/Proyecto1'
17-Sep-2023 00:21:50.605 INFO [http-nio-8080-exec-205] org.apache.catalina.core.ApplicationContext.log Manager: list: Listing contexts for virtual host 'localhost'
17-Sep-2023 00:21:50.606 INFO [http-nio-8080-exec-240] org.apache.catalina.core.ApplicationContext.log Manager: list: Listing contexts for virtual host 'localhost'
17-Sep-2023 00:21:50.610 INFO [http-nio-8080-exec-230] org.apache.catalina.core.ApplicationContext.log Manager: undeploy: Undeploying web application at '/Proyecto1'
17-Sep-2023 00:21:51.128 INFO [http-nio-8080-exec-235] org.apache.catalina.core.ApplicationContext.log Manager: install: Installing context configuration at 'file:/C:/Users/User/AppData/Local/Temp/context9761192497754189005.xml'
17-Sep-2023 00:21:51.495 INFO [http-nio-8080-exec-233] org.apache.catalina.core.ApplicationContext.log Manager: start: Starting web application '/Proyecto1'
17-Sep-2023 00:22:23.565 INFO [http-nio-8080-exec-240] org.apache.catalina.core.ApplicationContext.log Manager: list: Listing contexts for virtual host 'localhost'
17-Sep-2023 00:22:23.566 INFO [http-nio-8080-exec-242] org.apache.catalina.core.ApplicationContext.log Manager: list: Listing contexts for virtual host 'localhost'
17-Sep-2023 00:22:23.570 INFO [http-nio-8080-exec-236] org.apache.catalina.core.ApplicationContext.log Manager: undeploy: Undeploying web application at '/Proyecto1'
17-Sep-2023 00:22:24.098 INFO [http-nio-8080-exec-242] org.apache.catalina.core.ApplicationContext.log Manager: install: Installing context configuration at 'file:/C:/Users/User/AppData/Local/Temp/context10281783766190933815.xml'
17-Sep-2023 00:22:24.465 INFO [http-nio-8080-exec-244] org.apache.catalina.core.ApplicationContext.log Manager: start: Starting web application '/Proyecto1'
17-Sep-2023 00:24:07.189 INFO [http-nio-8080-exec-249] org.apache.catalina.core.ApplicationContext.log Manager: list: Listing contexts for virtual host 'localhost'
17-Sep-2023 00:24:07.193 INFO [http-nio-8080-exec-250] org.apache.catalina.core.ApplicationContext.log Manager: undeploy: Undeploying web application at '/Proyecto1'
17-Sep-2023 00:24:16.763 INFO [http-nio-8080-exec-245] org.apache.catalina.core.ApplicationContext.log Manager: list: Listing contexts for virtual host 'localhost'
17-Sep-2023 00:24:16.764 INFO [http-nio-8080-exec-247] org.apache.catalina.core.ApplicationContext.log Manager: list: Listing contexts for virtual host 'localhost'
17-Sep-2023 00:24:16.774 INFO [http-nio-8080-exec-244] org.apache.catalina.core.ApplicationContext.log Manager: install: Installing context configuration at 'file:/C:/Users/User/AppData/Local/Temp/context15896322450275141058.xml'
17-Sep-2023 00:24:17.155 INFO [http-nio-8080-exec-250] org.apache.catalina.core.ApplicationContext.log Manager: start: Starting web application '/Proyecto1'
17-Sep-2023 00:26:09.748 INFO [http-nio-8080-exec-253] org.apache.catalina.core.ApplicationContext.log Manager: list: Listing contexts for virtual host 'localhost'
17-Sep-2023 00:26:09.750 INFO [http-nio-8080-exec-257] org.apache.catalina.core.ApplicationContext.log Manager: list: Listing contexts for virtual host 'localhost'
17-Sep-2023 00:26:09.754 INFO [http-nio-8080-exec-252] org.apache.catalina.core.ApplicationContext.log Manager: undeploy: Undeploying web application at '/Proyecto1'
17-Sep-2023 00:26:10.273 INFO [http-nio-8080-exec-258] org.apache.catalina.core.ApplicationContext.log Manager: install: Installing context configuration at 'file:/C:/Users/User/AppData/Local/Temp/context17805847265247719142.xml'
17-Sep-2023 00:26:10.694 INFO [http-nio-8080-exec-244] org.apache.catalina.core.ApplicationContext.log Manager: start: Starting web application '/Proyecto1'
17-Sep-2023 00:26:25.366 INFO [http-nio-8080-exec-253] org.apache.catalina.core.ApplicationContext.log Manager: list: Listing contexts for virtual host 'localhost'
17-Sep-2023 00:26:25.367 INFO [http-nio-8080-exec-255] org.apache.catalina.core.ApplicationContext.log Manager: list: Listing contexts for virtual host 'localhost'
17-Sep-2023 00:26:25.370 INFO [http-nio-8080-exec-260] org.apache.catalina.core.ApplicationContext.log Manager: undeploy: Undeploying web application at '/Proyecto1'
17-Sep-2023 00:26:25.892 INFO [http-nio-8080-exec-261] org.apache.catalina.core.ApplicationContext.log Manager: install: Installing context configuration at 'file:/C:/Users/User/AppData/Local/Temp/context15195745767309113230.xml'
17-Sep-2023 00:26:26.266 INFO [http-nio-8080-exec-244] org.apache.catalina.core.ApplicationContext.log Manager: start: Starting web application '/Proyecto1'
17-Sep-2023 00:27:16.738 INFO [http-nio-8080-exec-267] org.apache.catalina.core.ApplicationContext.log Manager: list: Listing contexts for virtual host 'localhost'
17-Sep-2023 00:27:16.739 INFO [http-nio-8080-exec-268] org.apache.catalina.core.ApplicationContext.log Manager: list: Listing contexts for virtual host 'localhost'
17-Sep-2023 00:27:16.742 INFO [http-nio-8080-exec-264] org.apache.catalina.core.ApplicationContext.log Manager: undeploy: Undeploying web application at '/Proyecto1'
17-Sep-2023 00:27:17.270 INFO [http-nio-8080-exec-265] org.apache.catalina.core.ApplicationContext.log Manager: install: Installing context configuration at 'file:/C:/Users/User/AppData/Local/Temp/context2046780703682379707.xml'
17-Sep-2023 00:27:17.659 INFO [http-nio-8080-exec-270] org.apache.catalina.core.ApplicationContext.log Manager: start: Starting web application '/Proyecto1'
17-Sep-2023 00:28:00.296 INFO [http-nio-8080-exec-273] org.apache.catalina.core.ApplicationContext.log Manager: list: Listing contexts for virtual host 'localhost'
17-Sep-2023 00:28:00.297 INFO [http-nio-8080-exec-274] org.apache.catalina.core.ApplicationContext.log Manager: list: Listing contexts for virtual host 'localhost'
17-Sep-2023 00:28:00.301 INFO [http-nio-8080-exec-265] org.apache.catalina.core.ApplicationContext.log Manager: undeploy: Undeploying web application at '/Proyecto1'
17-Sep-2023 00:28:00.818 INFO [http-nio-8080-exec-271] org.apache.catalina.core.ApplicationContext.log Manager: install: Installing context configuration at 'file:/C:/Users/User/AppData/Local/Temp/context11787914490625452846.xml'
17-Sep-2023 00:28:01.191 INFO [http-nio-8080-exec-274] org.apache.catalina.core.ApplicationContext.log Manager: start: Starting web application '/Proyecto1'
17-Sep-2023 00:28:59.846 INFO [http-nio-8080-exec-271] org.apache.catalina.core.ApplicationContext.log Manager: list: Listing contexts for virtual host 'localhost'
17-Sep-2023 00:28:59.848 INFO [http-nio-8080-exec-265] org.apache.catalina.core.ApplicationContext.log Manager: list: Listing contexts for virtual host 'localhost'
17-Sep-2023 00:28:59.851 INFO [http-nio-8080-exec-281] org.apache.catalina.core.ApplicationContext.log Manager: undeploy: Undeploying web application at '/Proyecto1'
17-Sep-2023 00:29:00.370 INFO [http-nio-8080-exec-267] org.apache.catalina.core.ApplicationContext.log Manager: install: Installing context configuration at 'file:/C:/Users/User/AppData/Local/Temp/context2896486952097825290.xml'
17-Sep-2023 00:29:00.754 INFO [http-nio-8080-exec-273] org.apache.catalina.core.ApplicationContext.log Manager: start: Starting web application '/Proyecto1'
17-Sep-2023 00:36:37.992 INFO [http-nio-8080-exec-289] org.apache.catalina.core.ApplicationContext.log Manager: list: Listing contexts for virtual host 'localhost'
17-Sep-2023 00:36:37.993 INFO [http-nio-8080-exec-290] org.apache.catalina.core.ApplicationContext.log Manager: list: Listing contexts for virtual host 'localhost'
17-Sep-2023 00:36:37.997 INFO [http-nio-8080-exec-291] org.apache.catalina.core.ApplicationContext.log Manager: undeploy: Undeploying web application at '/Proyecto1'
17-Sep-2023 00:36:38.617 INFO [http-nio-8080-exec-286] org.apache.catalina.core.ApplicationContext.log Manager: install: Installing context configuration at 'file:/C:/Users/User/AppData/Local/Temp/context15865622259099208222.xml'
17-Sep-2023 00:36:39.000 INFO [http-nio-8080-exec-288] org.apache.catalina.core.ApplicationContext.log Manager: start: Starting web application '/Proyecto1'
17-Sep-2023 00:37:07.224 INFO [http-nio-8080-exec-283] org.apache.catalina.core.ApplicationContext.log Manager: list: Listing contexts for virtual host 'localhost'
17-Sep-2023 00:37:07.225 INFO [http-nio-8080-exec-297] org.apache.catalina.core.ApplicationContext.log Manager: list: Listing contexts for virtual host 'localhost'
17-Sep-2023 00:37:07.229 INFO [http-nio-8080-exec-294] org.apache.catalina.core.ApplicationContext.log Manager: undeploy: Undeploying web application at '/Proyecto1'
17-Sep-2023 00:37:07.846 INFO [http-nio-8080-exec-297] org.apache.catalina.core.ApplicationContext.log Manager: install: Installing context configuration at 'file:/C:/Users/User/AppData/Local/Temp/context11205500669753586314.xml'
17-Sep-2023 00:37:08.236 INFO [http-nio-8080-exec-298] org.apache.catalina.core.ApplicationContext.log Manager: start: Starting web application '/Proyecto1'
17-Sep-2023 00:38:24.182 INFO [http-nio-8080-exec-306] org.apache.catalina.core.ApplicationContext.log Manager: list: Listing contexts for virtual host 'localhost'
17-Sep-2023 00:38:24.183 INFO [http-nio-8080-exec-307] org.apache.catalina.core.ApplicationContext.log Manager: list: Listing contexts for virtual host 'localhost'
17-Sep-2023 00:38:24.186 INFO [http-nio-8080-exec-308] org.apache.catalina.core.ApplicationContext.log Manager: undeploy: Undeploying web application at '/Proyecto1'
17-Sep-2023 00:38:24.803 INFO [http-nio-8080-exec-302] org.apache.catalina.core.ApplicationContext.log Manager: install: Installing context configuration at 'file:/C:/Users/User/AppData/Local/Temp/context8852155663025127734.xml'
17-Sep-2023 00:38:25.289 INFO [http-nio-8080-exec-303] org.apache.catalina.core.ApplicationContext.log Manager: start: Starting web application '/Proyecto1'
17-Sep-2023 00:41:02.365 INFO [http-nio-8080-exec-315] org.apache.catalina.core.ApplicationContext.log Manager: list: Listing contexts for virtual host 'localhost'
17-Sep-2023 00:41:02.366 INFO [http-nio-8080-exec-316] org.apache.catalina.core.ApplicationContext.log Manager: list: Listing contexts for virtual host 'localhost'
17-Sep-2023 00:41:02.370 INFO [http-nio-8080-exec-317] org.apache.catalina.core.ApplicationContext.log Manager: undeploy: Undeploying web application at '/Proyecto1'
17-Sep-2023 00:41:02.988 INFO [http-nio-8080-exec-309] org.apache.catalina.core.ApplicationContext.log Manager: install: Installing context configuration at 'file:/C:/Users/User/AppData/Local/Temp/context3131187909290017615.xml'
17-Sep-2023 00:41:03.359 INFO [http-nio-8080-exec-312] org.apache.catalina.core.ApplicationContext.log Manager: start: Starting web application '/Proyecto1'
17-Sep-2023 00:41:53.940 INFO [http-nio-8080-exec-313] org.apache.catalina.core.ApplicationContext.log Manager: list: Listing contexts for virtual host 'localhost'
17-Sep-2023 00:41:53.941 INFO [http-nio-8080-exec-321] org.apache.catalina.core.ApplicationContext.log Manager: list: Listing contexts for virtual host 'localhost'
17-Sep-2023 00:41:53.945 INFO [http-nio-8080-exec-318] org.apache.catalina.core.ApplicationContext.log Manager: undeploy: Undeploying web application at '/Proyecto1'
17-Sep-2023 00:41:54.567 INFO [http-nio-8080-exec-322] org.apache.catalina.core.ApplicationContext.log Manager: install: Installing context configuration at 'file:/C:/Users/User/AppData/Local/Temp/context3320193691693544058.xml'
17-Sep-2023 00:41:54.947 INFO [http-nio-8080-exec-317] org.apache.catalina.core.ApplicationContext.log Manager: start: Starting web application '/Proyecto1'
17-Sep-2023 00:42:12.592 INFO [http-nio-8080-exec-320] org.apache.catalina.core.ApplicationContext.log Manager: list: Listing contexts for virtual host 'localhost'
17-Sep-2023 00:42:12.594 INFO [http-nio-8080-exec-301] org.apache.catalina.core.ApplicationContext.log Manager: undeploy: Undeploying web application at '/Proyecto1'
17-Sep-2023 00:42:37.483 INFO [http-nio-8080-exec-301] org.apache.catalina.core.ApplicationContext.log Manager: list: Listing contexts for virtual host 'localhost'
17-Sep-2023 00:42:37.484 INFO [http-nio-8080-exec-320] org.apache.catalina.core.ApplicationContext.log Manager: list: Listing contexts for virtual host 'localhost'
17-Sep-2023 00:42:37.496 INFO [http-nio-8080-exec-328] org.apache.catalina.core.ApplicationContext.log Manager: install: Installing context configuration at 'file:/C:/Users/User/AppData/Local/Temp/context11333165698161064594.xml'
17-Sep-2023 00:42:37.872 INFO [http-nio-8080-exec-329] org.apache.catalina.core.ApplicationContext.log Manager: start: Starting web application '/Proyecto1'
17-Sep-2023 00:45:01.513 INFO [http-nio-8080-exec-328] org.apache.catalina.core.ApplicationContext.log Manager: list: Listing contexts for virtual host 'localhost'
17-Sep-2023 00:45:01.514 INFO [http-nio-8080-exec-335] org.apache.catalina.core.ApplicationContext.log Manager: list: Listing contexts for virtual host 'localhost'
17-Sep-2023 00:45:01.517 INFO [http-nio-8080-exec-336] org.apache.catalina.core.ApplicationContext.log Manager: undeploy: Undeploying web application at '/Proyecto1'
17-Sep-2023 00:45:02.132 INFO [http-nio-8080-exec-333] org.apache.catalina.core.ApplicationContext.log Manager: install: Installing context configuration at 'file:/C:/Users/User/AppData/Local/Temp/context14361140565885726083.xml'
17-Sep-2023 00:45:02.516 INFO [http-nio-8080-exec-332] org.apache.catalina.core.ApplicationContext.log Manager: start: Starting web application '/Proyecto1'
17-Sep-2023 00:45:55.629 INFO [http-nio-8080-exec-338] org.apache.catalina.core.ApplicationContext.log Manager: list: Listing contexts for virtual host 'localhost'
17-Sep-2023 00:45:55.630 INFO [http-nio-8080-exec-342] org.apache.catalina.core.ApplicationContext.log Manager: list: Listing contexts for virtual host 'localhost'
17-Sep-2023 00:45:55.633 INFO [http-nio-8080-exec-339] org.apache.catalina.core.ApplicationContext.log Manager: undeploy: Undeploying web application at '/Proyecto1'
17-Sep-2023 00:45:56.241 INFO [http-nio-8080-exec-344] org.apache.catalina.core.ApplicationContext.log Manager: install: Installing context configuration at 'file:/C:/Users/User/AppData/Local/Temp/context5526374734714883250.xml'
17-Sep-2023 00:46:05.314 INFO [http-nio-8080-exec-343] org.apache.catalina.core.ApplicationContext.log Manager: list: Listing contexts for virtual host 'localhost'
17-Sep-2023 00:46:05.315 INFO [http-nio-8080-exec-342] org.apache.catalina.core.ApplicationContext.log Manager: list: Listing contexts for virtual host 'localhost'
17-Sep-2023 00:46:05.324 INFO [http-nio-8080-exec-339] org.apache.catalina.core.ApplicationContext.log Manager: install: Installing context configuration at 'file:/C:/Users/User/AppData/Local/Temp/context8879055285785776354.xml'
17-Sep-2023 00:46:05.705 INFO [http-nio-8080-exec-344] org.apache.catalina.core.ApplicationContext.log Manager: start: Starting web application '/Proyecto1'
17-Sep-2023 00:49:00.229 INFO [http-nio-8080-exec-349] org.apache.catalina.core.ApplicationContext.log Manager: list: Listing contexts for virtual host 'localhost'
17-Sep-2023 00:49:00.230 INFO [http-nio-8080-exec-352] org.apache.catalina.core.ApplicationContext.log Manager: list: Listing contexts for virtual host 'localhost'
17-Sep-2023 00:49:00.234 INFO [http-nio-8080-exec-353] org.apache.catalina.core.ApplicationContext.log Manager: undeploy: Undeploying web application at '/Proyecto1'
17-Sep-2023 00:49:00.847 INFO [http-nio-8080-exec-345] org.apache.catalina.core.ApplicationContext.log Manager: install: Installing context configuration at 'file:/C:/Users/User/AppData/Local/Temp/context15731831399342024741.xml'
17-Sep-2023 00:49:01.256 INFO [http-nio-8080-exec-349] org.apache.catalina.core.ApplicationContext.log Manager: start: Starting web application '/Proyecto1'
17-Sep-2023 00:49:52.345 INFO [http-nio-8080-exec-355] org.apache.catalina.core.ApplicationContext.log Manager: list: Listing contexts for virtual host 'localhost'
17-Sep-2023 00:49:52.346 INFO [http-nio-8080-exec-358] org.apache.catalina.core.ApplicationContext.log Manager: list: Listing contexts for virtual host 'localhost'
17-Sep-2023 00:49:52.349 INFO [http-nio-8080-exec-356] org.apache.catalina.core.ApplicationContext.log Manager: undeploy: Undeploying web application at '/Proyecto1'
17-Sep-2023 00:49:52.967 INFO [http-nio-8080-exec-357] org.apache.catalina.core.ApplicationContext.log Manager: install: Installing context configuration at 'file:/C:/Users/User/AppData/Local/Temp/context6347729371427414649.xml'
17-Sep-2023 00:49:53.340 INFO [http-nio-8080-exec-355] org.apache.catalina.core.ApplicationContext.log Manager: start: Starting web application '/Proyecto1'
17-Sep-2023 00:51:06.391 INFO [http-nio-8080-exec-366] org.apache.catalina.core.ApplicationContext.log Manager: list: Listing contexts for virtual host 'localhost'
17-Sep-2023 00:51:06.392 INFO [http-nio-8080-exec-367] org.apache.catalina.core.ApplicationContext.log Manager: list: Listing contexts for virtual host 'localhost'
17-Sep-2023 00:51:06.396 INFO [http-nio-8080-exec-368] org.apache.catalina.core.ApplicationContext.log Manager: undeploy: Undeploying web application at '/Proyecto1'
17-Sep-2023 00:51:07.004 INFO [http-nio-8080-exec-367] org.apache.catalina.core.ApplicationContext.log Manager: install: Installing context configuration at 'file:/C:/Users/User/AppData/Local/Temp/context15862686911226239948.xml'
17-Sep-2023 00:51:19.439 INFO [http-nio-8080-exec-366] org.apache.catalina.core.ApplicationContext.log Manager: list: Listing contexts for virtual host 'localhost'
17-Sep-2023 00:51:19.440 INFO [http-nio-8080-exec-346] org.apache.catalina.core.ApplicationContext.log Manager: list: Listing contexts for virtual host 'localhost'
17-Sep-2023 00:51:19.449 INFO [http-nio-8080-exec-368] org.apache.catalina.core.ApplicationContext.log Manager: install: Installing context configuration at 'file:/C:/Users/User/AppData/Local/Temp/context5625465208849369688.xml'
17-Sep-2023 00:51:19.837 INFO [http-nio-8080-exec-367] org.apache.catalina.core.ApplicationContext.log Manager: start: Starting web application '/Proyecto1'
17-Sep-2023 00:52:53.647 INFO [http-nio-8080-exec-366] org.apache.catalina.core.ApplicationContext.log Manager: list: Listing contexts for virtual host 'localhost'
17-Sep-2023 00:52:53.648 INFO [http-nio-8080-exec-376] org.apache.catalina.core.ApplicationContext.log Manager: list: Listing contexts for virtual host 'localhost'
17-Sep-2023 00:52:53.651 INFO [http-nio-8080-exec-365] org.apache.catalina.core.ApplicationContext.log Manager: undeploy: Undeploying web application at '/Proyecto1'
17-Sep-2023 00:52:54.269 INFO [http-nio-8080-exec-369] org.apache.catalina.core.ApplicationContext.log Manager: install: Installing context configuration at 'file:/C:/Users/User/AppData/Local/Temp/context10541547073843040186.xml'
17-Sep-2023 00:52:54.660 INFO [http-nio-8080-exec-374] org.apache.catalina.core.ApplicationContext.log Manager: start: Starting web application '/Proyecto1'
17-Sep-2023 00:54:31.215 INFO [http-nio-8080-exec-383] org.apache.catalina.core.ApplicationContext.log Manager: list: Listing contexts for virtual host 'localhost'
17-Sep-2023 00:54:31.216 INFO [http-nio-8080-exec-384] org.apache.catalina.core.ApplicationContext.log Manager: list: Listing contexts for virtual host 'localhost'
17-Sep-2023 00:54:31.220 INFO [http-nio-8080-exec-375] org.apache.catalina.core.ApplicationContext.log Manager: undeploy: Undeploying web application at '/Proyecto1'
17-Sep-2023 00:54:31.839 INFO [http-nio-8080-exec-380] org.apache.catalina.core.ApplicationContext.log Manager: install: Installing context configuration at 'file:/C:/Users/User/AppData/Local/Temp/context2142875409518661158.xml'
17-Sep-2023 00:54:32.225 INFO [http-nio-8080-exec-382] org.apache.catalina.core.ApplicationContext.log Manager: start: Starting web application '/Proyecto1'
17-Sep-2023 00:55:16.144 INFO [http-nio-8080-exec-387] org.apache.catalina.core.ApplicationContext.log Manager: list: Listing contexts for virtual host 'localhost'
17-Sep-2023 00:55:16.145 INFO [http-nio-8080-exec-391] org.apache.catalina.core.ApplicationContext.log Manager: list: Listing contexts for virtual host 'localhost'
17-Sep-2023 00:55:16.148 INFO [http-nio-8080-exec-388] org.apache.catalina.core.ApplicationContext.log Manager: undeploy: Undeploying web application at '/Proyecto1'
17-Sep-2023 00:55:16.770 INFO [http-nio-8080-exec-385] org.apache.catalina.core.ApplicationContext.log Manager: install: Installing context configuration at 'file:/C:/Users/User/AppData/Local/Temp/context11532908640878658835.xml'
17-Sep-2023 00:55:17.144 INFO [http-nio-8080-exec-390] org.apache.catalina.core.ApplicationContext.log Manager: start: Starting web application '/Proyecto1'
17-Sep-2023 00:56:07.011 INFO [http-nio-8080-exec-388] org.apache.catalina.core.ApplicationContext.log Manager: list: Listing contexts for virtual host 'localhost'
17-Sep-2023 00:56:07.012 INFO [http-nio-8080-exec-398] org.apache.catalina.core.ApplicationContext.log Manager: list: Listing contexts for virtual host 'localhost'
17-Sep-2023 00:56:07.015 INFO [http-nio-8080-exec-394] org.apache.catalina.core.ApplicationContext.log Manager: undeploy: Undeploying web application at '/Proyecto1'
17-Sep-2023 00:56:07.534 INFO [http-nio-8080-exec-397] org.apache.catalina.core.ApplicationContext.log Manager: install: Installing context configuration at 'file:/C:/Users/User/AppData/Local/Temp/context16778995431196477539.xml'
17-Sep-2023 00:56:07.930 INFO [http-nio-8080-exec-398] org.apache.catalina.core.ApplicationContext.log Manager: start: Starting web application '/Proyecto1'
17-Sep-2023 00:57:03.570 INFO [http-nio-8080-exec-388] org.apache.catalina.core.ApplicationContext.log Manager: list: Listing contexts for virtual host 'localhost'
17-Sep-2023 00:57:03.572 INFO [http-nio-8080-exec-403] org.apache.catalina.core.ApplicationContext.log Manager: list: Listing contexts for virtual host 'localhost'
17-Sep-2023 00:57:03.576 INFO [http-nio-8080-exec-397] org.apache.catalina.core.ApplicationContext.log Manager: undeploy: Undeploying web application at '/Proyecto1'
17-Sep-2023 00:57:04.191 INFO [http-nio-8080-exec-396] org.apache.catalina.core.ApplicationContext.log Manager: install: Installing context configuration at 'file:/C:/Users/User/AppData/Local/Temp/context8808141739170903785.xml'
17-Sep-2023 00:57:04.593 INFO [http-nio-8080-exec-405] org.apache.catalina.core.ApplicationContext.log Manager: start: Starting web application '/Proyecto1'
17-Sep-2023 01:04:03.301 INFO [http-nio-8080-exec-412] org.apache.catalina.core.ApplicationContext.log Manager: list: Listing contexts for virtual host 'localhost'
17-Sep-2023 01:04:03.302 INFO [http-nio-8080-exec-413] org.apache.catalina.core.ApplicationContext.log Manager: list: Listing contexts for virtual host 'localhost'
17-Sep-2023 01:04:03.306 INFO [http-nio-8080-exec-414] org.apache.catalina.core.ApplicationContext.log Manager: undeploy: Undeploying web application at '/Proyecto1'
17-Sep-2023 01:04:03.927 INFO [http-nio-8080-exec-411] org.apache.catalina.core.ApplicationContext.log Manager: install: Installing context configuration at 'file:/C:/Users/User/AppData/Local/Temp/context6640314190993683950.xml'
17-Sep-2023 01:04:04.325 INFO [http-nio-8080-exec-406] org.apache.catalina.core.ApplicationContext.log Manager: start: Starting web application '/Proyecto1'
17-Sep-2023 01:05:30.615 INFO [http-nio-8080-exec-422] org.apache.catalina.core.ApplicationContext.log Manager: list: Listing contexts for virtual host 'localhost'
17-Sep-2023 01:05:30.616 INFO [http-nio-8080-exec-423] org.apache.catalina.core.ApplicationContext.log Manager: list: Listing contexts for virtual host 'localhost'
17-Sep-2023 01:05:30.620 INFO [http-nio-8080-exec-425] org.apache.catalina.core.ApplicationContext.log Manager: undeploy: Undeploying web application at '/Proyecto1'
17-Sep-2023 01:05:31.234 INFO [http-nio-8080-exec-423] org.apache.catalina.core.ApplicationContext.log Manager: install: Installing context configuration at 'file:/C:/Users/User/AppData/Local/Temp/context8719178046022188461.xml'
17-Sep-2023 01:05:31.624 INFO [http-nio-8080-exec-424] org.apache.catalina.core.ApplicationContext.log Manager: start: Starting web application '/Proyecto1'
17-Sep-2023 01:05:42.799 INFO [http-nio-8080-exec-417] org.apache.catalina.core.ApplicationContext.log Manager: list: Listing contexts for virtual host 'localhost'
17-Sep-2023 01:05:42.801 INFO [http-nio-8080-exec-427] org.apache.catalina.core.ApplicationContext.log Manager: undeploy: Undeploying web application at '/Proyecto1'
17-Sep-2023 01:05:55.469 INFO [http-nio-8080-exec-427] org.apache.catalina.core.ApplicationContext.log Manager: list: Listing contexts for virtual host 'localhost'
17-Sep-2023 01:05:55.470 INFO [http-nio-8080-exec-422] org.apache.catalina.core.ApplicationContext.log Manager: list: Listing contexts for virtual host 'localhost'
17-Sep-2023 01:05:55.482 INFO [http-nio-8080-exec-421] org.apache.catalina.core.ApplicationContext.log Manager: install: Installing context configuration at 'file:/C:/Users/User/AppData/Local/Temp/context4220019391328558580.xml'
17-Sep-2023 01:05:55.867 INFO [http-nio-8080-exec-429] org.apache.catalina.core.ApplicationContext.log Manager: start: Starting web application '/Proyecto1'
17-Sep-2023 01:07:31.949 INFO [http-nio-8080-exec-435] org.apache.catalina.core.ApplicationContext.log Manager: list: Listing contexts for virtual host 'localhost'
17-Sep-2023 01:07:31.950 INFO [http-nio-8080-exec-436] org.apache.catalina.core.ApplicationContext.log Manager: list: Listing contexts for virtual host 'localhost'
17-Sep-2023 01:07:31.953 INFO [http-nio-8080-exec-427] org.apache.catalina.core.ApplicationContext.log Manager: undeploy: Undeploying web application at '/Proyecto1'
17-Sep-2023 01:07:32.574 INFO [http-nio-8080-exec-433] org.apache.catalina.core.ApplicationContext.log Manager: install: Installing context configuration at 'file:/C:/Users/User/AppData/Local/Temp/context1236286852764474433.xml'
17-Sep-2023 01:07:32.987 INFO [http-nio-8080-exec-431] org.apache.catalina.core.ApplicationContext.log Manager: start: Starting web application '/Proyecto1'
17-Sep-2023 01:08:21.076 INFO [http-nio-8080-exec-435] org.apache.catalina.core.ApplicationContext.log Manager: list: Listing contexts for virtual host 'localhost'
17-Sep-2023 01:08:21.077 INFO [http-nio-8080-exec-439] org.apache.catalina.core.ApplicationContext.log Manager: list: Listing contexts for virtual host 'localhost'
17-Sep-2023 01:08:21.081 INFO [http-nio-8080-exec-437] org.apache.catalina.core.ApplicationContext.log Manager: undeploy: Undeploying web application at '/Proyecto1'
17-Sep-2023 01:08:21.695 INFO [http-nio-8080-exec-438] org.apache.catalina.core.ApplicationContext.log Manager: install: Installing context configuration at 'file:/C:/Users/User/AppData/Local/Temp/context6441456116780101600.xml'
17-Sep-2023 01:08:22.085 INFO [http-nio-8080-exec-432] org.apache.catalina.core.ApplicationContext.log Manager: start: Starting web application '/Proyecto1'
17-Sep-2023 01:09:04.627 INFO [http-nio-8080-exec-439] org.apache.catalina.core.ApplicationContext.log Manager: list: Listing contexts for virtual host 'localhost'
17-Sep-2023 01:09:04.629 INFO [http-nio-8080-exec-446] org.apache.catalina.core.ApplicationContext.log Manager: list: Listing contexts for virtual host 'localhost'
17-Sep-2023 01:09:04.632 INFO [http-nio-8080-exec-442] org.apache.catalina.core.ApplicationContext.log Manager: undeploy: Undeploying web application at '/Proyecto1'
17-Sep-2023 01:09:05.246 INFO [http-nio-8080-exec-446] org.apache.catalina.core.ApplicationContext.log Manager: install: Installing context configuration at 'file:/C:/Users/User/AppData/Local/Temp/context14776740238011555828.xml'
17-Sep-2023 01:09:05.640 INFO [http-nio-8080-exec-447] org.apache.catalina.core.ApplicationContext.log Manager: start: Starting web application '/Proyecto1'
17-Sep-2023 01:10:08.642 INFO [http-nio-8080-exec-453] org.apache.catalina.core.ApplicationContext.log Manager: list: Listing contexts for virtual host 'localhost'
17-Sep-2023 01:10:08.643 INFO [http-nio-8080-exec-449] org.apache.catalina.core.ApplicationContext.log Manager: list: Listing contexts for virtual host 'localhost'
17-Sep-2023 01:10:08.647 INFO [http-nio-8080-exec-454] org.apache.catalina.core.ApplicationContext.log Manager: undeploy: Undeploying web application at '/Proyecto1'
17-Sep-2023 01:10:09.260 INFO [http-nio-8080-exec-439] org.apache.catalina.core.ApplicationContext.log Manager: install: Installing context configuration at 'file:/C:/Users/User/AppData/Local/Temp/context2247261970824100190.xml'
17-Sep-2023 01:10:09.653 INFO [http-nio-8080-exec-448] org.apache.catalina.core.ApplicationContext.log Manager: start: Starting web application '/Proyecto1'
17-Sep-2023 01:10:41.559 INFO [http-nio-8080-exec-453] org.apache.catalina.core.ApplicationContext.log Manager: list: Listing contexts for virtual host 'localhost'
17-Sep-2023 01:10:41.561 INFO [http-nio-8080-exec-459] org.apache.catalina.core.ApplicationContext.log Manager: list: Listing contexts for virtual host 'localhost'
17-Sep-2023 01:10:41.564 INFO [http-nio-8080-exec-456] org.apache.catalina.core.ApplicationContext.log Manager: undeploy: Undeploying web application at '/Proyecto1'
17-Sep-2023 01:10:42.170 INFO [http-nio-8080-exec-449] org.apache.catalina.core.ApplicationContext.log Manager: install: Installing context configuration at 'file:/C:/Users/User/AppData/Local/Temp/context11721103289129926207.xml'
17-Sep-2023 01:10:42.559 INFO [http-nio-8080-exec-459] org.apache.catalina.core.ApplicationContext.log Manager: start: Starting web application '/Proyecto1'
17-Sep-2023 01:12:42.206 INFO [http-nio-8080-exec-468] org.apache.catalina.core.ApplicationContext.log Manager: list: Listing contexts for virtual host 'localhost'
17-Sep-2023 01:12:42.207 INFO [http-nio-8080-exec-469] org.apache.catalina.core.ApplicationContext.log Manager: list: Listing contexts for virtual host 'localhost'
17-Sep-2023 01:12:42.210 INFO [http-nio-8080-exec-450] org.apache.catalina.core.ApplicationContext.log Manager: undeploy: Undeploying web application at '/Proyecto1'
17-Sep-2023 01:12:42.816 INFO [http-nio-8080-exec-466] org.apache.catalina.core.ApplicationContext.log Manager: install: Installing context configuration at 'file:/C:/Users/User/AppData/Local/Temp/context3096833576688376851.xml'
17-Sep-2023 01:12:43.222 INFO [http-nio-8080-exec-463] org.apache.catalina.core.ApplicationContext.log Manager: start: Starting web application '/Proyecto1'
17-Sep-2023 16:06:04.888 INFO [http-nio-8080-exec-4] org.apache.catalina.core.ApplicationContext.log Manager: init: Associated with Deployer 'Catalina:type=Deployer,host=localhost'
17-Sep-2023 16:06:04.888 INFO [http-nio-8080-exec-4] org.apache.catalina.core.ApplicationContext.log Manager: init: Global resources are available
17-Sep-2023 16:06:04.911 INFO [http-nio-8080-exec-7] org.apache.catalina.core.ApplicationContext.log Manager: list: Listing contexts for virtual host 'localhost'
17-Sep-2023 16:06:04.914 INFO [http-nio-8080-exec-8] org.apache.catalina.core.ApplicationContext.log Manager: list: Listing contexts for virtual host 'localhost'
17-Sep-2023 16:06:04.919 INFO [http-nio-8080-exec-9] org.apache.catalina.core.ApplicationContext.log Manager: undeploy: Undeploying web application at '/Proyecto1'
17-Sep-2023 16:06:05.451 INFO [http-nio-8080-exec-3] org.apache.catalina.core.ApplicationContext.log Manager: install: Installing context configuration at 'file:/C:/Users/User/AppData/Local/Temp/context10734150530053599440.xml'
17-Sep-2023 16:06:05.836 INFO [http-nio-8080-exec-6] org.apache.catalina.core.ApplicationContext.log Manager: start: Starting web application '/Proyecto1'
17-Sep-2023 16:07:53.148 INFO [http-nio-8080-exec-16] org.apache.catalina.core.ApplicationContext.log Manager: list: Listing contexts for virtual host 'localhost'
17-Sep-2023 16:07:53.150 INFO [http-nio-8080-exec-17] org.apache.catalina.core.ApplicationContext.log Manager: list: Listing contexts for virtual host 'localhost'
17-Sep-2023 16:07:53.154 INFO [http-nio-8080-exec-18] org.apache.catalina.core.ApplicationContext.log Manager: undeploy: Undeploying web application at '/Proyecto1'
17-Sep-2023 16:07:53.789 INFO [http-nio-8080-exec-17] org.apache.catalina.core.ApplicationContext.log Manager: install: Installing context configuration at 'file:/C:/Users/User/AppData/Local/Temp/context17114924751956036433.xml'
17-Sep-2023 16:08:03.877 INFO [http-nio-8080-exec-12] org.apache.catalina.core.ApplicationContext.log Manager: list: Listing contexts for virtual host 'localhost'
17-Sep-2023 16:08:03.879 INFO [http-nio-8080-exec-15] org.apache.catalina.core.ApplicationContext.log Manager: list: Listing contexts for virtual host 'localhost'
17-Sep-2023 16:08:03.889 INFO [http-nio-8080-exec-14] org.apache.catalina.core.ApplicationContext.log Manager: install: Installing context configuration at 'file:/C:/Users/User/AppData/Local/Temp/context13682506996505244000.xml'
17-Sep-2023 16:08:04.265 INFO [http-nio-8080-exec-18] org.apache.catalina.core.ApplicationContext.log Manager: start: Starting web application '/Proyecto1'
17-Sep-2023 16:08:57.530 INFO [http-nio-8080-exec-12] org.apache.catalina.core.ApplicationContext.log Manager: list: Listing contexts for virtual host 'localhost'
17-Sep-2023 16:08:57.531 INFO [http-nio-8080-exec-16] org.apache.catalina.core.ApplicationContext.log Manager: list: Listing contexts for virtual host 'localhost'
17-Sep-2023 16:08:57.535 INFO [http-nio-8080-exec-23] org.apache.catalina.core.ApplicationContext.log Manager: undeploy: Undeploying web application at '/Proyecto1'
17-Sep-2023 16:08:58.148 INFO [http-nio-8080-exec-22] org.apache.catalina.core.ApplicationContext.log Manager: install: Installing context configuration at 'file:/C:/Users/User/AppData/Local/Temp/context10261531341597180655.xml'
17-Sep-2023 16:08:58.507 INFO [http-nio-8080-exec-25] org.apache.catalina.core.ApplicationContext.log Manager: start: Starting web application '/Proyecto1'
17-Sep-2023 16:09:35.196 INFO [http-nio-8080-exec-12] org.apache.catalina.core.ApplicationContext.log Manager: list: Listing contexts for virtual host 'localhost'
17-Sep-2023 16:09:35.198 INFO [http-nio-8080-exec-28] org.apache.catalina.core.ApplicationContext.log Manager: list: Listing contexts for virtual host 'localhost'
17-Sep-2023 16:09:35.202 INFO [http-nio-8080-exec-13] org.apache.catalina.core.ApplicationContext.log Manager: undeploy: Undeploying web application at '/Proyecto1'
17-Sep-2023 16:09:35.816 INFO [http-nio-8080-exec-30] org.apache.catalina.core.ApplicationContext.log Manager: install: Installing context configuration at 'file:/C:/Users/User/AppData/Local/Temp/context11997581785577363094.xml'
17-Sep-2023 16:09:36.162 INFO [http-nio-8080-exec-29] org.apache.catalina.core.ApplicationContext.log Manager: start: Starting web application '/Proyecto1'
17-Sep-2023 16:15:04.401 INFO [http-nio-8080-exec-36] org.apache.catalina.core.ApplicationContext.log Manager: list: Listing contexts for virtual host 'localhost'
17-Sep-2023 16:15:04.402 INFO [http-nio-8080-exec-37] org.apache.catalina.core.ApplicationContext.log Manager: list: Listing contexts for virtual host 'localhost'
17-Sep-2023 16:15:04.406 INFO [http-nio-8080-exec-39] org.apache.catalina.core.ApplicationContext.log Manager: undeploy: Undeploying web application at '/Proyecto1'
17-Sep-2023 16:15:05.023 INFO [http-nio-8080-exec-34] org.apache.catalina.core.ApplicationContext.log Manager: install: Installing context configuration at 'file:/C:/Users/User/AppData/Local/Temp/context5121964765507998769.xml'
17-Sep-2023 16:15:15.288 INFO [http-nio-8080-exec-40] org.apache.catalina.core.ApplicationContext.log Manager: list: Listing contexts for virtual host 'localhost'
17-Sep-2023 16:15:15.290 INFO [http-nio-8080-exec-38] org.apache.catalina.core.ApplicationContext.log Manager: list: Listing contexts for virtual host 'localhost'
17-Sep-2023 16:15:15.298 INFO [http-nio-8080-exec-33] org.apache.catalina.core.ApplicationContext.log Manager: install: Installing context configuration at 'file:/C:/Users/User/AppData/Local/Temp/context1522146910065252732.xml'
17-Sep-2023 16:15:15.647 INFO [http-nio-8080-exec-35] org.apache.catalina.core.ApplicationContext.log Manager: start: Starting web application '/Proyecto1'
17-Sep-2023 16:16:38.584 INFO [http-nio-8080-exec-43] org.apache.catalina.core.ApplicationContext.log Manager: list: Listing contexts for virtual host 'localhost'
17-Sep-2023 16:16:38.585 INFO [http-nio-8080-exec-47] org.apache.catalina.core.ApplicationContext.log Manager: list: Listing contexts for virtual host 'localhost'
17-Sep-2023 16:16:38.590 INFO [http-nio-8080-exec-48] org.apache.catalina.core.ApplicationContext.log Manager: undeploy: Undeploying web application at '/Proyecto1'
17-Sep-2023 16:16:39.228 INFO [http-nio-8080-exec-43] org.apache.catalina.core.ApplicationContext.log Manager: install: Installing context configuration at 'file:/C:/Users/User/AppData/Local/Temp/context10466917545590509025.xml'
17-Sep-2023 16:16:39.587 INFO [http-nio-8080-exec-49] org.apache.catalina.core.ApplicationContext.log Manager: start: Starting web application '/Proyecto1'
17-Sep-2023 16:19:50.629 INFO [http-nio-8080-exec-55] org.apache.catalina.core.ApplicationContext.log Manager: list: Listing contexts for virtual host 'localhost'
17-Sep-2023 16:19:50.631 INFO [http-nio-8080-exec-57] org.apache.catalina.core.ApplicationContext.log Manager: list: Listing contexts for virtual host 'localhost'
17-Sep-2023 16:19:50.635 INFO [http-nio-8080-exec-58] org.apache.catalina.core.ApplicationContext.log Manager: undeploy: Undeploying web application at '/Proyecto1'
17-Sep-2023 16:19:51.263 INFO [http-nio-8080-exec-53] org.apache.catalina.core.ApplicationContext.log Manager: install: Installing context configuration at 'file:/C:/Users/User/AppData/Local/Temp/context16521250176960269795.xml'
17-Sep-2023 16:19:51.628 INFO [http-nio-8080-exec-55] org.apache.catalina.core.ApplicationContext.log Manager: start: Starting web application '/Proyecto1'
17-Sep-2023 16:30:43.723 INFO [http-nio-8080-exec-65] org.apache.catalina.core.ApplicationContext.log Manager: list: Listing contexts for virtual host 'localhost'
17-Sep-2023 16:30:43.725 INFO [http-nio-8080-exec-66] org.apache.catalina.core.ApplicationContext.log Manager: list: Listing contexts for virtual host 'localhost'
17-Sep-2023 16:30:43.728 INFO [http-nio-8080-exec-67] org.apache.catalina.core.ApplicationContext.log Manager: undeploy: Undeploying web application at '/Proyecto1'
17-Sep-2023 16:30:44.338 INFO [http-nio-8080-exec-65] org.apache.catalina.core.ApplicationContext.log Manager: install: Installing context configuration at 'file:/C:/Users/User/AppData/Local/Temp/context2663083432655495235.xml'
17-Sep-2023 16:30:44.715 INFO [http-nio-8080-exec-69] org.apache.catalina.core.ApplicationContext.log Manager: start: Starting web application '/Proyecto1'
17-Sep-2023 16:32:17.708 INFO [http-nio-8080-exec-75] org.apache.catalina.core.ApplicationContext.log Manager: list: Listing contexts for virtual host 'localhost'
17-Sep-2023 16:32:17.710 INFO [http-nio-8080-exec-79] org.apache.catalina.core.ApplicationContext.log Manager: list: Listing contexts for virtual host 'localhost'
17-Sep-2023 16:32:17.714 INFO [http-nio-8080-exec-77] org.apache.catalina.core.ApplicationContext.log Manager: undeploy: Undeploying web application at '/Proyecto1'
17-Sep-2023 16:32:18.316 INFO [http-nio-8080-exec-76] org.apache.catalina.core.ApplicationContext.log Manager: install: Installing context configuration at 'file:/C:/Users/User/AppData/Local/Temp/context14104814296790851643.xml'
17-Sep-2023 16:32:18.662 INFO [http-nio-8080-exec-75] org.apache.catalina.core.ApplicationContext.log Manager: start: Starting web application '/Proyecto1'
17-Sep-2023 16:33:17.419 INFO [http-nio-8080-exec-71] org.apache.catalina.core.ApplicationContext.log Manager: list: Listing contexts for virtual host 'localhost'
17-Sep-2023 16:33:17.421 INFO [http-nio-8080-exec-77] org.apache.catalina.core.ApplicationContext.log Manager: list: Listing contexts for virtual host 'localhost'
17-Sep-2023 16:33:17.425 INFO [http-nio-8080-exec-83] org.apache.catalina.core.ApplicationContext.log Manager: undeploy: Undeploying web application at '/Proyecto1'
17-Sep-2023 16:33:18.032 INFO [http-nio-8080-exec-81] org.apache.catalina.core.ApplicationContext.log Manager: install: Installing context configuration at 'file:/C:/Users/User/AppData/Local/Temp/context10859607959047482946.xml'
17-Sep-2023 16:33:18.378 INFO [http-nio-8080-exec-82] org.apache.catalina.core.ApplicationContext.log Manager: start: Starting web application '/Proyecto1'
17-Sep-2023 16:38:01.454 INFO [http-nio-8080-exec-89] org.apache.catalina.core.ApplicationContext.log Manager: list: Listing contexts for virtual host 'localhost'
17-Sep-2023 16:38:01.455 INFO [http-nio-8080-exec-90] org.apache.catalina.core.ApplicationContext.log Manager: list: Listing contexts for virtual host 'localhost'
17-Sep-2023 16:38:01.459 INFO [http-nio-8080-exec-91] org.apache.catalina.core.ApplicationContext.log Manager: undeploy: Undeploying web application at '/Proyecto1'
17-Sep-2023 16:38:02.065 INFO [http-nio-8080-exec-95] org.apache.catalina.core.ApplicationContext.log Manager: install: Installing context configuration at 'file:/C:/Users/User/AppData/Local/Temp/context4566080293321552747.xml'
17-Sep-2023 16:38:02.397 INFO [http-nio-8080-exec-86] org.apache.catalina.core.ApplicationContext.log Manager: start: Starting web application '/Proyecto1'
17-Sep-2023 16:39:10.079 INFO [http-nio-8080-exec-95] org.apache.catalina.core.ApplicationContext.log Manager: list: Listing contexts for virtual host 'localhost'
17-Sep-2023 16:39:10.080 INFO [http-nio-8080-exec-99] org.apache.catalina.core.ApplicationContext.log Manager: list: Listing contexts for virtual host 'localhost'
17-Sep-2023 16:39:10.085 INFO [http-nio-8080-exec-100] org.apache.catalina.core.ApplicationContext.log Manager: undeploy: Undeploying web application at '/Proyecto1'
17-Sep-2023 16:39:10.605 INFO [http-nio-8080-exec-95] org.apache.catalina.core.ApplicationContext.log Manager: install: Installing context configuration at 'file:/C:/Users/User/AppData/Local/Temp/context2477592615065826734.xml'
17-Sep-2023 16:39:10.931 INFO [http-nio-8080-exec-96] org.apache.catalina.core.ApplicationContext.log Manager: start: Starting web application '/Proyecto1'
17-Sep-2023 16:40:29.163 INFO [http-nio-8080-exec-109] org.apache.catalina.core.ApplicationContext.log Manager: list: Listing contexts for virtual host 'localhost'
17-Sep-2023 16:40:29.165 INFO [http-nio-8080-exec-110] org.apache.catalina.core.ApplicationContext.log Manager: undeploy: Undeploying web application at '/Proyecto1'
17-Sep-2023 16:40:38.486 INFO [http-nio-8080-exec-104] org.apache.catalina.core.ApplicationContext.log Manager: list: Listing contexts for virtual host 'localhost'
17-Sep-2023 16:40:38.487 INFO [http-nio-8080-exec-111] org.apache.catalina.core.ApplicationContext.log Manager: list: Listing contexts for virtual host 'localhost'
17-Sep-2023 16:40:38.497 INFO [http-nio-8080-exec-106] org.apache.catalina.core.ApplicationContext.log Manager: install: Installing context configuration at 'file:/C:/Users/User/AppData/Local/Temp/context17478854990095605974.xml'
17-Sep-2023 16:40:38.836 INFO [http-nio-8080-exec-110] org.apache.catalina.core.ApplicationContext.log Manager: start: Starting web application '/Proyecto1'
17-Sep-2023 16:42:42.408 INFO [http-nio-8080-exec-119] org.apache.catalina.core.ApplicationContext.log Manager: list: Listing contexts for virtual host 'localhost'
17-Sep-2023 16:42:42.410 INFO [http-nio-8080-exec-118] org.apache.catalina.core.ApplicationContext.log Manager: list: Listing contexts for virtual host 'localhost'
17-Sep-2023 16:42:42.415 INFO [http-nio-8080-exec-120] org.apache.catalina.core.ApplicationContext.log Manager: undeploy: Undeploying web application at '/Proyecto1'
17-Sep-2023 16:42:43.033 INFO [http-nio-8080-exec-118] org.apache.catalina.core.ApplicationContext.log Manager: install: Installing context configuration at 'file:/C:/Users/User/AppData/Local/Temp/context13039598614621333848.xml'
17-Sep-2023 16:42:43.403 INFO [http-nio-8080-exec-115] org.apache.catalina.core.ApplicationContext.log Manager: start: Starting web application '/Proyecto1'
17-Sep-2023 19:54:29.321 INFO [http-nio-8080-exec-2] org.apache.catalina.core.ApplicationContext.log Manager: init: Associated with Deployer 'Catalina:type=Deployer,host=localhost'
17-Sep-2023 19:54:29.321 INFO [http-nio-8080-exec-2] org.apache.catalina.core.ApplicationContext.log Manager: init: Global resources are available
17-Sep-2023 19:54:29.335 INFO [http-nio-8080-exec-3] org.apache.catalina.core.ApplicationContext.log Manager: list: Listing contexts for virtual host 'localhost'
17-Sep-2023 19:54:29.337 INFO [http-nio-8080-exec-5] org.apache.catalina.core.ApplicationContext.log Manager: list: Listing contexts for virtual host 'localhost'
17-Sep-2023 19:54:29.343 INFO [http-nio-8080-exec-6] org.apache.catalina.core.ApplicationContext.log Manager: undeploy: Undeploying web application at '/Proyecto1'
17-Sep-2023 19:54:29.892 INFO [http-nio-8080-exec-1] org.apache.catalina.core.ApplicationContext.log Manager: install: Installing context configuration at 'file:/C:/Users/User/AppData/Local/Temp/context8853926639721973293.xml'
17-Sep-2023 19:54:30.339 INFO [http-nio-8080-exec-3] org.apache.catalina.core.ApplicationContext.log Manager: start: Starting web application '/Proyecto1'
17-Sep-2023 19:54:58.017 INFO [http-nio-8080-exec-2] org.apache.catalina.core.ApplicationContext.log Manager: init: Associated with Deployer 'Catalina:type=Deployer,host=localhost'
17-Sep-2023 19:54:58.017 INFO [http-nio-8080-exec-2] org.apache.catalina.core.ApplicationContext.log Manager: init: Global resources are available
17-Sep-2023 19:54:58.028 INFO [http-nio-8080-exec-3] org.apache.catalina.core.ApplicationContext.log Manager: list: Listing contexts for virtual host 'localhost'
17-Sep-2023 19:54:58.031 INFO [http-nio-8080-exec-5] org.apache.catalina.core.ApplicationContext.log Manager: list: Listing contexts for virtual host 'localhost'
17-Sep-2023 19:54:58.035 INFO [http-nio-8080-exec-6] org.apache.catalina.core.ApplicationContext.log Manager: undeploy: Undeploying web application at '/Proyecto1'
17-Sep-2023 19:54:58.566 INFO [http-nio-8080-exec-1] org.apache.catalina.core.ApplicationContext.log Manager: install: Installing context configuration at 'file:/C:/Users/User/AppData/Local/Temp/context2079617585653244824.xml'
17-Sep-2023 19:54:58.973 INFO [http-nio-8080-exec-10] org.apache.catalina.core.ApplicationContext.log Manager: start: Starting web application '/Proyecto1'
17-Sep-2023 19:56:07.544 INFO [http-nio-8080-exec-2] org.apache.catalina.core.ApplicationContext.log Manager: init: Associated with Deployer 'Catalina:type=Deployer,host=localhost'
17-Sep-2023 19:56:07.544 INFO [http-nio-8080-exec-2] org.apache.catalina.core.ApplicationContext.log Manager: init: Global resources are available
17-Sep-2023 19:56:07.555 INFO [http-nio-8080-exec-3] org.apache.catalina.core.ApplicationContext.log Manager: list: Listing contexts for virtual host 'localhost'
17-Sep-2023 19:56:07.557 INFO [http-nio-8080-exec-5] org.apache.catalina.core.ApplicationContext.log Manager: list: Listing contexts for virtual host 'localhost'
17-Sep-2023 19:56:07.562 INFO [http-nio-8080-exec-6] org.apache.catalina.core.ApplicationContext.log Manager: undeploy: Undeploying web application at '/Proyecto1'
17-Sep-2023 19:56:08.096 INFO [http-nio-8080-exec-2] org.apache.catalina.core.ApplicationContext.log Manager: install: Installing context configuration at 'file:/C:/Users/User/AppData/Local/Temp/context11716591382607396558.xml'
17-Sep-2023 19:56:08.504 INFO [http-nio-8080-exec-8] org.apache.catalina.core.ApplicationContext.log Manager: start: Starting web application '/Proyecto1'
17-Sep-2023 19:58:21.463 INFO [http-nio-8080-exec-5] org.apache.catalina.core.ApplicationContext.log Manager: list: Listing contexts for virtual host 'localhost'
17-Sep-2023 19:58:21.466 INFO [http-nio-8080-exec-19] org.apache.catalina.core.ApplicationContext.log Manager: undeploy: Undeploying web application at '/Proyecto1'
17-Sep-2023 19:58:39.443 INFO [http-nio-8080-exec-12] org.apache.catalina.core.ApplicationContext.log Manager: list: Listing contexts for virtual host 'localhost'
17-Sep-2023 19:58:39.446 INFO [http-nio-8080-exec-20] org.apache.catalina.core.ApplicationContext.log Manager: list: Listing contexts for virtual host 'localhost'
17-Sep-2023 19:58:39.464 INFO [http-nio-8080-exec-13] org.apache.catalina.core.ApplicationContext.log Manager: install: Installing context configuration at 'file:/C:/Users/User/AppData/Local/Temp/context7386470604086711942.xml'
17-Sep-2023 19:58:39.911 INFO [http-nio-8080-exec-11] org.apache.catalina.core.ApplicationContext.log Manager: start: Starting web application '/Proyecto1'
17-Sep-2023 19:58:54.754 INFO [http-nio-8080-exec-11] org.apache.catalina.core.ApplicationContext.log Manager: list: Listing contexts for virtual host 'localhost'
17-Sep-2023 19:58:54.755 INFO [http-nio-8080-exec-16] org.apache.catalina.core.ApplicationContext.log Manager: list: Listing contexts for virtual host 'localhost'
17-Sep-2023 19:58:54.759 INFO [http-nio-8080-exec-22] org.apache.catalina.core.ApplicationContext.log Manager: undeploy: Undeploying web application at '/Proyecto1'
17-Sep-2023 19:58:55.291 INFO [http-nio-8080-exec-13] org.apache.catalina.core.ApplicationContext.log Manager: install: Installing context configuration at 'file:/C:/Users/User/AppData/Local/Temp/context9419609517112225430.xml'
17-Sep-2023 19:58:55.690 INFO [http-nio-8080-exec-19] org.apache.catalina.core.ApplicationContext.log Manager: start: Starting web application '/Proyecto1'
17-Sep-2023 20:00:17.469 INFO [http-nio-8080-exec-34] org.apache.catalina.core.ApplicationContext.log Manager: list: Listing contexts for virtual host 'localhost'
17-Sep-2023 20:00:17.471 INFO [http-nio-8080-exec-31] org.apache.catalina.core.ApplicationContext.log Manager: list: Listing contexts for virtual host 'localhost'
17-Sep-2023 20:00:17.475 INFO [http-nio-8080-exec-32] org.apache.catalina.core.ApplicationContext.log Manager: undeploy: Undeploying web application at '/Proyecto1'
17-Sep-2023 20:00:18.000 INFO [http-nio-8080-exec-27] org.apache.catalina.core.ApplicationContext.log Manager: install: Installing context configuration at 'file:/C:/Users/User/AppData/Local/Temp/context14022371629942157094.xml'
17-Sep-2023 20:00:33.629 INFO [http-nio-8080-exec-30] org.apache.catalina.core.ApplicationContext.log Manager: list: Listing contexts for virtual host 'localhost'
17-Sep-2023 20:00:33.630 INFO [http-nio-8080-exec-34] org.apache.catalina.core.ApplicationContext.log Manager: list: Listing contexts for virtual host 'localhost'
17-Sep-2023 20:00:33.641 INFO [http-nio-8080-exec-29] org.apache.catalina.core.ApplicationContext.log Manager: install: Installing context configuration at 'file:/C:/Users/User/AppData/Local/Temp/context2480384472955816577.xml'
17-Sep-2023 20:00:34.042 INFO [http-nio-8080-exec-32] org.apache.catalina.core.ApplicationContext.log Manager: start: Starting web application '/Proyecto1'
17-Sep-2023 20:03:48.610 INFO [http-nio-8080-exec-39] org.apache.catalina.core.ApplicationContext.log Manager: list: Listing contexts for virtual host 'localhost'
17-Sep-2023 20:03:48.611 INFO [http-nio-8080-exec-41] org.apache.catalina.core.ApplicationContext.log Manager: list: Listing contexts for virtual host 'localhost'
17-Sep-2023 20:03:48.616 INFO [http-nio-8080-exec-40] org.apache.catalina.core.ApplicationContext.log Manager: undeploy: Undeploying web application at '/Proyecto1'
17-Sep-2023 20:03:49.257 INFO [http-nio-8080-exec-43] org.apache.catalina.core.ApplicationContext.log Manager: install: Installing context configuration at 'file:/C:/Users/User/AppData/Local/Temp/context8808947031133604079.xml'
17-Sep-2023 20:03:49.651 INFO [http-nio-8080-exec-44] org.apache.catalina.core.ApplicationContext.log Manager: start: Starting web application '/Proyecto1'
17-Sep-2023 20:04:11.570 INFO [http-nio-8080-exec-35] org.apache.catalina.core.ApplicationContext.log Manager: list: Listing contexts for virtual host 'localhost'
17-Sep-2023 20:04:11.572 INFO [http-nio-8080-exec-48] org.apache.catalina.core.ApplicationContext.log Manager: list: Listing contexts for virtual host 'localhost'
17-Sep-2023 20:04:11.577 INFO [http-nio-8080-exec-36] org.apache.catalina.core.ApplicationContext.log Manager: undeploy: Undeploying web application at '/Proyecto1'
17-Sep-2023 20:04:12.202 INFO [http-nio-8080-exec-46] org.apache.catalina.core.ApplicationContext.log Manager: install: Installing context configuration at 'file:/C:/Users/User/AppData/Local/Temp/context3753745910600675394.xml'
17-Sep-2023 20:04:12.578 INFO [http-nio-8080-exec-50] org.apache.catalina.core.ApplicationContext.log Manager: start: Starting web application '/Proyecto1'
17-Sep-2023 20:04:48.974 INFO [http-nio-8080-exec-52] org.apache.catalina.core.ApplicationContext.log Manager: list: Listing contexts for virtual host 'localhost'
17-Sep-2023 20:04:48.975 INFO [http-nio-8080-exec-53] org.apache.catalina.core.ApplicationContext.log Manager: list: Listing contexts for virtual host 'localhost'
17-Sep-2023 20:04:48.980 INFO [http-nio-8080-exec-54] org.apache.catalina.core.ApplicationContext.log Manager: undeploy: Undeploying web application at '/Proyecto1'
17-Sep-2023 20:04:49.507 INFO [http-nio-8080-exec-55] org.apache.catalina.core.ApplicationContext.log Manager: install: Installing context configuration at 'file:/C:/Users/User/AppData/Local/Temp/context9156952401788423995.xml'
17-Sep-2023 20:04:49.904 INFO [http-nio-8080-exec-53] org.apache.catalina.core.ApplicationContext.log Manager: start: Starting web application '/Proyecto1'
17-Sep-2023 20:05:08.102 INFO [http-nio-8080-exec-57] org.apache.catalina.core.ApplicationContext.log Manager: list: Listing contexts for virtual host 'localhost'
17-Sep-2023 20:05:08.103 INFO [http-nio-8080-exec-47] org.apache.catalina.core.ApplicationContext.log Manager: list: Listing contexts for virtual host 'localhost'
17-Sep-2023 20:05:08.107 INFO [http-nio-8080-exec-58] org.apache.catalina.core.ApplicationContext.log Manager: undeploy: Undeploying web application at '/Proyecto1'
17-Sep-2023 20:05:08.736 INFO [http-nio-8080-exec-59] org.apache.catalina.core.ApplicationContext.log Manager: install: Installing context configuration at 'file:/C:/Users/User/AppData/Local/Temp/context10258881479378031380.xml'
17-Sep-2023 20:05:09.116 INFO [http-nio-8080-exec-53] org.apache.catalina.core.ApplicationContext.log Manager: start: Starting web application '/Proyecto1'
17-Sep-2023 20:06:03.921 INFO [http-nio-8080-exec-63] org.apache.catalina.core.ApplicationContext.log Manager: list: Listing contexts for virtual host 'localhost'
17-Sep-2023 20:06:03.922 INFO [http-nio-8080-exec-55] org.apache.catalina.core.ApplicationContext.log Manager: list: Listing contexts for virtual host 'localhost'
17-Sep-2023 20:06:03.926 INFO [http-nio-8080-exec-64] org.apache.catalina.core.ApplicationContext.log Manager: undeploy: Undeploying web application at '/Proyecto1'
17-Sep-2023 20:06:04.457 INFO [http-nio-8080-exec-62] org.apache.catalina.core.ApplicationContext.log Manager: install: Installing context configuration at 'file:/C:/Users/User/AppData/Local/Temp/context7526869848180507469.xml'
17-Sep-2023 20:06:04.860 INFO [http-nio-8080-exec-48] org.apache.catalina.core.ApplicationContext.log Manager: start: Starting web application '/Proyecto1'
17-Sep-2023 20:06:17.845 INFO [http-nio-8080-exec-67] org.apache.catalina.core.ApplicationContext.log Manager: list: Listing contexts for virtual host 'localhost'
17-Sep-2023 20:06:17.847 INFO [http-nio-8080-exec-55] org.apache.catalina.core.ApplicationContext.log Manager: list: Listing contexts for virtual host 'localhost'
17-Sep-2023 20:06:17.851 INFO [http-nio-8080-exec-68] org.apache.catalina.core.ApplicationContext.log Manager: undeploy: Undeploying web application at '/Proyecto1'
17-Sep-2023 20:06:18.476 INFO [http-nio-8080-exec-66] org.apache.catalina.core.ApplicationContext.log Manager: install: Installing context configuration at 'file:/C:/Users/User/AppData/Local/Temp/context12296069927664122113.xml'
17-Sep-2023 20:06:18.849 INFO [http-nio-8080-exec-61] org.apache.catalina.core.ApplicationContext.log Manager: start: Starting web application '/Proyecto1'
17-Sep-2023 20:10:43.916 INFO [http-nio-8080-exec-75] org.apache.catalina.core.ApplicationContext.log Manager: list: Listing contexts for virtual host 'localhost'
17-Sep-2023 20:10:43.917 INFO [http-nio-8080-exec-76] org.apache.catalina.core.ApplicationContext.log Manager: list: Listing contexts for virtual host 'localhost'
17-Sep-2023 20:10:43.922 INFO [http-nio-8080-exec-77] org.apache.catalina.core.ApplicationContext.log Manager: undeploy: Undeploying web application at '/Proyecto1'
17-Sep-2023 20:10:44.449 INFO [http-nio-8080-exec-74] org.apache.catalina.core.ApplicationContext.log Manager: install: Installing context configuration at 'file:/C:/Users/User/AppData/Local/Temp/context17525404921320905115.xml'
17-Sep-2023 20:10:44.819 INFO [http-nio-8080-exec-75] org.apache.catalina.core.ApplicationContext.log Manager: start: Starting web application '/Proyecto1'
17-Sep-2023 20:11:27.276 INFO [http-nio-8080-exec-72] org.apache.catalina.core.ApplicationContext.log Manager: list: Listing contexts for virtual host 'localhost'
17-Sep-2023 20:11:27.278 INFO [http-nio-8080-exec-73] org.apache.catalina.core.ApplicationContext.log Manager: list: Listing contexts for virtual host 'localhost'
17-Sep-2023 20:11:27.282 INFO [http-nio-8080-exec-83] org.apache.catalina.core.ApplicationContext.log Manager: undeploy: Undeploying web application at '/Proyecto1'
17-Sep-2023 20:11:27.898 INFO [http-nio-8080-exec-72] org.apache.catalina.core.ApplicationContext.log Manager: install: Installing context configuration at 'file:/C:/Users/User/AppData/Local/Temp/context13631854367348380742.xml'
17-Sep-2023 20:11:28.273 INFO [http-nio-8080-exec-79] org.apache.catalina.core.ApplicationContext.log Manager: start: Starting web application '/Proyecto1'
17-Sep-2023 20:38:08.450 INFO [http-nio-8080-exec-92] org.apache.catalina.core.ApplicationContext.log Manager: list: Listing contexts for virtual host 'localhost'
17-Sep-2023 20:38:08.451 INFO [http-nio-8080-exec-93] org.apache.catalina.core.ApplicationContext.log Manager: list: Listing contexts for virtual host 'localhost'
17-Sep-2023 20:38:08.456 INFO [http-nio-8080-exec-94] org.apache.catalina.core.ApplicationContext.log Manager: undeploy: Undeploying web application at '/Proyecto1'
17-Sep-2023 20:38:09.074 INFO [http-nio-8080-exec-95] org.apache.catalina.core.ApplicationContext.log Manager: install: Installing context configuration at 'file:/C:/Users/User/AppData/Local/Temp/context1299177048576592076.xml'
17-Sep-2023 20:38:09.448 INFO [http-nio-8080-exec-91] org.apache.catalina.core.ApplicationContext.log Manager: start: Starting web application '/Proyecto1'
17-Sep-2023 20:38:35.691 INFO [http-nio-8080-exec-98] org.apache.catalina.core.ApplicationContext.log Manager: list: Listing contexts for virtual host 'localhost'
17-Sep-2023 20:38:35.693 INFO [http-nio-8080-exec-90] org.apache.catalina.core.ApplicationContext.log Manager: list: Listing contexts for virtual host 'localhost'
17-Sep-2023 20:38:35.696 INFO [http-nio-8080-exec-99] org.apache.catalina.core.ApplicationContext.log Manager: undeploy: Undeploying web application at '/Proyecto1'
17-Sep-2023 20:38:36.323 INFO [http-nio-8080-exec-96] org.apache.catalina.core.ApplicationContext.log Manager: install: Installing context configuration at 'file:/C:/Users/User/AppData/Local/Temp/context7748225179499497105.xml'
17-Sep-2023 20:38:36.705 INFO [http-nio-8080-exec-89] org.apache.catalina.core.ApplicationContext.log Manager: start: Starting web application '/Proyecto1'
17-Sep-2023 20:39:52.264 INFO [http-nio-8080-exec-106] org.apache.catalina.core.ApplicationContext.log Manager: list: Listing contexts for virtual host 'localhost'
17-Sep-2023 20:39:52.265 INFO [http-nio-8080-exec-107] org.apache.catalina.core.ApplicationContext.log Manager: list: Listing contexts for virtual host 'localhost'
17-Sep-2023 20:39:52.268 INFO [http-nio-8080-exec-89] org.apache.catalina.core.ApplicationContext.log Manager: undeploy: Undeploying web application at '/Proyecto1'
17-Sep-2023 20:39:52.882 INFO [http-nio-8080-exec-106] org.apache.catalina.core.ApplicationContext.log Manager: install: Installing context configuration at 'file:/C:/Users/User/AppData/Local/Temp/context7972119416418894862.xml'
17-Sep-2023 20:39:53.261 INFO [http-nio-8080-exec-108] org.apache.catalina.core.ApplicationContext.log Manager: start: Starting web application '/Proyecto1'
17-Sep-2023 20:40:41.260 INFO [http-nio-8080-exec-113] org.apache.catalina.core.ApplicationContext.log Manager: list: Listing contexts for virtual host 'localhost'
17-Sep-2023 20:40:41.261 INFO [http-nio-8080-exec-102] org.apache.catalina.core.ApplicationContext.log Manager: list: Listing contexts for virtual host 'localhost'
17-Sep-2023 20:40:41.265 INFO [http-nio-8080-exec-114] org.apache.catalina.core.ApplicationContext.log Manager: undeploy: Undeploying web application at '/Proyecto1'
17-Sep-2023 20:40:41.891 INFO [http-nio-8080-exec-111] org.apache.catalina.core.ApplicationContext.log Manager: install: Installing context configuration at 'file:/C:/Users/User/AppData/Local/Temp/context6622856969187105694.xml'
17-Sep-2023 20:40:42.273 INFO [http-nio-8080-exec-107] org.apache.catalina.core.ApplicationContext.log Manager: start: Starting web application '/Proyecto1'
17-Sep-2023 20:49:28.377 INFO [http-nio-8080-exec-124] org.apache.catalina.core.ApplicationContext.log Manager: list: Listing contexts for virtual host 'localhost'
17-Sep-2023 20:49:28.379 INFO [http-nio-8080-exec-123] org.apache.catalina.core.ApplicationContext.log Manager: list: Listing contexts for virtual host 'localhost'
17-Sep-2023 20:49:28.383 INFO [http-nio-8080-exec-125] org.apache.catalina.core.ApplicationContext.log Manager: undeploy: Undeploying web application at '/Proyecto1'
17-Sep-2023 20:49:28.996 INFO [http-nio-8080-exec-122] org.apache.catalina.core.ApplicationContext.log Manager: install: Installing context configuration at 'file:/C:/Users/User/AppData/Local/Temp/context12703202844839520680.xml'
17-Sep-2023 20:49:29.369 INFO [http-nio-8080-exec-118] org.apache.catalina.core.ApplicationContext.log Manager: start: Starting web application '/Proyecto1'
17-Sep-2023 20:49:41.741 INFO [http-nio-8080-exec-118] org.apache.catalina.core.ApplicationContext.log Manager: list: Listing contexts for virtual host 'localhost'
17-Sep-2023 20:49:41.743 INFO [http-nio-8080-exec-128] org.apache.catalina.core.ApplicationContext.log Manager: list: Listing contexts for virtual host 'localhost'
17-Sep-2023 20:49:41.747 INFO [http-nio-8080-exec-119] org.apache.catalina.core.ApplicationContext.log Manager: undeploy: Undeploying web application at '/Proyecto1'
17-Sep-2023 20:49:42.361 INFO [http-nio-8080-exec-122] org.apache.catalina.core.ApplicationContext.log Manager: install: Installing context configuration at 'file:/C:/Users/User/AppData/Local/Temp/context16274847221440725002.xml'
17-Sep-2023 20:49:42.730 INFO [http-nio-8080-exec-123] org.apache.catalina.core.ApplicationContext.log Manager: start: Starting web application '/Proyecto1'
17-Sep-2023 20:51:38.079 INFO [http-nio-8080-exec-135] org.apache.catalina.core.ApplicationContext.log Manager: list: Listing contexts for virtual host 'localhost'
17-Sep-2023 20:51:38.080 INFO [http-nio-8080-exec-119] org.apache.catalina.core.ApplicationContext.log Manager: list: Listing contexts for virtual host 'localhost'
17-Sep-2023 20:51:38.084 INFO [http-nio-8080-exec-122] org.apache.catalina.core.ApplicationContext.log Manager: undeploy: Undeploying web application at '/Proyecto1'
17-Sep-2023 20:51:38.701 INFO [http-nio-8080-exec-123] org.apache.catalina.core.ApplicationContext.log Manager: install: Installing context configuration at 'file:/C:/Users/User/AppData/Local/Temp/context14905318720088816966.xml'
17-Sep-2023 20:51:39.067 INFO [http-nio-8080-exec-135] org.apache.catalina.core.ApplicationContext.log Manager: start: Starting web application '/Proyecto1'
17-Sep-2023 20:52:25.303 INFO [http-nio-8080-exec-139] org.apache.catalina.core.ApplicationContext.log Manager: list: Listing contexts for virtual host 'localhost'
17-Sep-2023 20:52:25.305 INFO [http-nio-8080-exec-140] org.apache.catalina.core.ApplicationContext.log Manager: list: Listing contexts for virtual host 'localhost'
17-Sep-2023 20:52:25.309 INFO [http-nio-8080-exec-141] org.apache.catalina.core.ApplicationContext.log Manager: undeploy: Undeploying web application at '/Proyecto1'
17-Sep-2023 20:52:25.919 INFO [http-nio-8080-exec-138] org.apache.catalina.core.ApplicationContext.log Manager: install: Installing context configuration at 'file:/C:/Users/User/AppData/Local/Temp/context17840932524124589226.xml'
17-Sep-2023 20:52:26.287 INFO [http-nio-8080-exec-143] org.apache.catalina.core.ApplicationContext.log Manager: start: Starting web application '/Proyecto1'
17-Sep-2023 20:52:49.791 INFO [http-nio-8080-exec-144] org.apache.catalina.core.ApplicationContext.log Manager: list: Listing contexts for virtual host 'localhost'
17-Sep-2023 20:52:49.792 INFO [http-nio-8080-exec-140] org.apache.catalina.core.ApplicationContext.log Manager: list: Listing contexts for virtual host 'localhost'
17-Sep-2023 20:52:49.795 INFO [http-nio-8080-exec-145] org.apache.catalina.core.ApplicationContext.log Manager: undeploy: Undeploying web application at '/Proyecto1'
17-Sep-2023 20:52:50.411 INFO [http-nio-8080-exec-143] org.apache.catalina.core.ApplicationContext.log Manager: install: Installing context configuration at 'file:/C:/Users/User/AppData/Local/Temp/context4026769503141717554.xml'
17-Sep-2023 20:52:50.781 INFO [http-nio-8080-exec-138] org.apache.catalina.core.ApplicationContext.log Manager: start: Starting web application '/Proyecto1'
17-Sep-2023 20:53:24.016 INFO [http-nio-8080-exec-151] org.apache.catalina.core.ApplicationContext.log Manager: list: Listing contexts for virtual host 'localhost'
17-Sep-2023 20:53:24.017 INFO [http-nio-8080-exec-137] org.apache.catalina.core.ApplicationContext.log Manager: list: Listing contexts for virtual host 'localhost'
17-Sep-2023 20:53:24.021 INFO [http-nio-8080-exec-145] org.apache.catalina.core.ApplicationContext.log Manager: undeploy: Undeploying web application at '/Proyecto1'
17-Sep-2023 20:53:24.633 INFO [http-nio-8080-exec-154] org.apache.catalina.core.ApplicationContext.log Manager: install: Installing context configuration at 'file:/C:/Users/User/AppData/Local/Temp/context11084510123062953034.xml'
17-Sep-2023 20:53:24.997 INFO [http-nio-8080-exec-147] org.apache.catalina.core.ApplicationContext.log Manager: start: Starting web application '/Proyecto1'
17-Sep-2023 20:55:44.570 INFO [http-nio-8080-exec-161] org.apache.catalina.core.ApplicationContext.log Manager: list: Listing contexts for virtual host 'localhost'
17-Sep-2023 20:55:44.571 INFO [http-nio-8080-exec-162] org.apache.catalina.core.ApplicationContext.log Manager: list: Listing contexts for virtual host 'localhost'
17-Sep-2023 20:55:44.575 INFO [http-nio-8080-exec-147] org.apache.catalina.core.ApplicationContext.log Manager: undeploy: Undeploying web application at '/Proyecto1'
17-Sep-2023 20:55:45.195 INFO [http-nio-8080-exec-159] org.apache.catalina.core.ApplicationContext.log Manager: install: Installing context configuration at 'file:/C:/Users/User/AppData/Local/Temp/context17314304264286097286.xml'
17-Sep-2023 20:55:45.556 INFO [http-nio-8080-exec-156] org.apache.catalina.core.ApplicationContext.log Manager: start: Starting web application '/Proyecto1'
17-Sep-2023 20:55:57.114 INFO [http-nio-8080-exec-160] org.apache.catalina.core.ApplicationContext.log Manager: list: Listing contexts for virtual host 'localhost'
17-Sep-2023 20:55:57.115 INFO [http-nio-8080-exec-163] org.apache.catalina.core.ApplicationContext.log Manager: list: Listing contexts for virtual host 'localhost'
17-Sep-2023 20:55:57.118 INFO [http-nio-8080-exec-164] org.apache.catalina.core.ApplicationContext.log Manager: undeploy: Undeploying web application at '/Proyecto1'
17-Sep-2023 20:55:57.727 INFO [http-nio-8080-exec-147] org.apache.catalina.core.ApplicationContext.log Manager: install: Installing context configuration at 'file:/C:/Users/User/AppData/Local/Temp/context1276858934020935622.xml'
17-Sep-2023 20:55:58.085 INFO [http-nio-8080-exec-159] org.apache.catalina.core.ApplicationContext.log Manager: start: Starting web application '/Proyecto1'
17-Sep-2023 21:02:22.728 INFO [http-nio-8080-exec-172] org.apache.catalina.core.ApplicationContext.log Manager: list: Listing contexts for virtual host 'localhost'
17-Sep-2023 21:02:22.730 INFO [http-nio-8080-exec-173] org.apache.catalina.core.ApplicationContext.log Manager: list: Listing contexts for virtual host 'localhost'
17-Sep-2023 21:02:22.734 INFO [http-nio-8080-exec-174] org.apache.catalina.core.ApplicationContext.log Manager: undeploy: Undeploying web application at '/Proyecto1'
17-Sep-2023 21:02:23.354 INFO [http-nio-8080-exec-175] org.apache.catalina.core.ApplicationContext.log Manager: install: Installing context configuration at 'file:/C:/Users/User/AppData/Local/Temp/context3467563958059436169.xml'
17-Sep-2023 21:02:23.727 INFO [http-nio-8080-exec-169] org.apache.catalina.core.ApplicationContext.log Manager: start: Starting web application '/Proyecto1'
17-Sep-2023 21:02:36.220 INFO [http-nio-8080-exec-177] org.apache.catalina.core.ApplicationContext.log Manager: list: Listing contexts for virtual host 'localhost'
17-Sep-2023 21:02:36.221 INFO [http-nio-8080-exec-170] org.apache.catalina.core.ApplicationContext.log Manager: list: Listing contexts for virtual host 'localhost'
17-Sep-2023 21:02:36.225 INFO [http-nio-8080-exec-178] org.apache.catalina.core.ApplicationContext.log Manager: undeploy: Undeploying web application at '/Proyecto1'
17-Sep-2023 21:02:36.845 INFO [http-nio-8080-exec-168] org.apache.catalina.core.ApplicationContext.log Manager: install: Installing context configuration at 'file:/C:/Users/User/AppData/Local/Temp/context6896898209079329817.xml'
17-Sep-2023 21:02:37.207 INFO [http-nio-8080-exec-169] org.apache.catalina.core.ApplicationContext.log Manager: start: Starting web application '/Proyecto1'
17-Sep-2023 21:03:43.004 INFO [http-nio-8080-exec-169] org.apache.catalina.core.ApplicationContext.log Manager: list: Listing contexts for virtual host 'localhost'
17-Sep-2023 21:03:43.005 INFO [http-nio-8080-exec-178] org.apache.catalina.core.ApplicationContext.log Manager: list: Listing contexts for virtual host 'localhost'
17-Sep-2023 21:03:43.009 INFO [http-nio-8080-exec-168] org.apache.catalina.core.ApplicationContext.log Manager: undeploy: Undeploying web application at '/Proyecto1'
17-Sep-2023 21:03:43.621 INFO [http-nio-8080-exec-184] org.apache.catalina.core.ApplicationContext.log Manager: install: Installing context configuration at 'file:/C:/Users/User/AppData/Local/Temp/context16451795311449255924.xml'
17-Sep-2023 21:03:43.991 INFO [http-nio-8080-exec-183] org.apache.catalina.core.ApplicationContext.log Manager: start: Starting web application '/Proyecto1'
17-Sep-2023 21:05:05.650 INFO [http-nio-8080-exec-183] org.apache.catalina.core.ApplicationContext.log Manager: list: Listing contexts for virtual host 'localhost'
17-Sep-2023 21:05:05.651 INFO [http-nio-8080-exec-195] org.apache.catalina.core.ApplicationContext.log Manager: list: Listing contexts for virtual host 'localhost'
17-Sep-2023 21:05:05.655 INFO [http-nio-8080-exec-193] org.apache.catalina.core.ApplicationContext.log Manager: undeploy: Undeploying web application at '/Proyecto1'
17-Sep-2023 21:05:06.175 INFO [http-nio-8080-exec-188] org.apache.catalina.core.ApplicationContext.log Manager: install: Installing context configuration at 'file:/C:/Users/User/AppData/Local/Temp/context8147604368186282346.xml'
17-Sep-2023 21:05:06.568 INFO [http-nio-8080-exec-192] org.apache.catalina.core.ApplicationContext.log Manager: start: Starting web application '/Proyecto1'
17-Sep-2023 21:05:25.624 INFO [http-nio-8080-exec-189] org.apache.catalina.core.ApplicationContext.log Manager: list: Listing contexts for virtual host 'localhost'
17-Sep-2023 21:05:25.627 INFO [http-nio-8080-exec-197] org.apache.catalina.core.ApplicationContext.log Manager: undeploy: Undeploying web application at '/Proyecto1'
17-Sep-2023 21:05:37.246 INFO [http-nio-8080-exec-192] org.apache.catalina.core.ApplicationContext.log Manager: list: Listing contexts for virtual host 'localhost'
17-Sep-2023 21:05:37.247 INFO [http-nio-8080-exec-197] org.apache.catalina.core.ApplicationContext.log Manager: list: Listing contexts for virtual host 'localhost'
17-Sep-2023 21:05:37.262 INFO [http-nio-8080-exec-193] org.apache.catalina.core.ApplicationContext.log Manager: install: Installing context configuration at 'file:/C:/Users/User/AppData/Local/Temp/context843801682243972626.xml'
17-Sep-2023 21:05:37.644 INFO [http-nio-8080-exec-199] org.apache.catalina.core.ApplicationContext.log Manager: start: Starting web application '/Proyecto1'
17-Sep-2023 21:06:17.339 INFO [http-nio-8080-exec-202] org.apache.catalina.core.ApplicationContext.log Manager: list: Listing contexts for virtual host 'localhost'
17-Sep-2023 21:06:17.340 INFO [http-nio-8080-exec-196] org.apache.catalina.core.ApplicationContext.log Manager: list: Listing contexts for virtual host 'localhost'
17-Sep-2023 21:06:17.344 INFO [http-nio-8080-exec-203] org.apache.catalina.core.ApplicationContext.log Manager: undeploy: Undeploying web application at '/Proyecto1'
17-Sep-2023 21:06:17.866 INFO [http-nio-8080-exec-206] org.apache.catalina.core.ApplicationContext.log Manager: install: Installing context configuration at 'file:/C:/Users/User/AppData/Local/Temp/context3091231984113108762.xml'
17-Sep-2023 21:06:18.242 INFO [http-nio-8080-exec-204] org.apache.catalina.core.ApplicationContext.log Manager: start: Starting web application '/Proyecto1'
17-Sep-2023 21:08:08.880 INFO [http-nio-8080-exec-206] org.apache.catalina.core.ApplicationContext.log Manager: list: Listing contexts for virtual host 'localhost'
17-Sep-2023 21:08:08.881 INFO [http-nio-8080-exec-214] org.apache.catalina.core.ApplicationContext.log Manager: list: Listing contexts for virtual host 'localhost'
17-Sep-2023 21:08:08.885 INFO [http-nio-8080-exec-204] org.apache.catalina.core.ApplicationContext.log Manager: undeploy: Undeploying web application at '/Proyecto1'
17-Sep-2023 21:08:09.402 INFO [http-nio-8080-exec-209] org.apache.catalina.core.ApplicationContext.log Manager: install: Installing context configuration at 'file:/C:/Users/User/AppData/Local/Temp/context1826161934917309817.xml'
17-Sep-2023 21:08:09.813 INFO [http-nio-8080-exec-211] org.apache.catalina.core.ApplicationContext.log Manager: start: Starting web application '/Proyecto1'
17-Sep-2023 21:08:34.661 INFO [http-nio-8080-exec-210] org.apache.catalina.core.ApplicationContext.log Manager: list: Listing contexts for virtual host 'localhost'
17-Sep-2023 21:08:34.663 INFO [http-nio-8080-exec-216] org.apache.catalina.core.ApplicationContext.log Manager: list: Listing contexts for virtual host 'localhost'
17-Sep-2023 21:08:34.667 INFO [http-nio-8080-exec-217] org.apache.catalina.core.ApplicationContext.log Manager: undeploy: Undeploying web application at '/Proyecto1'
17-Sep-2023 21:08:35.186 INFO [http-nio-8080-exec-211] org.apache.catalina.core.ApplicationContext.log Manager: install: Installing context configuration at 'file:/C:/Users/User/AppData/Local/Temp/context2561851250420594311.xml'
17-Sep-2023 21:08:35.549 INFO [http-nio-8080-exec-218] org.apache.catalina.core.ApplicationContext.log Manager: start: Starting web application '/Proyecto1'
17-Sep-2023 21:09:25.116 INFO [http-nio-8080-exec-221] org.apache.catalina.core.ApplicationContext.log Manager: list: Listing contexts for virtual host 'localhost'
17-Sep-2023 21:09:25.118 INFO [http-nio-8080-exec-222] org.apache.catalina.core.ApplicationContext.log Manager: list: Listing contexts for virtual host 'localhost'
17-Sep-2023 21:09:25.123 INFO [http-nio-8080-exec-223] org.apache.catalina.core.ApplicationContext.log Manager: undeploy: Undeploying web application at '/Proyecto1'
17-Sep-2023 21:09:25.649 INFO [http-nio-8080-exec-218] org.apache.catalina.core.ApplicationContext.log Manager: install: Installing context configuration at 'file:/C:/Users/User/AppData/Local/Temp/context12153357533344258948.xml'
17-Sep-2023 21:09:26.014 INFO [http-nio-8080-exec-214] org.apache.catalina.core.ApplicationContext.log Manager: start: Starting web application '/Proyecto1'
17-Sep-2023 21:11:22.025 INFO [http-nio-8080-exec-214] org.apache.catalina.core.ApplicationContext.log Manager: list: Listing contexts for virtual host 'localhost'
17-Sep-2023 21:11:22.026 INFO [http-nio-8080-exec-234] org.apache.catalina.core.ApplicationContext.log Manager: list: Listing contexts for virtual host 'localhost'
17-Sep-2023 21:11:22.030 INFO [http-nio-8080-exec-232] org.apache.catalina.core.ApplicationContext.log Manager: undeploy: Undeploying web application at '/Proyecto1'
17-Sep-2023 21:11:22.558 INFO [http-nio-8080-exec-233] org.apache.catalina.core.ApplicationContext.log Manager: install: Installing context configuration at 'file:/C:/Users/User/AppData/Local/Temp/context13803485961825644869.xml'
17-Sep-2023 21:11:22.946 INFO [http-nio-8080-exec-234] org.apache.catalina.core.ApplicationContext.log Manager: start: Starting web application '/Proyecto1'
17-Sep-2023 21:13:49.228 INFO [http-nio-8080-exec-238] org.apache.catalina.core.ApplicationContext.log Manager: list: Listing contexts for virtual host 'localhost'
17-Sep-2023 21:13:49.229 INFO [http-nio-8080-exec-239] org.apache.catalina.core.ApplicationContext.log Manager: list: Listing contexts for virtual host 'localhost'
17-Sep-2023 21:13:49.232 INFO [http-nio-8080-exec-240] org.apache.catalina.core.ApplicationContext.log Manager: undeploy: Undeploying web application at '/Proyecto1'
17-Sep-2023 21:13:49.851 INFO [http-nio-8080-exec-237] org.apache.catalina.core.ApplicationContext.log Manager: install: Installing context configuration at 'file:/C:/Users/User/AppData/Local/Temp/context1196957632200000217.xml'
17-Sep-2023 21:13:50.232 INFO [http-nio-8080-exec-238] org.apache.catalina.core.ApplicationContext.log Manager: start: Starting web application '/Proyecto1'
17-Sep-2023 21:16:05.822 INFO [http-nio-8080-exec-248] org.apache.catalina.core.ApplicationContext.log Manager: list: Listing contexts for virtual host 'localhost'
17-Sep-2023 21:16:05.823 INFO [http-nio-8080-exec-252] org.apache.catalina.core.ApplicationContext.log Manager: list: Listing contexts for virtual host 'localhost'
17-Sep-2023 21:16:05.829 INFO [http-nio-8080-exec-253] org.apache.catalina.core.ApplicationContext.log Manager: undeploy: Undeploying web application at '/Proyecto1'
17-Sep-2023 21:16:06.457 INFO [http-nio-8080-exec-252] org.apache.catalina.core.ApplicationContext.log Manager: install: Installing context configuration at 'file:/C:/Users/User/AppData/Local/Temp/context14072950297158741412.xml'
17-Sep-2023 21:16:06.825 INFO [http-nio-8080-exec-248] org.apache.catalina.core.ApplicationContext.log Manager: start: Starting web application '/Proyecto1'
17-Sep-2023 21:16:46.005 INFO [http-nio-8080-exec-259] org.apache.catalina.core.ApplicationContext.log Manager: list: Listing contexts for virtual host 'localhost'
17-Sep-2023 21:16:46.006 INFO [http-nio-8080-exec-260] org.apache.catalina.core.ApplicationContext.log Manager: list: Listing contexts for virtual host 'localhost'
17-Sep-2023 21:16:46.009 INFO [http-nio-8080-exec-254] org.apache.catalina.core.ApplicationContext.log Manager: undeploy: Undeploying web application at '/Proyecto1'
17-Sep-2023 21:16:46.619 INFO [http-nio-8080-exec-249] org.apache.catalina.core.ApplicationContext.log Manager: install: Installing context configuration at 'file:/C:/Users/User/AppData/Local/Temp/context14750755450105444640.xml'
17-Sep-2023 21:16:46.988 INFO [http-nio-8080-exec-257] org.apache.catalina.core.ApplicationContext.log Manager: start: Starting web application '/Proyecto1'
17-Sep-2023 21:17:03.900 INFO [http-nio-8080-exec-263] org.apache.catalina.core.ApplicationContext.log Manager: list: Listing contexts for virtual host 'localhost'
17-Sep-2023 21:17:03.901 INFO [http-nio-8080-exec-262] org.apache.catalina.core.ApplicationContext.log Manager: list: Listing contexts for virtual host 'localhost'
17-Sep-2023 21:17:03.904 INFO [http-nio-8080-exec-264] org.apache.catalina.core.ApplicationContext.log Manager: undeploy: Undeploying web application at '/Proyecto1'
17-Sep-2023 21:17:04.523 INFO [http-nio-8080-exec-258] org.apache.catalina.core.ApplicationContext.log Manager: install: Installing context configuration at 'file:/C:/Users/User/AppData/Local/Temp/context2729341151047201024.xml'
17-Sep-2023 21:17:04.888 INFO [http-nio-8080-exec-263] org.apache.catalina.core.ApplicationContext.log Manager: start: Starting web application '/Proyecto1'
17-Sep-2023 21:19:12.606 INFO [http-nio-8080-exec-266] org.apache.catalina.core.ApplicationContext.log Manager: list: Listing contexts for virtual host 'localhost'
17-Sep-2023 21:19:12.607 INFO [http-nio-8080-exec-275] org.apache.catalina.core.ApplicationContext.log Manager: list: Listing contexts for virtual host 'localhost'
17-Sep-2023 21:19:12.612 INFO [http-nio-8080-exec-272] org.apache.catalina.core.ApplicationContext.log Manager: undeploy: Undeploying web application at '/Proyecto1'
17-Sep-2023 21:19:13.236 INFO [http-nio-8080-exec-267] org.apache.catalina.core.ApplicationContext.log Manager: install: Installing context configuration at 'file:/C:/Users/User/AppData/Local/Temp/context8698914121484561045.xml'
17-Sep-2023 21:19:13.595 INFO [http-nio-8080-exec-274] org.apache.catalina.core.ApplicationContext.log Manager: start: Starting web application '/Proyecto1'
17-Sep-2023 21:20:02.681 INFO [http-nio-8080-exec-279] org.apache.catalina.core.ApplicationContext.log Manager: list: Listing contexts for virtual host 'localhost'
17-Sep-2023 21:20:02.682 INFO [http-nio-8080-exec-266] org.apache.catalina.core.ApplicationContext.log Manager: list: Listing contexts for virtual host 'localhost'
17-Sep-2023 21:20:02.685 INFO [http-nio-8080-exec-271] org.apache.catalina.core.ApplicationContext.log Manager: undeploy: Undeploying web application at '/Proyecto1'
17-Sep-2023 21:20:03.304 INFO [http-nio-8080-exec-276] org.apache.catalina.core.ApplicationContext.log Manager: install: Installing context configuration at 'file:/C:/Users/User/AppData/Local/Temp/context2066032991248097030.xml'
17-Sep-2023 21:20:03.669 INFO [http-nio-8080-exec-278] org.apache.catalina.core.ApplicationContext.log Manager: start: Starting web application '/Proyecto1'
