20-Sep-2023 00:05:39.474 INFO [http-nio-8080-exec-253] org.apache.catalina.core.ApplicationContext.log Manager: list: Listing contexts for virtual host 'localhost'
20-Sep-2023 00:05:39.476 INFO [http-nio-8080-exec-254] org.apache.catalina.core.ApplicationContext.log Manager: list: Listing contexts for virtual host 'localhost'
20-Sep-2023 00:05:39.481 INFO [http-nio-8080-exec-255] org.apache.catalina.core.ApplicationContext.log Manager: undeploy: Undeploying web application at '/Proyecto1'
20-Sep-2023 00:05:40.123 INFO [http-nio-8080-exec-259] org.apache.catalina.core.ApplicationContext.log Manager: install: Installing context configuration at 'file:/C:/Users/User/AppData/Local/Temp/context1468883423865738087.xml'
20-Sep-2023 00:05:40.694 INFO [http-nio-8080-exec-251] org.apache.catalina.core.ApplicationContext.log Manager: start: Starting web application '/Proyecto1'
20-Sep-2023 00:09:28.067 INFO [http-nio-8080-exec-260] org.apache.catalina.core.ApplicationContext.log Manager: list: Listing contexts for virtual host 'localhost'
20-Sep-2023 00:09:28.068 INFO [http-nio-8080-exec-266] org.apache.catalina.core.ApplicationContext.log Manager: list: Listing contexts for virtual host 'localhost'
20-Sep-2023 00:09:28.071 INFO [http-nio-8080-exec-267] org.apache.catalina.core.ApplicationContext.log Manager: undeploy: Undeploying web application at '/Proyecto1'
20-Sep-2023 00:09:28.693 INFO [http-nio-8080-exec-265] org.apache.catalina.core.ApplicationContext.log Manager: install: Installing context configuration at 'file:/C:/Users/User/AppData/Local/Temp/context17128631117745026151.xml'
20-Sep-2023 00:09:44.393 INFO [http-nio-8080-exec-269] org.apache.catalina.core.ApplicationContext.log Manager: list: Listing contexts for virtual host 'localhost'
20-Sep-2023 00:09:44.395 INFO [http-nio-8080-exec-264] org.apache.catalina.core.ApplicationContext.log Manager: list: Listing contexts for virtual host 'localhost'
20-Sep-2023 00:09:44.406 INFO [http-nio-8080-exec-270] org.apache.catalina.core.ApplicationContext.log Manager: install: Installing context configuration at 'file:/C:/Users/User/AppData/Local/Temp/context10458123159557691979.xml'
20-Sep-2023 00:09:44.850 INFO [http-nio-8080-exec-265] org.apache.catalina.core.ApplicationContext.log Manager: start: Starting web application '/Proyecto1'
20-Sep-2023 00:12:30.396 INFO [http-nio-8080-exec-277] org.apache.catalina.core.ApplicationContext.log Manager: list: Listing contexts for virtual host 'localhost'
20-Sep-2023 00:12:30.398 INFO [http-nio-8080-exec-276] org.apache.catalina.core.ApplicationContext.log Manager: list: Listing contexts for virtual host 'localhost'
20-Sep-2023 00:12:30.402 INFO [http-nio-8080-exec-278] org.apache.catalina.core.ApplicationContext.log Manager: undeploy: Undeploying web application at '/Proyecto1'
20-Sep-2023 00:12:31.026 INFO [http-nio-8080-exec-279] org.apache.catalina.core.ApplicationContext.log Manager: install: Installing context configuration at 'file:/C:/Users/User/AppData/Local/Temp/context10661057838354892671.xml'
20-Sep-2023 00:12:31.494 INFO [http-nio-8080-exec-277] org.apache.catalina.core.ApplicationContext.log Manager: start: Starting web application '/Proyecto1'
20-Sep-2023 00:12:49.172 INFO [http-nio-8080-exec-277] org.apache.catalina.core.ApplicationContext.log Manager: list: Listing contexts for virtual host 'localhost'
20-Sep-2023 00:12:49.174 INFO [http-nio-8080-exec-270] org.apache.catalina.core.ApplicationContext.log Manager: list: Listing contexts for virtual host 'localhost'
20-Sep-2023 00:12:49.179 INFO [http-nio-8080-exec-281] org.apache.catalina.core.ApplicationContext.log Manager: undeploy: Undeploying web application at '/Proyecto1'
20-Sep-2023 00:12:49.801 INFO [http-nio-8080-exec-277] org.apache.catalina.core.ApplicationContext.log Manager: install: Installing context configuration at 'file:/C:/Users/User/AppData/Local/Temp/context15738194897510510372.xml'
20-Sep-2023 00:13:55.467 INFO [http-nio-8080-exec-279] org.apache.catalina.core.ApplicationContext.log Manager: list: Listing contexts for virtual host 'localhost'
20-Sep-2023 00:13:55.468 INFO [http-nio-8080-exec-289] org.apache.catalina.core.ApplicationContext.log Manager: list: Listing contexts for virtual host 'localhost'
20-Sep-2023 00:13:55.480 INFO [http-nio-8080-exec-277] org.apache.catalina.core.ApplicationContext.log Manager: install: Installing context configuration at 'file:/C:/Users/User/AppData/Local/Temp/context16773987617851127303.xml'
20-Sep-2023 00:13:55.936 INFO [http-nio-8080-exec-281] org.apache.catalina.core.ApplicationContext.log Manager: start: Starting web application '/Proyecto1'
20-Sep-2023 00:15:46.921 INFO [http-nio-8080-exec-289] org.apache.catalina.core.ApplicationContext.log Manager: list: Listing contexts for virtual host 'localhost'
20-Sep-2023 00:15:46.922 INFO [http-nio-8080-exec-291] org.apache.catalina.core.ApplicationContext.log Manager: list: Listing contexts for virtual host 'localhost'
20-Sep-2023 00:15:46.927 INFO [http-nio-8080-exec-293] org.apache.catalina.core.ApplicationContext.log Manager: undeploy: Undeploying web application at '/Proyecto1'
20-Sep-2023 00:15:47.563 INFO [http-nio-8080-exec-287] org.apache.catalina.core.ApplicationContext.log Manager: install: Installing context configuration at 'file:/C:/Users/User/AppData/Local/Temp/context14402002312685649944.xml'
20-Sep-2023 00:15:48.030 INFO [http-nio-8080-exec-291] org.apache.catalina.core.ApplicationContext.log Manager: start: Starting web application '/Proyecto1'
20-Sep-2023 00:16:31.760 INFO [http-nio-8080-exec-294] org.apache.catalina.core.ApplicationContext.log Manager: list: Listing contexts for virtual host 'localhost'
20-Sep-2023 00:16:31.761 INFO [http-nio-8080-exec-300] org.apache.catalina.core.ApplicationContext.log Manager: list: Listing contexts for virtual host 'localhost'
20-Sep-2023 00:16:31.765 INFO [http-nio-8080-exec-301] org.apache.catalina.core.ApplicationContext.log Manager: undeploy: Undeploying web application at '/Proyecto1'
20-Sep-2023 00:16:32.401 INFO [http-nio-8080-exec-294] org.apache.catalina.core.ApplicationContext.log Manager: install: Installing context configuration at 'file:/C:/Users/User/AppData/Local/Temp/context8090721186243636305.xml'
20-Sep-2023 00:16:32.882 INFO [http-nio-8080-exec-303] org.apache.catalina.core.ApplicationContext.log Manager: start: Starting web application '/Proyecto1'
20-Sep-2023 00:18:01.345 INFO [http-nio-8080-exec-310] org.apache.catalina.core.ApplicationContext.log Manager: list: Listing contexts for virtual host 'localhost'
20-Sep-2023 00:18:01.346 INFO [http-nio-8080-exec-312] org.apache.catalina.core.ApplicationContext.log Manager: list: Listing contexts for virtual host 'localhost'
20-Sep-2023 00:18:01.350 INFO [http-nio-8080-exec-295] org.apache.catalina.core.ApplicationContext.log Manager: undeploy: Undeploying web application at '/Proyecto1'
20-Sep-2023 00:18:01.971 INFO [http-nio-8080-exec-308] org.apache.catalina.core.ApplicationContext.log Manager: install: Installing context configuration at 'file:/C:/Users/User/AppData/Local/Temp/context9620046886121749788.xml'
20-Sep-2023 00:18:02.399 INFO [http-nio-8080-exec-307] org.apache.catalina.core.ApplicationContext.log Manager: start: Starting web application '/Proyecto1'
20-Sep-2023 00:19:02.126 INFO [http-nio-8080-exec-316] org.apache.catalina.core.ApplicationContext.log Manager: list: Listing contexts for virtual host 'localhost'
20-Sep-2023 00:19:02.128 INFO [http-nio-8080-exec-317] org.apache.catalina.core.ApplicationContext.log Manager: list: Listing contexts for virtual host 'localhost'
20-Sep-2023 00:19:02.132 INFO [http-nio-8080-exec-318] org.apache.catalina.core.ApplicationContext.log Manager: undeploy: Undeploying web application at '/Proyecto1'
20-Sep-2023 00:19:02.759 INFO [http-nio-8080-exec-315] org.apache.catalina.core.ApplicationContext.log Manager: install: Installing context configuration at 'file:/C:/Users/User/AppData/Local/Temp/context4169892603662786991.xml'
20-Sep-2023 00:19:03.237 INFO [http-nio-8080-exec-320] org.apache.catalina.core.ApplicationContext.log Manager: start: Starting web application '/Proyecto1'
20-Sep-2023 00:26:00.327 INFO [http-nio-8080-exec-329] org.apache.catalina.core.ApplicationContext.log Manager: list: Listing contexts for virtual host 'localhost'
20-Sep-2023 00:26:00.328 INFO [http-nio-8080-exec-330] org.apache.catalina.core.ApplicationContext.log Manager: list: Listing contexts for virtual host 'localhost'
20-Sep-2023 00:26:00.332 INFO [http-nio-8080-exec-331] org.apache.catalina.core.ApplicationContext.log Manager: undeploy: Undeploying web application at '/Proyecto1'
20-Sep-2023 00:26:00.992 INFO [http-nio-8080-exec-323] org.apache.catalina.core.ApplicationContext.log Manager: install: Installing context configuration at 'file:/C:/Users/User/AppData/Local/Temp/context535790897070609440.xml'
20-Sep-2023 00:26:20.096 INFO [http-nio-8080-exec-332] org.apache.catalina.core.ApplicationContext.log Manager: list: Listing contexts for virtual host 'localhost'
20-Sep-2023 00:26:20.097 INFO [http-nio-8080-exec-330] org.apache.catalina.core.ApplicationContext.log Manager: list: Listing contexts for virtual host 'localhost'
20-Sep-2023 00:26:20.110 INFO [http-nio-8080-exec-333] org.apache.catalina.core.ApplicationContext.log Manager: install: Installing context configuration at 'file:/C:/Users/User/AppData/Local/Temp/context7963384951672546777.xml'
20-Sep-2023 00:26:20.578 INFO [http-nio-8080-exec-323] org.apache.catalina.core.ApplicationContext.log Manager: start: Starting web application '/Proyecto1'
20-Sep-2023 00:29:02.103 INFO [http-nio-8080-exec-336] org.apache.catalina.core.ApplicationContext.log Manager: list: Listing contexts for virtual host 'localhost'
20-Sep-2023 00:29:02.104 INFO [http-nio-8080-exec-335] org.apache.catalina.core.ApplicationContext.log Manager: list: Listing contexts for virtual host 'localhost'
20-Sep-2023 00:29:02.108 INFO [http-nio-8080-exec-337] org.apache.catalina.core.ApplicationContext.log Manager: undeploy: Undeploying web application at '/Proyecto1'
20-Sep-2023 00:29:02.741 INFO [http-nio-8080-exec-342] org.apache.catalina.core.ApplicationContext.log Manager: install: Installing context configuration at 'file:/C:/Users/User/AppData/Local/Temp/context4008044353437886819.xml'
20-Sep-2023 00:29:03.237 INFO [http-nio-8080-exec-336] org.apache.catalina.core.ApplicationContext.log Manager: start: Starting web application '/Proyecto1'
20-Sep-2023 00:29:43.461 INFO [http-nio-8080-exec-343] org.apache.catalina.core.ApplicationContext.log Manager: list: Listing contexts for virtual host 'localhost'
20-Sep-2023 00:29:43.462 INFO [http-nio-8080-exec-349] org.apache.catalina.core.ApplicationContext.log Manager: list: Listing contexts for virtual host 'localhost'
20-Sep-2023 00:29:43.466 INFO [http-nio-8080-exec-350] org.apache.catalina.core.ApplicationContext.log Manager: undeploy: Undeploying web application at '/Proyecto1'
20-Sep-2023 00:29:44.092 INFO [http-nio-8080-exec-336] org.apache.catalina.core.ApplicationContext.log Manager: install: Installing context configuration at 'file:/C:/Users/User/AppData/Local/Temp/context6588412164740648529.xml'
20-Sep-2023 00:29:44.547 INFO [http-nio-8080-exec-348] org.apache.catalina.core.ApplicationContext.log Manager: start: Starting web application '/Proyecto1'
20-Sep-2023 00:30:52.397 INFO [http-nio-8080-exec-353] org.apache.catalina.core.ApplicationContext.log Manager: list: Listing contexts for virtual host 'localhost'
20-Sep-2023 00:30:52.399 INFO [http-nio-8080-exec-360] org.apache.catalina.core.ApplicationContext.log Manager: list: Listing contexts for virtual host 'localhost'
20-Sep-2023 00:30:52.403 INFO [http-nio-8080-exec-354] org.apache.catalina.core.ApplicationContext.log Manager: undeploy: Undeploying web application at '/Proyecto1'
20-Sep-2023 00:30:53.033 INFO [http-nio-8080-exec-355] org.apache.catalina.core.ApplicationContext.log Manager: install: Installing context configuration at 'file:/C:/Users/User/AppData/Local/Temp/context6981257586405321001.xml'
20-Sep-2023 00:30:53.494 INFO [http-nio-8080-exec-360] org.apache.catalina.core.ApplicationContext.log Manager: start: Starting web application '/Proyecto1'
20-Sep-2023 00:32:12.671 INFO [http-nio-8080-exec-369] org.apache.catalina.core.ApplicationContext.log Manager: list: Listing contexts for virtual host 'localhost'
20-Sep-2023 00:32:12.672 INFO [http-nio-8080-exec-362] org.apache.catalina.core.ApplicationContext.log Manager: list: Listing contexts for virtual host 'localhost'
20-Sep-2023 00:32:12.676 INFO [http-nio-8080-exec-363] org.apache.catalina.core.ApplicationContext.log Manager: undeploy: Undeploying web application at '/Proyecto1'
20-Sep-2023 00:32:13.301 INFO [http-nio-8080-exec-367] org.apache.catalina.core.ApplicationContext.log Manager: install: Installing context configuration at 'file:/C:/Users/User/AppData/Local/Temp/context8109749031561178284.xml'
20-Sep-2023 00:32:13.758 INFO [http-nio-8080-exec-368] org.apache.catalina.core.ApplicationContext.log Manager: start: Starting web application '/Proyecto1'
20-Sep-2023 00:37:24.652 INFO [http-nio-8080-exec-376] org.apache.catalina.core.ApplicationContext.log Manager: list: Listing contexts for virtual host 'localhost'
20-Sep-2023 00:37:24.653 INFO [http-nio-8080-exec-371] org.apache.catalina.core.ApplicationContext.log Manager: list: Listing contexts for virtual host 'localhost'
20-Sep-2023 00:37:24.657 INFO [http-nio-8080-exec-380] org.apache.catalina.core.ApplicationContext.log Manager: undeploy: Undeploying web application at '/Proyecto1'
20-Sep-2023 00:37:25.286 INFO [http-nio-8080-exec-373] org.apache.catalina.core.ApplicationContext.log Manager: install: Installing context configuration at 'file:/C:/Users/User/AppData/Local/Temp/context11395592833840418730.xml'
20-Sep-2023 00:37:25.737 INFO [http-nio-8080-exec-372] org.apache.catalina.core.ApplicationContext.log Manager: start: Starting web application '/Proyecto1'
20-Sep-2023 00:45:14.819 INFO [http-nio-8080-exec-382] org.apache.catalina.core.ApplicationContext.log Manager: list: Listing contexts for virtual host 'localhost'
20-Sep-2023 00:45:14.820 INFO [http-nio-8080-exec-390] org.apache.catalina.core.ApplicationContext.log Manager: list: Listing contexts for virtual host 'localhost'
20-Sep-2023 00:45:14.823 INFO [http-nio-8080-exec-383] org.apache.catalina.core.ApplicationContext.log Manager: undeploy: Undeploying web application at '/Proyecto1'
20-Sep-2023 00:45:15.449 INFO [http-nio-8080-exec-385] org.apache.catalina.core.ApplicationContext.log Manager: install: Installing context configuration at 'file:/C:/Users/User/AppData/Local/Temp/context9721626129633990949.xml'
20-Sep-2023 00:45:15.903 INFO [http-nio-8080-exec-389] org.apache.catalina.core.ApplicationContext.log Manager: start: Starting web application '/Proyecto1'
20-Sep-2023 00:46:23.081 INFO [http-nio-8080-exec-391] org.apache.catalina.core.ApplicationContext.log Manager: list: Listing contexts for virtual host 'localhost'
20-Sep-2023 00:46:23.083 INFO [http-nio-8080-exec-389] org.apache.catalina.core.ApplicationContext.log Manager: list: Listing contexts for virtual host 'localhost'
20-Sep-2023 00:46:23.087 INFO [http-nio-8080-exec-397] org.apache.catalina.core.ApplicationContext.log Manager: undeploy: Undeploying web application at '/Proyecto1'
20-Sep-2023 00:46:23.750 INFO [http-nio-8080-exec-389] org.apache.catalina.core.ApplicationContext.log Manager: install: Installing context configuration at 'file:/C:/Users/User/AppData/Local/Temp/context1245303412152744570.xml'
20-Sep-2023 00:46:24.214 INFO [http-nio-8080-exec-395] org.apache.catalina.core.ApplicationContext.log Manager: start: Starting web application '/Proyecto1'
20-Sep-2023 00:47:00.164 INFO [http-nio-8080-exec-398] org.apache.catalina.core.ApplicationContext.log Manager: list: Listing contexts for virtual host 'localhost'
20-Sep-2023 00:47:00.165 INFO [http-nio-8080-exec-402] org.apache.catalina.core.ApplicationContext.log Manager: list: Listing contexts for virtual host 'localhost'
20-Sep-2023 00:47:00.169 INFO [http-nio-8080-exec-403] org.apache.catalina.core.ApplicationContext.log Manager: undeploy: Undeploying web application at '/Proyecto1'
20-Sep-2023 00:47:00.800 INFO [http-nio-8080-exec-404] org.apache.catalina.core.ApplicationContext.log Manager: install: Installing context configuration at 'file:/C:/Users/User/AppData/Local/Temp/context2445897972785543002.xml'
20-Sep-2023 00:47:01.291 INFO [http-nio-8080-exec-401] org.apache.catalina.core.ApplicationContext.log Manager: start: Starting web application '/Proyecto1'
20-Sep-2023 00:51:04.116 INFO [http-nio-8080-exec-411] org.apache.catalina.core.ApplicationContext.log Manager: list: Listing contexts for virtual host 'localhost'
20-Sep-2023 00:51:04.117 INFO [http-nio-8080-exec-408] org.apache.catalina.core.ApplicationContext.log Manager: list: Listing contexts for virtual host 'localhost'
20-Sep-2023 00:51:04.121 INFO [http-nio-8080-exec-412] org.apache.catalina.core.ApplicationContext.log Manager: undeploy: Undeploying web application at '/Proyecto1'
20-Sep-2023 00:51:04.749 INFO [http-nio-8080-exec-413] org.apache.catalina.core.ApplicationContext.log Manager: install: Installing context configuration at 'file:/C:/Users/User/AppData/Local/Temp/context9884967915611144747.xml'
20-Sep-2023 00:51:05.215 INFO [http-nio-8080-exec-414] org.apache.catalina.core.ApplicationContext.log Manager: start: Starting web application '/Proyecto1'
20-Sep-2023 00:52:31.854 INFO [http-nio-8080-exec-423] org.apache.catalina.core.ApplicationContext.log Manager: list: Listing contexts for virtual host 'localhost'
20-Sep-2023 00:52:31.855 INFO [http-nio-8080-exec-424] org.apache.catalina.core.ApplicationContext.log Manager: list: Listing contexts for virtual host 'localhost'
20-Sep-2023 00:52:31.859 INFO [http-nio-8080-exec-417] org.apache.catalina.core.ApplicationContext.log Manager: undeploy: Undeploying web application at '/Proyecto1'
20-Sep-2023 00:52:32.487 INFO [http-nio-8080-exec-424] org.apache.catalina.core.ApplicationContext.log Manager: install: Installing context configuration at 'file:/C:/Users/User/AppData/Local/Temp/context5489730691648810514.xml'
20-Sep-2023 00:52:32.926 INFO [http-nio-8080-exec-423] org.apache.catalina.core.ApplicationContext.log Manager: start: Starting web application '/Proyecto1'
20-Sep-2023 00:54:42.594 INFO [http-nio-8080-exec-432] org.apache.catalina.core.ApplicationContext.log Manager: list: Listing contexts for virtual host 'localhost'
20-Sep-2023 00:54:42.595 INFO [http-nio-8080-exec-433] org.apache.catalina.core.ApplicationContext.log Manager: list: Listing contexts for virtual host 'localhost'
20-Sep-2023 00:54:42.599 INFO [http-nio-8080-exec-434] org.apache.catalina.core.ApplicationContext.log Manager: undeploy: Undeploying web application at '/Proyecto1'
20-Sep-2023 00:54:43.241 INFO [http-nio-8080-exec-429] org.apache.catalina.core.ApplicationContext.log Manager: install: Installing context configuration at 'file:/C:/Users/User/AppData/Local/Temp/context8133313099474298185.xml'
20-Sep-2023 00:54:54.790 INFO [http-nio-8080-exec-433] org.apache.catalina.core.ApplicationContext.log Manager: list: Listing contexts for virtual host 'localhost'
20-Sep-2023 00:54:54.791 INFO [http-nio-8080-exec-428] org.apache.catalina.core.ApplicationContext.log Manager: list: Listing contexts for virtual host 'localhost'
20-Sep-2023 00:54:54.802 INFO [http-nio-8080-exec-434] org.apache.catalina.core.ApplicationContext.log Manager: install: Installing context configuration at 'file:/C:/Users/User/AppData/Local/Temp/context6886664842395514387.xml'
20-Sep-2023 00:54:55.270 INFO [http-nio-8080-exec-429] org.apache.catalina.core.ApplicationContext.log Manager: start: Starting web application '/Proyecto1'
20-Sep-2023 00:56:06.354 INFO [http-nio-8080-exec-441] org.apache.catalina.core.ApplicationContext.log Manager: list: Listing contexts for virtual host 'localhost'
20-Sep-2023 00:56:06.355 INFO [http-nio-8080-exec-429] org.apache.catalina.core.ApplicationContext.log Manager: list: Listing contexts for virtual host 'localhost'
20-Sep-2023 00:56:06.359 INFO [http-nio-8080-exec-434] org.apache.catalina.core.ApplicationContext.log Manager: undeploy: Undeploying web application at '/Proyecto1'
20-Sep-2023 00:56:07.025 INFO [http-nio-8080-exec-439] org.apache.catalina.core.ApplicationContext.log Manager: install: Installing context configuration at 'file:/C:/Users/User/AppData/Local/Temp/context17287591704922420457.xml'
20-Sep-2023 00:56:07.520 INFO [http-nio-8080-exec-442] org.apache.catalina.core.ApplicationContext.log Manager: start: Starting web application '/Proyecto1'
20-Sep-2023 00:56:56.401 INFO [http-nio-8080-exec-447] org.apache.catalina.core.ApplicationContext.log Manager: list: Listing contexts for virtual host 'localhost'
20-Sep-2023 00:56:56.402 INFO [http-nio-8080-exec-448] org.apache.catalina.core.ApplicationContext.log Manager: list: Listing contexts for virtual host 'localhost'
20-Sep-2023 00:56:56.406 INFO [http-nio-8080-exec-449] org.apache.catalina.core.ApplicationContext.log Manager: undeploy: Undeploying web application at '/Proyecto1'
20-Sep-2023 00:56:57.036 INFO [http-nio-8080-exec-441] org.apache.catalina.core.ApplicationContext.log Manager: install: Installing context configuration at 'file:/C:/Users/User/AppData/Local/Temp/context3716439789601044750.xml'
20-Sep-2023 00:56:57.533 INFO [http-nio-8080-exec-436] org.apache.catalina.core.ApplicationContext.log Manager: start: Starting web application '/Proyecto1'
20-Sep-2023 00:59:19.785 INFO [http-nio-8080-exec-458] org.apache.catalina.core.ApplicationContext.log Manager: list: Listing contexts for virtual host 'localhost'
20-Sep-2023 00:59:19.786 INFO [http-nio-8080-exec-459] org.apache.catalina.core.ApplicationContext.log Manager: list: Listing contexts for virtual host 'localhost'
20-Sep-2023 00:59:19.791 INFO [http-nio-8080-exec-460] org.apache.catalina.core.ApplicationContext.log Manager: undeploy: Undeploying web application at '/Proyecto1'
20-Sep-2023 00:59:20.440 INFO [http-nio-8080-exec-455] org.apache.catalina.core.ApplicationContext.log Manager: install: Installing context configuration at 'file:/C:/Users/User/AppData/Local/Temp/context593518300717519672.xml'
20-Sep-2023 00:59:20.906 INFO [http-nio-8080-exec-461] org.apache.catalina.core.ApplicationContext.log Manager: start: Starting web application '/Proyecto1'
20-Sep-2023 01:01:31.711 INFO [http-nio-8080-exec-470] org.apache.catalina.core.ApplicationContext.log Manager: list: Listing contexts for virtual host 'localhost'
20-Sep-2023 01:01:31.712 INFO [http-nio-8080-exec-463] org.apache.catalina.core.ApplicationContext.log Manager: list: Listing contexts for virtual host 'localhost'
20-Sep-2023 01:01:31.716 INFO [http-nio-8080-exec-464] org.apache.catalina.core.ApplicationContext.log Manager: undeploy: Undeploying web application at '/Proyecto1'
20-Sep-2023 01:01:32.352 INFO [http-nio-8080-exec-468] org.apache.catalina.core.ApplicationContext.log Manager: install: Installing context configuration at 'file:/C:/Users/User/AppData/Local/Temp/context8165726964678640633.xml'
20-Sep-2023 01:01:32.809 INFO [http-nio-8080-exec-463] org.apache.catalina.core.ApplicationContext.log Manager: start: Starting web application '/Proyecto1'
20-Sep-2023 01:02:32.700 INFO [http-nio-8080-exec-469] org.apache.catalina.core.ApplicationContext.log Manager: list: Listing contexts for virtual host 'localhost'
20-Sep-2023 01:02:32.701 INFO [http-nio-8080-exec-472] org.apache.catalina.core.ApplicationContext.log Manager: list: Listing contexts for virtual host 'localhost'
20-Sep-2023 01:02:32.705 INFO [http-nio-8080-exec-476] org.apache.catalina.core.ApplicationContext.log Manager: undeploy: Undeploying web application at '/Proyecto1'
20-Sep-2023 01:02:33.334 INFO [http-nio-8080-exec-477] org.apache.catalina.core.ApplicationContext.log Manager: install: Installing context configuration at 'file:/C:/Users/User/AppData/Local/Temp/context14006960957447537646.xml'
20-Sep-2023 01:02:33.783 INFO [http-nio-8080-exec-475] org.apache.catalina.core.ApplicationContext.log Manager: start: Starting web application '/Proyecto1'
20-Sep-2023 01:03:54.894 INFO [http-nio-8080-exec-484] org.apache.catalina.core.ApplicationContext.log Manager: list: Listing contexts for virtual host 'localhost'
20-Sep-2023 01:03:54.894 INFO [http-nio-8080-exec-485] org.apache.catalina.core.ApplicationContext.log Manager: list: Listing contexts for virtual host 'localhost'
20-Sep-2023 01:03:54.898 INFO [http-nio-8080-exec-486] org.apache.catalina.core.ApplicationContext.log Manager: undeploy: Undeploying web application at '/Proyecto1'
20-Sep-2023 01:03:55.526 INFO [http-nio-8080-exec-485] org.apache.catalina.core.ApplicationContext.log Manager: install: Installing context configuration at 'file:/C:/Users/User/AppData/Local/Temp/context12714208043735049852.xml'
20-Sep-2023 01:03:55.965 INFO [http-nio-8080-exec-472] org.apache.catalina.core.ApplicationContext.log Manager: start: Starting web application '/Proyecto1'
20-Sep-2023 01:04:44.040 INFO [http-nio-8080-exec-479] org.apache.catalina.core.ApplicationContext.log Manager: list: Listing contexts for virtual host 'localhost'
20-Sep-2023 01:04:44.041 INFO [http-nio-8080-exec-482] org.apache.catalina.core.ApplicationContext.log Manager: list: Listing contexts for virtual host 'localhost'
20-Sep-2023 01:04:44.045 INFO [http-nio-8080-exec-491] org.apache.catalina.core.ApplicationContext.log Manager: undeploy: Undeploying web application at '/Proyecto1'
20-Sep-2023 01:04:44.675 INFO [http-nio-8080-exec-480] org.apache.catalina.core.ApplicationContext.log Manager: install: Installing context configuration at 'file:/C:/Users/User/AppData/Local/Temp/context16252632764038005063.xml'
20-Sep-2023 01:04:52.823 INFO [http-nio-8080-exec-492] org.apache.catalina.core.ApplicationContext.log Manager: list: Listing contexts for virtual host 'localhost'
20-Sep-2023 01:04:52.825 INFO [http-nio-8080-exec-482] org.apache.catalina.core.ApplicationContext.log Manager: list: Listing contexts for virtual host 'localhost'
20-Sep-2023 01:04:52.838 INFO [http-nio-8080-exec-491] org.apache.catalina.core.ApplicationContext.log Manager: install: Installing context configuration at 'file:/C:/Users/User/AppData/Local/Temp/context7056263849898385431.xml'
20-Sep-2023 01:04:53.306 INFO [http-nio-8080-exec-480] org.apache.catalina.core.ApplicationContext.log Manager: start: Starting web application '/Proyecto1'
20-Sep-2023 01:07:45.846 INFO [http-nio-8080-exec-500] org.apache.catalina.core.ApplicationContext.log Manager: list: Listing contexts for virtual host 'localhost'
20-Sep-2023 01:07:45.847 INFO [http-nio-8080-exec-501] org.apache.catalina.core.ApplicationContext.log Manager: list: Listing contexts for virtual host 'localhost'
20-Sep-2023 01:07:45.850 INFO [http-nio-8080-exec-502] org.apache.catalina.core.ApplicationContext.log Manager: undeploy: Undeploying web application at '/Proyecto1'
20-Sep-2023 01:07:46.481 INFO [http-nio-8080-exec-495] org.apache.catalina.core.ApplicationContext.log Manager: install: Installing context configuration at 'file:/C:/Users/User/AppData/Local/Temp/context4771727385264638768.xml'
20-Sep-2023 01:07:46.956 INFO [http-nio-8080-exec-498] org.apache.catalina.core.ApplicationContext.log Manager: start: Starting web application '/Proyecto1'
20-Sep-2023 01:08:41.550 INFO [http-nio-8080-exec-494] org.apache.catalina.core.ApplicationContext.log Manager: list: Listing contexts for virtual host 'localhost'
20-Sep-2023 01:08:41.551 INFO [http-nio-8080-exec-507] org.apache.catalina.core.ApplicationContext.log Manager: list: Listing contexts for virtual host 'localhost'
20-Sep-2023 01:08:41.555 INFO [http-nio-8080-exec-508] org.apache.catalina.core.ApplicationContext.log Manager: undeploy: Undeploying web application at '/Proyecto1'
20-Sep-2023 01:08:42.177 INFO [http-nio-8080-exec-504] org.apache.catalina.core.ApplicationContext.log Manager: install: Installing context configuration at 'file:/C:/Users/User/AppData/Local/Temp/context8294708283230666481.xml'
20-Sep-2023 01:08:42.626 INFO [http-nio-8080-exec-509] org.apache.catalina.core.ApplicationContext.log Manager: start: Starting web application '/Proyecto1'
20-Sep-2023 01:22:52.062 INFO [http-nio-8080-exec-513] org.apache.catalina.core.ApplicationContext.log Manager: list: Listing contexts for virtual host 'localhost'
20-Sep-2023 01:22:52.063 INFO [http-nio-8080-exec-526] org.apache.catalina.core.ApplicationContext.log Manager: list: Listing contexts for virtual host 'localhost'
20-Sep-2023 01:22:52.068 INFO [http-nio-8080-exec-514] org.apache.catalina.core.ApplicationContext.log Manager: undeploy: Undeploying web application at '/Proyecto1'
20-Sep-2023 01:22:52.815 INFO [http-nio-8080-exec-524] org.apache.catalina.core.ApplicationContext.log Manager: install: Installing context configuration at 'file:/C:/Users/User/AppData/Local/Temp/context15313053654402711758.xml'
20-Sep-2023 01:22:53.303 INFO [http-nio-8080-exec-523] org.apache.catalina.core.ApplicationContext.log Manager: start: Starting web application '/Proyecto1'
20-Sep-2023 01:24:13.547 INFO [http-nio-8080-exec-534] org.apache.catalina.core.ApplicationContext.log Manager: list: Listing contexts for virtual host 'localhost'
20-Sep-2023 01:24:13.549 INFO [http-nio-8080-exec-533] org.apache.catalina.core.ApplicationContext.log Manager: list: Listing contexts for virtual host 'localhost'
20-Sep-2023 01:24:13.554 INFO [http-nio-8080-exec-528] org.apache.catalina.core.ApplicationContext.log Manager: undeploy: Undeploying web application at '/Proyecto1'
20-Sep-2023 01:24:14.190 INFO [http-nio-8080-exec-531] org.apache.catalina.core.ApplicationContext.log Manager: install: Installing context configuration at 'file:/C:/Users/User/AppData/Local/Temp/context8441639783404408668.xml'
20-Sep-2023 01:24:14.630 INFO [http-nio-8080-exec-527] org.apache.catalina.core.ApplicationContext.log Manager: start: Starting web application '/Proyecto1'
20-Sep-2023 01:30:21.564 INFO [http-nio-8080-exec-543] org.apache.catalina.core.ApplicationContext.log Manager: list: Listing contexts for virtual host 'localhost'
20-Sep-2023 01:30:21.566 INFO [http-nio-8080-exec-544] org.apache.catalina.core.ApplicationContext.log Manager: list: Listing contexts for virtual host 'localhost'
20-Sep-2023 01:30:21.571 INFO [http-nio-8080-exec-545] org.apache.catalina.core.ApplicationContext.log Manager: undeploy: Undeploying web application at '/Proyecto1'
20-Sep-2023 01:30:22.296 INFO [http-nio-8080-exec-537] org.apache.catalina.core.ApplicationContext.log Manager: install: Installing context configuration at 'file:/C:/Users/User/AppData/Local/Temp/context8215494186368443390.xml'
20-Sep-2023 01:30:22.821 INFO [http-nio-8080-exec-538] org.apache.catalina.core.ApplicationContext.log Manager: start: Starting web application '/Proyecto1'
20-Sep-2023 01:30:46.337 INFO [http-nio-8080-exec-539] org.apache.catalina.core.ApplicationContext.log Manager: list: Listing contexts for virtual host 'localhost'
20-Sep-2023 01:30:46.338 INFO [http-nio-8080-exec-543] org.apache.catalina.core.ApplicationContext.log Manager: list: Listing contexts for virtual host 'localhost'
20-Sep-2023 01:30:46.343 INFO [http-nio-8080-exec-540] org.apache.catalina.core.ApplicationContext.log Manager: undeploy: Undeploying web application at '/Proyecto1'
20-Sep-2023 01:30:47.074 INFO [http-nio-8080-exec-549] org.apache.catalina.core.ApplicationContext.log Manager: install: Installing context configuration at 'file:/C:/Users/User/AppData/Local/Temp/context2333538259990079964.xml'
20-Sep-2023 01:30:47.534 INFO [http-nio-8080-exec-537] org.apache.catalina.core.ApplicationContext.log Manager: start: Starting web application '/Proyecto1'
20-Sep-2023 01:35:25.198 INFO [http-nio-8080-exec-557] org.apache.catalina.core.ApplicationContext.log Manager: list: Listing contexts for virtual host 'localhost'
20-Sep-2023 01:35:25.199 INFO [http-nio-8080-exec-558] org.apache.catalina.core.ApplicationContext.log Manager: list: Listing contexts for virtual host 'localhost'
20-Sep-2023 01:35:25.203 INFO [http-nio-8080-exec-559] org.apache.catalina.core.ApplicationContext.log Manager: undeploy: Undeploying web application at '/Proyecto1'
20-Sep-2023 01:35:25.937 INFO [http-nio-8080-exec-553] org.apache.catalina.core.ApplicationContext.log Manager: install: Installing context configuration at 'file:/C:/Users/User/AppData/Local/Temp/context11953900995820812167.xml'
20-Sep-2023 01:35:26.384 INFO [http-nio-8080-exec-556] org.apache.catalina.core.ApplicationContext.log Manager: start: Starting web application '/Proyecto1'
20-Sep-2023 10:44:04.806 INFO [http-nio-8080-exec-4] org.apache.catalina.core.ApplicationContext.log Manager: init: Associated with Deployer 'Catalina:type=Deployer,host=localhost'
20-Sep-2023 10:44:04.806 INFO [http-nio-8080-exec-4] org.apache.catalina.core.ApplicationContext.log Manager: init: Global resources are available
20-Sep-2023 10:44:04.846 INFO [http-nio-8080-exec-7] org.apache.catalina.core.ApplicationContext.log Manager: list: Listing contexts for virtual host 'localhost'
20-Sep-2023 10:44:04.849 INFO [http-nio-8080-exec-8] org.apache.catalina.core.ApplicationContext.log Manager: list: Listing contexts for virtual host 'localhost'
20-Sep-2023 10:44:04.856 INFO [http-nio-8080-exec-9] org.apache.catalina.core.ApplicationContext.log Manager: undeploy: Undeploying web application at '/Proyecto1'
20-Sep-2023 10:44:05.403 INFO [http-nio-8080-exec-1] org.apache.catalina.core.ApplicationContext.log Manager: install: Installing context configuration at 'file:/C:/Users/User/AppData/Local/Temp/context8554044091822730390.xml'
20-Sep-2023 10:44:05.911 INFO [http-nio-8080-exec-4] org.apache.catalina.core.ApplicationContext.log Manager: start: Starting web application '/Proyecto1'
20-Sep-2023 10:48:04.935 INFO [http-nio-8080-exec-16] org.apache.catalina.core.ApplicationContext.log Manager: list: Listing contexts for virtual host 'localhost'
20-Sep-2023 10:48:04.937 INFO [http-nio-8080-exec-17] org.apache.catalina.core.ApplicationContext.log Manager: list: Listing contexts for virtual host 'localhost'
20-Sep-2023 10:48:04.942 INFO [http-nio-8080-exec-13] org.apache.catalina.core.ApplicationContext.log Manager: undeploy: Undeploying web application at '/Proyecto1'
20-Sep-2023 10:48:05.600 INFO [http-nio-8080-exec-15] org.apache.catalina.core.ApplicationContext.log Manager: install: Installing context configuration at 'file:/C:/Users/User/AppData/Local/Temp/context3373979885220987315.xml'
20-Sep-2023 10:48:06.082 INFO [http-nio-8080-exec-18] org.apache.catalina.core.ApplicationContext.log Manager: start: Starting web application '/Proyecto1'
20-Sep-2023 12:23:33.922 INFO [http-nio-8080-exec-4] org.apache.catalina.core.ApplicationContext.log Manager: init: Associated with Deployer 'Catalina:type=Deployer,host=localhost'
20-Sep-2023 12:23:33.923 INFO [http-nio-8080-exec-4] org.apache.catalina.core.ApplicationContext.log Manager: init: Global resources are available
20-Sep-2023 12:23:33.962 INFO [http-nio-8080-exec-8] org.apache.catalina.core.ApplicationContext.log Manager: list: Listing contexts for virtual host 'localhost'
20-Sep-2023 12:23:33.965 INFO [http-nio-8080-exec-9] org.apache.catalina.core.ApplicationContext.log Manager: list: Listing contexts for virtual host 'localhost'
20-Sep-2023 12:23:33.973 INFO [http-nio-8080-exec-10] org.apache.catalina.core.ApplicationContext.log Manager: undeploy: Undeploying web application at '/Proyecto1'
20-Sep-2023 12:23:34.518 INFO [http-nio-8080-exec-1] org.apache.catalina.core.ApplicationContext.log Manager: install: Installing context configuration at 'file:/C:/Users/User/AppData/Local/Temp/context11166453387151146586.xml'
20-Sep-2023 12:23:35.030 INFO [http-nio-8080-exec-7] org.apache.catalina.core.ApplicationContext.log Manager: start: Starting web application '/Proyecto1'
20-Sep-2023 12:23:52.503 INFO [http-nio-8080-exec-6] org.apache.catalina.core.ApplicationContext.log Manager: list: Listing contexts for virtual host 'localhost'
20-Sep-2023 12:23:52.505 INFO [http-nio-8080-exec-5] org.apache.catalina.core.ApplicationContext.log Manager: list: Listing contexts for virtual host 'localhost'
20-Sep-2023 12:23:52.511 INFO [http-nio-8080-exec-11] org.apache.catalina.core.ApplicationContext.log Manager: undeploy: Undeploying web application at '/Proyecto1'
20-Sep-2023 12:23:53.034 INFO [http-nio-8080-exec-5] org.apache.catalina.core.ApplicationContext.log Manager: install: Installing context configuration at 'file:/C:/Users/User/AppData/Local/Temp/context1797548193662209583.xml'
20-Sep-2023 12:23:53.505 INFO [http-nio-8080-exec-1] org.apache.catalina.core.ApplicationContext.log Manager: start: Starting web application '/Proyecto1'
20-Sep-2023 12:29:21.616 INFO [http-nio-8080-exec-14] org.apache.catalina.core.ApplicationContext.log Manager: list: Listing contexts for virtual host 'localhost'
20-Sep-2023 12:29:21.618 INFO [http-nio-8080-exec-22] org.apache.catalina.core.ApplicationContext.log Manager: list: Listing contexts for virtual host 'localhost'
20-Sep-2023 12:29:21.623 INFO [http-nio-8080-exec-18] org.apache.catalina.core.ApplicationContext.log Manager: undeploy: Undeploying web application at '/Proyecto1'
20-Sep-2023 12:29:22.289 INFO [http-nio-8080-exec-17] org.apache.catalina.core.ApplicationContext.log Manager: install: Installing context configuration at 'file:/C:/Users/User/AppData/Local/Temp/context8598438178297611956.xml'
20-Sep-2023 12:29:35.228 INFO [http-nio-8080-exec-19] org.apache.catalina.core.ApplicationContext.log Manager: list: Listing contexts for virtual host 'localhost'
20-Sep-2023 12:29:35.230 INFO [http-nio-8080-exec-13] org.apache.catalina.core.ApplicationContext.log Manager: list: Listing contexts for virtual host 'localhost'
20-Sep-2023 12:29:35.240 INFO [http-nio-8080-exec-23] org.apache.catalina.core.ApplicationContext.log Manager: install: Installing context configuration at 'file:/C:/Users/User/AppData/Local/Temp/context605380419896687081.xml'
20-Sep-2023 12:29:35.740 INFO [http-nio-8080-exec-17] org.apache.catalina.core.ApplicationContext.log Manager: start: Starting web application '/Proyecto1'
20-Sep-2023 12:32:34.133 INFO [http-nio-8080-exec-28] org.apache.catalina.core.ApplicationContext.log Manager: list: Listing contexts for virtual host 'localhost'
20-Sep-2023 12:32:34.134 INFO [http-nio-8080-exec-29] org.apache.catalina.core.ApplicationContext.log Manager: list: Listing contexts for virtual host 'localhost'
20-Sep-2023 12:32:34.139 INFO [http-nio-8080-exec-30] org.apache.catalina.core.ApplicationContext.log Manager: undeploy: Undeploying web application at '/Proyecto1'
20-Sep-2023 12:32:34.777 INFO [http-nio-8080-exec-28] org.apache.catalina.core.ApplicationContext.log Manager: install: Installing context configuration at 'file:/C:/Users/User/AppData/Local/Temp/context8744170696860825611.xml'
20-Sep-2023 12:32:35.246 INFO [http-nio-8080-exec-25] org.apache.catalina.core.ApplicationContext.log Manager: start: Starting web application '/Proyecto1'
20-Sep-2023 12:38:03.986 INFO [http-nio-8080-exec-39] org.apache.catalina.core.ApplicationContext.log Manager: list: Listing contexts for virtual host 'localhost'
20-Sep-2023 12:38:03.987 INFO [http-nio-8080-exec-40] org.apache.catalina.core.ApplicationContext.log Manager: list: Listing contexts for virtual host 'localhost'
20-Sep-2023 12:38:03.991 INFO [http-nio-8080-exec-41] org.apache.catalina.core.ApplicationContext.log Manager: undeploy: Undeploying web application at '/Proyecto1'
20-Sep-2023 12:38:04.626 INFO [http-nio-8080-exec-34] org.apache.catalina.core.ApplicationContext.log Manager: install: Installing context configuration at 'file:/C:/Users/User/AppData/Local/Temp/context9550209532034420923.xml'
20-Sep-2023 12:38:05.098 INFO [http-nio-8080-exec-33] org.apache.catalina.core.ApplicationContext.log Manager: start: Starting web application '/Proyecto1'
20-Sep-2023 12:39:17.427 INFO [http-nio-8080-exec-48] org.apache.catalina.core.ApplicationContext.log Manager: list: Listing contexts for virtual host 'localhost'
20-Sep-2023 12:39:17.428 INFO [http-nio-8080-exec-49] org.apache.catalina.core.ApplicationContext.log Manager: list: Listing contexts for virtual host 'localhost'
20-Sep-2023 12:39:17.433 INFO [http-nio-8080-exec-51] org.apache.catalina.core.ApplicationContext.log Manager: undeploy: Undeploying web application at '/Proyecto1'
20-Sep-2023 12:39:18.071 INFO [http-nio-8080-exec-48] org.apache.catalina.core.ApplicationContext.log Manager: install: Installing context configuration at 'file:/C:/Users/User/AppData/Local/Temp/context17701533565650349509.xml'
20-Sep-2023 12:39:18.559 INFO [http-nio-8080-exec-37] org.apache.catalina.core.ApplicationContext.log Manager: start: Starting web application '/Proyecto1'
20-Sep-2023 12:39:34.779 INFO [http-nio-8080-exec-50] org.apache.catalina.core.ApplicationContext.log Manager: list: Listing contexts for virtual host 'localhost'
20-Sep-2023 12:39:34.782 INFO [http-nio-8080-exec-45] org.apache.catalina.core.ApplicationContext.log Manager: undeploy: Undeploying web application at '/Proyecto1'
20-Sep-2023 12:39:45.392 INFO [http-nio-8080-exec-49] org.apache.catalina.core.ApplicationContext.log Manager: list: Listing contexts for virtual host 'localhost'
20-Sep-2023 12:39:45.393 INFO [http-nio-8080-exec-51] org.apache.catalina.core.ApplicationContext.log Manager: list: Listing contexts for virtual host 'localhost'
20-Sep-2023 12:39:45.414 INFO [http-nio-8080-exec-50] org.apache.catalina.core.ApplicationContext.log Manager: install: Installing context configuration at 'file:/C:/Users/User/AppData/Local/Temp/context12937118175067508313.xml'
20-Sep-2023 12:39:45.867 INFO [http-nio-8080-exec-45] org.apache.catalina.core.ApplicationContext.log Manager: start: Starting web application '/Proyecto1'
20-Sep-2023 12:42:52.281 INFO [http-nio-8080-exec-62] org.apache.catalina.core.ApplicationContext.log Manager: list: Listing contexts for virtual host 'localhost'
20-Sep-2023 12:42:52.282 INFO [http-nio-8080-exec-61] org.apache.catalina.core.ApplicationContext.log Manager: list: Listing contexts for virtual host 'localhost'
20-Sep-2023 12:42:52.287 INFO [http-nio-8080-exec-63] org.apache.catalina.core.ApplicationContext.log Manager: undeploy: Undeploying web application at '/Proyecto1'
20-Sep-2023 12:42:52.931 INFO [http-nio-8080-exec-57] org.apache.catalina.core.ApplicationContext.log Manager: install: Installing context configuration at 'file:/C:/Users/User/AppData/Local/Temp/context16723229852197563429.xml'
20-Sep-2023 12:42:53.393 INFO [http-nio-8080-exec-58] org.apache.catalina.core.ApplicationContext.log Manager: start: Starting web application '/Proyecto1'
20-Sep-2023 12:56:37.257 INFO [http-nio-8080-exec-72] org.apache.catalina.core.ApplicationContext.log Manager: list: Listing contexts for virtual host 'localhost'
20-Sep-2023 12:56:37.259 INFO [http-nio-8080-exec-73] org.apache.catalina.core.ApplicationContext.log Manager: list: Listing contexts for virtual host 'localhost'
20-Sep-2023 12:56:37.264 INFO [http-nio-8080-exec-74] org.apache.catalina.core.ApplicationContext.log Manager: undeploy: Undeploying web application at '/Proyecto1'
20-Sep-2023 12:56:37.901 INFO [http-nio-8080-exec-69] org.apache.catalina.core.ApplicationContext.log Manager: install: Installing context configuration at 'file:/C:/Users/User/AppData/Local/Temp/context15583539947472641910.xml'
20-Sep-2023 12:56:38.374 INFO [http-nio-8080-exec-72] org.apache.catalina.core.ApplicationContext.log Manager: start: Starting web application '/Proyecto1'
20-Sep-2023 13:26:15.576 INFO [http-nio-8080-exec-77] org.apache.catalina.core.ApplicationContext.log Manager: list: Listing contexts for virtual host 'localhost'
20-Sep-2023 13:26:15.577 INFO [http-nio-8080-exec-83] org.apache.catalina.core.ApplicationContext.log Manager: list: Listing contexts for virtual host 'localhost'
20-Sep-2023 13:26:15.582 INFO [http-nio-8080-exec-78] org.apache.catalina.core.ApplicationContext.log Manager: undeploy: Undeploying web application at '/Proyecto1'
20-Sep-2023 13:26:16.221 INFO [http-nio-8080-exec-80] org.apache.catalina.core.ApplicationContext.log Manager: install: Installing context configuration at 'file:/C:/Users/User/AppData/Local/Temp/context11628283643469607934.xml'
20-Sep-2023 13:26:16.692 INFO [http-nio-8080-exec-81] org.apache.catalina.core.ApplicationContext.log Manager: start: Starting web application '/Proyecto1'
20-Sep-2023 13:27:10.642 INFO [http-nio-8080-exec-85] org.apache.catalina.core.ApplicationContext.log Manager: list: Listing contexts for virtual host 'localhost'
20-Sep-2023 13:27:10.643 INFO [http-nio-8080-exec-90] org.apache.catalina.core.ApplicationContext.log Manager: list: Listing contexts for virtual host 'localhost'
20-Sep-2023 13:27:10.648 INFO [http-nio-8080-exec-86] org.apache.catalina.core.ApplicationContext.log Manager: undeploy: Undeploying web application at '/Proyecto1'
20-Sep-2023 13:27:11.285 INFO [http-nio-8080-exec-89] org.apache.catalina.core.ApplicationContext.log Manager: install: Installing context configuration at 'file:/C:/Users/User/AppData/Local/Temp/context13766299028328591655.xml'
20-Sep-2023 13:27:11.737 INFO [http-nio-8080-exec-77] org.apache.catalina.core.ApplicationContext.log Manager: start: Starting web application '/Proyecto1'
20-Sep-2023 13:28:19.576 INFO [http-nio-8080-exec-100] org.apache.catalina.core.ApplicationContext.log Manager: list: Listing contexts for virtual host 'localhost'
20-Sep-2023 13:28:19.578 INFO [http-nio-8080-exec-101] org.apache.catalina.core.ApplicationContext.log Manager: list: Listing contexts for virtual host 'localhost'
20-Sep-2023 13:28:19.582 INFO [http-nio-8080-exec-95] org.apache.catalina.core.ApplicationContext.log Manager: undeploy: Undeploying web application at '/Proyecto1'
20-Sep-2023 13:28:20.206 INFO [http-nio-8080-exec-97] org.apache.catalina.core.ApplicationContext.log Manager: install: Installing context configuration at 'file:/C:/Users/User/AppData/Local/Temp/context10851559691347833992.xml'
20-Sep-2023 13:28:20.662 INFO [http-nio-8080-exec-91] org.apache.catalina.core.ApplicationContext.log Manager: start: Starting web application '/Proyecto1'
20-Sep-2023 13:29:40.416 INFO [http-nio-8080-exec-102] org.apache.catalina.core.ApplicationContext.log Manager: list: Listing contexts for virtual host 'localhost'
20-Sep-2023 13:29:40.417 INFO [http-nio-8080-exec-108] org.apache.catalina.core.ApplicationContext.log Manager: list: Listing contexts for virtual host 'localhost'
20-Sep-2023 13:29:40.422 INFO [http-nio-8080-exec-94] org.apache.catalina.core.ApplicationContext.log Manager: undeploy: Undeploying web application at '/Proyecto1'
20-Sep-2023 13:29:41.044 INFO [http-nio-8080-exec-104] org.apache.catalina.core.ApplicationContext.log Manager: install: Installing context configuration at 'file:/C:/Users/User/AppData/Local/Temp/context8975058878262529423.xml'
20-Sep-2023 13:29:41.504 INFO [http-nio-8080-exec-109] org.apache.catalina.core.ApplicationContext.log Manager: start: Starting web application '/Proyecto1'
20-Sep-2023 13:30:25.356 INFO [http-nio-8080-exec-109] org.apache.catalina.core.ApplicationContext.log Manager: list: Listing contexts for virtual host 'localhost'
20-Sep-2023 13:30:25.357 INFO [http-nio-8080-exec-116] org.apache.catalina.core.ApplicationContext.log Manager: list: Listing contexts for virtual host 'localhost'
20-Sep-2023 13:30:25.362 INFO [http-nio-8080-exec-111] org.apache.catalina.core.ApplicationContext.log Manager: undeploy: Undeploying web application at '/Proyecto1'
20-Sep-2023 13:30:26.004 INFO [http-nio-8080-exec-112] org.apache.catalina.core.ApplicationContext.log Manager: install: Installing context configuration at 'file:/C:/Users/User/AppData/Local/Temp/context18140410964952792373.xml'
20-Sep-2023 13:30:34.322 INFO [http-nio-8080-exec-113] org.apache.catalina.core.ApplicationContext.log Manager: list: Listing contexts for virtual host 'localhost'
20-Sep-2023 13:30:34.323 INFO [http-nio-8080-exec-117] org.apache.catalina.core.ApplicationContext.log Manager: list: Listing contexts for virtual host 'localhost'
20-Sep-2023 13:30:34.340 INFO [http-nio-8080-exec-111] org.apache.catalina.core.ApplicationContext.log Manager: install: Installing context configuration at 'file:/C:/Users/User/AppData/Local/Temp/context11996611087398558513.xml'
20-Sep-2023 13:30:34.827 INFO [http-nio-8080-exec-112] org.apache.catalina.core.ApplicationContext.log Manager: start: Starting web application '/Proyecto1'
20-Sep-2023 13:32:21.268 INFO [http-nio-8080-exec-125] org.apache.catalina.core.ApplicationContext.log Manager: list: Listing contexts for virtual host 'localhost'
20-Sep-2023 13:32:21.270 INFO [http-nio-8080-exec-127] org.apache.catalina.core.ApplicationContext.log Manager: list: Listing contexts for virtual host 'localhost'
20-Sep-2023 13:32:21.274 INFO [http-nio-8080-exec-116] org.apache.catalina.core.ApplicationContext.log Manager: undeploy: Undeploying web application at '/Proyecto1'
20-Sep-2023 13:32:21.910 INFO [http-nio-8080-exec-127] org.apache.catalina.core.ApplicationContext.log Manager: install: Installing context configuration at 'file:/C:/Users/User/AppData/Local/Temp/context2354211049570744984.xml'
20-Sep-2023 13:32:22.384 INFO [http-nio-8080-exec-125] org.apache.catalina.core.ApplicationContext.log Manager: start: Starting web application '/Proyecto1'
20-Sep-2023 13:33:01.732 INFO [http-nio-8080-exec-130] org.apache.catalina.core.ApplicationContext.log Manager: list: Listing contexts for virtual host 'localhost'
20-Sep-2023 13:33:01.733 INFO [http-nio-8080-exec-121] org.apache.catalina.core.ApplicationContext.log Manager: list: Listing contexts for virtual host 'localhost'
20-Sep-2023 13:33:01.738 INFO [http-nio-8080-exec-131] org.apache.catalina.core.ApplicationContext.log Manager: undeploy: Undeploying web application at '/Proyecto1'
20-Sep-2023 13:33:02.360 INFO [http-nio-8080-exec-130] org.apache.catalina.core.ApplicationContext.log Manager: install: Installing context configuration at 'file:/C:/Users/User/AppData/Local/Temp/context16299815168540409436.xml'
20-Sep-2023 13:33:02.842 INFO [http-nio-8080-exec-126] org.apache.catalina.core.ApplicationContext.log Manager: start: Starting web application '/Proyecto1'
20-Sep-2023 13:34:05.219 INFO [http-nio-8080-exec-140] org.apache.catalina.core.ApplicationContext.log Manager: list: Listing contexts for virtual host 'localhost'
20-Sep-2023 13:34:05.220 INFO [http-nio-8080-exec-142] org.apache.catalina.core.ApplicationContext.log Manager: list: Listing contexts for virtual host 'localhost'
20-Sep-2023 13:34:05.225 INFO [http-nio-8080-exec-134] org.apache.catalina.core.ApplicationContext.log Manager: undeploy: Undeploying web application at '/Proyecto1'
20-Sep-2023 13:34:05.859 INFO [http-nio-8080-exec-138] org.apache.catalina.core.ApplicationContext.log Manager: install: Installing context configuration at 'file:/C:/Users/User/AppData/Local/Temp/context16204817000402475084.xml'
20-Sep-2023 13:34:06.332 INFO [http-nio-8080-exec-142] org.apache.catalina.core.ApplicationContext.log Manager: start: Starting web application '/Proyecto1'
20-Sep-2023 13:34:52.685 INFO [http-nio-8080-exec-147] org.apache.catalina.core.ApplicationContext.log Manager: list: Listing contexts for virtual host 'localhost'
20-Sep-2023 13:34:52.686 INFO [http-nio-8080-exec-146] org.apache.catalina.core.ApplicationContext.log Manager: list: Listing contexts for virtual host 'localhost'
20-Sep-2023 13:34:52.691 INFO [http-nio-8080-exec-135] org.apache.catalina.core.ApplicationContext.log Manager: undeploy: Undeploying web application at '/Proyecto1'
20-Sep-2023 13:34:53.315 INFO [http-nio-8080-exec-144] org.apache.catalina.core.ApplicationContext.log Manager: install: Installing context configuration at 'file:/C:/Users/User/AppData/Local/Temp/context3653293764128063508.xml'
20-Sep-2023 13:34:53.765 INFO [http-nio-8080-exec-149] org.apache.catalina.core.ApplicationContext.log Manager: start: Starting web application '/Proyecto1'
20-Sep-2023 13:36:36.613 INFO [http-nio-8080-exec-150] org.apache.catalina.core.ApplicationContext.log Manager: list: Listing contexts for virtual host 'localhost'
20-Sep-2023 13:36:36.614 INFO [http-nio-8080-exec-156] org.apache.catalina.core.ApplicationContext.log Manager: list: Listing contexts for virtual host 'localhost'
20-Sep-2023 13:36:36.618 INFO [http-nio-8080-exec-157] org.apache.catalina.core.ApplicationContext.log Manager: undeploy: Undeploying web application at '/Proyecto1'
20-Sep-2023 13:36:37.254 INFO [http-nio-8080-exec-155] org.apache.catalina.core.ApplicationContext.log Manager: install: Installing context configuration at 'file:/C:/Users/User/AppData/Local/Temp/context2218851186351670633.xml'
20-Sep-2023 13:37:03.916 INFO [http-nio-8080-exec-154] org.apache.catalina.core.ApplicationContext.log Manager: list: Listing contexts for virtual host 'localhost'
20-Sep-2023 13:37:03.917 INFO [http-nio-8080-exec-160] org.apache.catalina.core.ApplicationContext.log Manager: list: Listing contexts for virtual host 'localhost'
20-Sep-2023 13:37:03.933 INFO [http-nio-8080-exec-155] org.apache.catalina.core.ApplicationContext.log Manager: install: Installing context configuration at 'file:/C:/Users/User/AppData/Local/Temp/context17578735543334985734.xml'
20-Sep-2023 13:37:04.388 INFO [http-nio-8080-exec-161] org.apache.catalina.core.ApplicationContext.log Manager: start: Starting web application '/Proyecto1'
20-Sep-2023 13:40:39.638 INFO [http-nio-8080-exec-162] org.apache.catalina.core.ApplicationContext.log Manager: list: Listing contexts for virtual host 'localhost'
20-Sep-2023 13:40:39.639 INFO [http-nio-8080-exec-163] org.apache.catalina.core.ApplicationContext.log Manager: list: Listing contexts for virtual host 'localhost'
20-Sep-2023 13:40:39.644 INFO [http-nio-8080-exec-164] org.apache.catalina.core.ApplicationContext.log Manager: undeploy: Undeploying web application at '/Proyecto1'
20-Sep-2023 13:40:40.283 INFO [http-nio-8080-exec-165] org.apache.catalina.core.ApplicationContext.log Manager: install: Installing context configuration at 'file:/C:/Users/User/AppData/Local/Temp/context13374883893647115653.xml'
20-Sep-2023 13:40:40.736 INFO [http-nio-8080-exec-162] org.apache.catalina.core.ApplicationContext.log Manager: start: Starting web application '/Proyecto1'
20-Sep-2023 13:53:14.978 INFO [http-nio-8080-exec-178] org.apache.catalina.core.ApplicationContext.log Manager: list: Listing contexts for virtual host 'localhost'
20-Sep-2023 13:53:14.980 INFO [http-nio-8080-exec-177] org.apache.catalina.core.ApplicationContext.log Manager: list: Listing contexts for virtual host 'localhost'
20-Sep-2023 13:53:14.986 INFO [http-nio-8080-exec-171] org.apache.catalina.core.ApplicationContext.log Manager: undeploy: Undeploying web application at '/Proyecto1'
20-Sep-2023 13:53:15.635 INFO [http-nio-8080-exec-177] org.apache.catalina.core.ApplicationContext.log Manager: install: Installing context configuration at 'file:/C:/Users/User/AppData/Local/Temp/context7948893196432616101.xml'
20-Sep-2023 13:53:16.152 INFO [http-nio-8080-exec-179] org.apache.catalina.core.ApplicationContext.log Manager: start: Starting web application '/Proyecto1'
20-Sep-2023 13:55:36.988 INFO [http-nio-8080-exec-180] org.apache.catalina.core.ApplicationContext.log Manager: list: Listing contexts for virtual host 'localhost'
20-Sep-2023 13:55:36.989 INFO [http-nio-8080-exec-184] org.apache.catalina.core.ApplicationContext.log Manager: list: Listing contexts for virtual host 'localhost'
20-Sep-2023 13:55:36.994 INFO [http-nio-8080-exec-185] org.apache.catalina.core.ApplicationContext.log Manager: undeploy: Undeploying web application at '/Proyecto1'
20-Sep-2023 13:55:37.626 INFO [http-nio-8080-exec-188] org.apache.catalina.core.ApplicationContext.log Manager: install: Installing context configuration at 'file:/C:/Users/User/AppData/Local/Temp/context3697472635293126649.xml'
20-Sep-2023 13:55:38.098 INFO [http-nio-8080-exec-181] org.apache.catalina.core.ApplicationContext.log Manager: start: Starting web application '/Proyecto1'
20-Sep-2023 14:08:54.049 INFO [http-nio-8080-exec-198] org.apache.catalina.core.ApplicationContext.log Manager: list: Listing contexts for virtual host 'localhost'
20-Sep-2023 14:08:54.051 INFO [http-nio-8080-exec-199] org.apache.catalina.core.ApplicationContext.log Manager: list: Listing contexts for virtual host 'localhost'
20-Sep-2023 14:08:54.057 INFO [http-nio-8080-exec-191] org.apache.catalina.core.ApplicationContext.log Manager: undeploy: Undeploying web application at '/Proyecto1'
20-Sep-2023 14:08:54.706 INFO [http-nio-8080-exec-190] org.apache.catalina.core.ApplicationContext.log Manager: install: Installing context configuration at 'file:/C:/Users/User/AppData/Local/Temp/context11889150238457794467.xml'
20-Sep-2023 14:08:55.187 INFO [http-nio-8080-exec-196] org.apache.catalina.core.ApplicationContext.log Manager: start: Starting web application '/Proyecto1'
20-Sep-2023 14:09:27.438 INFO [http-nio-8080-exec-194] org.apache.catalina.core.ApplicationContext.log Manager: list: Listing contexts for virtual host 'localhost'
20-Sep-2023 14:09:27.440 INFO [http-nio-8080-exec-204] org.apache.catalina.core.ApplicationContext.log Manager: list: Listing contexts for virtual host 'localhost'
20-Sep-2023 14:09:27.446 INFO [http-nio-8080-exec-200] org.apache.catalina.core.ApplicationContext.log Manager: undeploy: Undeploying web application at '/Proyecto1'
20-Sep-2023 14:09:28.095 INFO [http-nio-8080-exec-206] org.apache.catalina.core.ApplicationContext.log Manager: install: Installing context configuration at 'file:/C:/Users/User/AppData/Local/Temp/context17310699788714596112.xml'
20-Sep-2023 14:09:28.541 INFO [http-nio-8080-exec-203] org.apache.catalina.core.ApplicationContext.log Manager: start: Starting web application '/Proyecto1'
20-Sep-2023 14:16:50.925 INFO [http-nio-8080-exec-208] org.apache.catalina.core.ApplicationContext.log Manager: list: Listing contexts for virtual host 'localhost'
20-Sep-2023 14:16:50.926 INFO [http-nio-8080-exec-209] org.apache.catalina.core.ApplicationContext.log Manager: list: Listing contexts for virtual host 'localhost'
20-Sep-2023 14:16:50.931 INFO [http-nio-8080-exec-210] org.apache.catalina.core.ApplicationContext.log Manager: undeploy: Undeploying web application at '/Proyecto1'
20-Sep-2023 14:16:51.563 INFO [http-nio-8080-exec-214] org.apache.catalina.core.ApplicationContext.log Manager: install: Installing context configuration at 'file:/C:/Users/User/AppData/Local/Temp/context169792043672980558.xml'
20-Sep-2023 14:16:52.035 INFO [http-nio-8080-exec-216] org.apache.catalina.core.ApplicationContext.log Manager: start: Starting web application '/Proyecto1'
20-Sep-2023 14:27:07.930 INFO [http-nio-8080-exec-217] org.apache.catalina.core.ApplicationContext.log Manager: list: Listing contexts for virtual host 'localhost'
20-Sep-2023 14:27:07.931 INFO [http-nio-8080-exec-225] org.apache.catalina.core.ApplicationContext.log Manager: list: Listing contexts for virtual host 'localhost'
20-Sep-2023 14:27:07.937 INFO [http-nio-8080-exec-223] org.apache.catalina.core.ApplicationContext.log Manager: undeploy: Undeploying web application at '/Proyecto1'
20-Sep-2023 14:27:08.581 INFO [http-nio-8080-exec-218] org.apache.catalina.core.ApplicationContext.log Manager: install: Installing context configuration at 'file:/C:/Users/User/AppData/Local/Temp/context5089444580967718016.xml'
20-Sep-2023 14:27:09.044 INFO [http-nio-8080-exec-225] org.apache.catalina.core.ApplicationContext.log Manager: start: Starting web application '/Proyecto1'
20-Sep-2023 14:28:01.499 INFO [http-nio-8080-exec-232] org.apache.catalina.core.ApplicationContext.log Manager: list: Listing contexts for virtual host 'localhost'
20-Sep-2023 14:28:01.501 INFO [http-nio-8080-exec-233] org.apache.catalina.core.ApplicationContext.log Manager: undeploy: Undeploying web application at '/Proyecto1'
20-Sep-2023 14:28:11.239 INFO [http-nio-8080-exec-226] org.apache.catalina.core.ApplicationContext.log Manager: list: Listing contexts for virtual host 'localhost'
20-Sep-2023 14:28:11.240 INFO [http-nio-8080-exec-232] org.apache.catalina.core.ApplicationContext.log Manager: list: Listing contexts for virtual host 'localhost'
20-Sep-2023 14:28:11.261 INFO [http-nio-8080-exec-228] org.apache.catalina.core.ApplicationContext.log Manager: install: Installing context configuration at 'file:/C:/Users/User/AppData/Local/Temp/context5395662192390730913.xml'
20-Sep-2023 14:28:11.721 INFO [http-nio-8080-exec-233] org.apache.catalina.core.ApplicationContext.log Manager: start: Starting web application '/Proyecto1'
20-Sep-2023 14:37:05.084 INFO [http-nio-8080-exec-242] org.apache.catalina.core.ApplicationContext.log Manager: list: Listing contexts for virtual host 'localhost'
20-Sep-2023 14:37:05.085 INFO [http-nio-8080-exec-237] org.apache.catalina.core.ApplicationContext.log Manager: list: Listing contexts for virtual host 'localhost'
20-Sep-2023 14:37:05.090 INFO [http-nio-8080-exec-238] org.apache.catalina.core.ApplicationContext.log Manager: undeploy: Undeploying web application at '/Proyecto1'
20-Sep-2023 14:37:05.724 INFO [http-nio-8080-exec-243] org.apache.catalina.core.ApplicationContext.log Manager: install: Installing context configuration at 'file:/C:/Users/User/AppData/Local/Temp/context4991723058025136759.xml'
20-Sep-2023 14:37:06.192 INFO [http-nio-8080-exec-236] org.apache.catalina.core.ApplicationContext.log Manager: start: Starting web application '/Proyecto1'
20-Sep-2023 14:45:57.894 INFO [http-nio-8080-exec-251] org.apache.catalina.core.ApplicationContext.log Manager: list: Listing contexts for virtual host 'localhost'
20-Sep-2023 14:45:57.895 INFO [http-nio-8080-exec-252] org.apache.catalina.core.ApplicationContext.log Manager: list: Listing contexts for virtual host 'localhost'
20-Sep-2023 14:45:57.900 INFO [http-nio-8080-exec-253] org.apache.catalina.core.ApplicationContext.log Manager: undeploy: Undeploying web application at '/Proyecto1'
20-Sep-2023 14:45:58.439 INFO [http-nio-8080-exec-254] org.apache.catalina.core.ApplicationContext.log Manager: install: Installing context configuration at 'file:/C:/Users/User/AppData/Local/Temp/context14630990417555007801.xml'
20-Sep-2023 14:45:58.916 INFO [http-nio-8080-exec-245] org.apache.catalina.core.ApplicationContext.log Manager: start: Starting web application '/Proyecto1'
20-Sep-2023 14:46:31.661 INFO [http-nio-8080-exec-258] org.apache.catalina.core.ApplicationContext.log Manager: list: Listing contexts for virtual host 'localhost'
20-Sep-2023 14:46:31.662 INFO [http-nio-8080-exec-259] org.apache.catalina.core.ApplicationContext.log Manager: list: Listing contexts for virtual host 'localhost'
20-Sep-2023 14:46:31.666 INFO [http-nio-8080-exec-260] org.apache.catalina.core.ApplicationContext.log Manager: undeploy: Undeploying web application at '/Proyecto1'
20-Sep-2023 14:46:32.303 INFO [http-nio-8080-exec-262] org.apache.catalina.core.ApplicationContext.log Manager: install: Installing context configuration at 'file:/C:/Users/User/AppData/Local/Temp/context822375841421106272.xml'
20-Sep-2023 14:46:32.790 INFO [http-nio-8080-exec-258] org.apache.catalina.core.ApplicationContext.log Manager: start: Starting web application '/Proyecto1'
20-Sep-2023 15:21:35.393 INFO [http-nio-8080-exec-269] org.apache.catalina.core.ApplicationContext.log Manager: list: Listing contexts for virtual host 'localhost'
20-Sep-2023 15:21:35.395 INFO [http-nio-8080-exec-270] org.apache.catalina.core.ApplicationContext.log Manager: list: Listing contexts for virtual host 'localhost'
20-Sep-2023 15:21:35.400 INFO [http-nio-8080-exec-271] org.apache.catalina.core.ApplicationContext.log Manager: undeploy: Undeploying web application at '/Proyecto1'
20-Sep-2023 15:21:36.069 INFO [http-nio-8080-exec-264] org.apache.catalina.core.ApplicationContext.log Manager: install: Installing context configuration at 'file:/C:/Users/User/AppData/Local/Temp/context2758284878835082599.xml'
20-Sep-2023 15:21:36.608 INFO [http-nio-8080-exec-265] org.apache.catalina.core.ApplicationContext.log Manager: start: Starting web application '/Proyecto1'
20-Sep-2023 15:29:24.309 INFO [http-nio-8080-exec-281] org.apache.catalina.core.ApplicationContext.log Manager: list: Listing contexts for virtual host 'localhost'
20-Sep-2023 15:29:24.312 INFO [http-nio-8080-exec-282] org.apache.catalina.core.ApplicationContext.log Manager: undeploy: Undeploying web application at '/Proyecto1'
20-Sep-2023 15:54:41.574 INFO [http-nio-8080-exec-289] org.apache.catalina.core.ApplicationContext.log Manager: list: Listing contexts for virtual host 'localhost'
20-Sep-2023 15:54:41.575 INFO [http-nio-8080-exec-290] org.apache.catalina.core.ApplicationContext.log Manager: list: Listing contexts for virtual host 'localhost'
20-Sep-2023 15:54:41.601 INFO [http-nio-8080-exec-291] org.apache.catalina.core.ApplicationContext.log Manager: install: Installing context configuration at 'file:/C:/Users/User/AppData/Local/Temp/context927594320570266523.xml'
20-Sep-2023 15:54:42.118 INFO [http-nio-8080-exec-292] org.apache.catalina.core.ApplicationContext.log Manager: start: Starting web application '/Proyecto1'
20-Sep-2023 15:57:46.475 INFO [http-nio-8080-exec-284] org.apache.catalina.core.ApplicationContext.log Manager: list: Listing contexts for virtual host 'localhost'
20-Sep-2023 15:57:46.476 INFO [http-nio-8080-exec-287] org.apache.catalina.core.ApplicationContext.log Manager: list: Listing contexts for virtual host 'localhost'
20-Sep-2023 15:57:46.479 INFO [http-nio-8080-exec-286] org.apache.catalina.core.ApplicationContext.log Manager: undeploy: Undeploying web application at '/Proyecto1'
20-Sep-2023 15:57:47.099 INFO [http-nio-8080-exec-284] org.apache.catalina.core.ApplicationContext.log Manager: install: Installing context configuration at 'file:/C:/Users/User/AppData/Local/Temp/context16784717302971448351.xml'
20-Sep-2023 15:57:47.605 INFO [http-nio-8080-exec-289] org.apache.catalina.core.ApplicationContext.log Manager: start: Starting web application '/Proyecto1'
20-Sep-2023 15:58:29.451 INFO [http-nio-8080-exec-298] org.apache.catalina.core.ApplicationContext.log Manager: list: Listing contexts for virtual host 'localhost'
20-Sep-2023 15:58:29.452 INFO [http-nio-8080-exec-293] org.apache.catalina.core.ApplicationContext.log Manager: list: Listing contexts for virtual host 'localhost'
20-Sep-2023 15:58:29.455 INFO [http-nio-8080-exec-299] org.apache.catalina.core.ApplicationContext.log Manager: undeploy: Undeploying web application at '/Proyecto1'
20-Sep-2023 15:58:30.083 INFO [http-nio-8080-exec-298] org.apache.catalina.core.ApplicationContext.log Manager: install: Installing context configuration at 'file:/C:/Users/User/AppData/Local/Temp/context113427707148067121.xml'
20-Sep-2023 15:58:30.538 INFO [http-nio-8080-exec-301] org.apache.catalina.core.ApplicationContext.log Manager: start: Starting web application '/Proyecto1'
20-Sep-2023 16:00:29.292 INFO [http-nio-8080-exec-310] org.apache.catalina.core.ApplicationContext.log Manager: list: Listing contexts for virtual host 'localhost'
20-Sep-2023 16:00:29.295 INFO [http-nio-8080-exec-311] org.apache.catalina.core.ApplicationContext.log Manager: undeploy: Undeploying web application at '/Proyecto1'
20-Sep-2023 16:00:42.333 INFO [http-nio-8080-exec-306] org.apache.catalina.core.ApplicationContext.log Manager: list: Listing contexts for virtual host 'localhost'
20-Sep-2023 16:00:42.335 INFO [http-nio-8080-exec-302] org.apache.catalina.core.ApplicationContext.log Manager: list: Listing contexts for virtual host 'localhost'
20-Sep-2023 16:00:42.352 INFO [http-nio-8080-exec-304] org.apache.catalina.core.ApplicationContext.log Manager: install: Installing context configuration at 'file:/C:/Users/User/AppData/Local/Temp/context5493713357869014554.xml'
20-Sep-2023 16:00:42.805 INFO [http-nio-8080-exec-312] org.apache.catalina.core.ApplicationContext.log Manager: start: Starting web application '/Proyecto1'
20-Sep-2023 16:12:22.328 INFO [http-nio-8080-exec-4] org.apache.catalina.core.ApplicationContext.log Manager: init: Associated with Deployer 'Catalina:type=Deployer,host=localhost'
20-Sep-2023 16:12:22.328 INFO [http-nio-8080-exec-4] org.apache.catalina.core.ApplicationContext.log Manager: init: Global resources are available
20-Sep-2023 16:12:22.353 INFO [http-nio-8080-exec-7] org.apache.catalina.core.ApplicationContext.log Manager: list: Listing contexts for virtual host 'localhost'
20-Sep-2023 16:12:22.355 INFO [http-nio-8080-exec-8] org.apache.catalina.core.ApplicationContext.log Manager: list: Listing contexts for virtual host 'localhost'
20-Sep-2023 16:12:22.364 INFO [http-nio-8080-exec-9] org.apache.catalina.core.ApplicationContext.log Manager: undeploy: Undeploying web application at '/Proyecto1'
20-Sep-2023 16:12:22.905 INFO [http-nio-8080-exec-6] org.apache.catalina.core.ApplicationContext.log Manager: install: Installing context configuration at 'file:/C:/Users/User/AppData/Local/Temp/context314265764169029552.xml'
20-Sep-2023 16:12:23.411 INFO [http-nio-8080-exec-1] org.apache.catalina.core.ApplicationContext.log Manager: start: Starting web application '/Proyecto1'
20-Sep-2023 16:15:34.690 INFO [http-nio-8080-exec-15] org.apache.catalina.core.ApplicationContext.log Manager: list: Listing contexts for virtual host 'localhost'
20-Sep-2023 16:15:34.691 INFO [http-nio-8080-exec-16] org.apache.catalina.core.ApplicationContext.log Manager: list: Listing contexts for virtual host 'localhost'
20-Sep-2023 16:15:34.697 INFO [http-nio-8080-exec-17] org.apache.catalina.core.ApplicationContext.log Manager: undeploy: Undeploying web application at '/Proyecto1'
20-Sep-2023 16:15:35.395 INFO [http-nio-8080-exec-19] org.apache.catalina.core.ApplicationContext.log Manager: install: Installing context configuration at 'file:/C:/Users/User/AppData/Local/Temp/context11464316010123874259.xml'
20-Sep-2023 16:15:35.913 INFO [http-nio-8080-exec-18] org.apache.catalina.core.ApplicationContext.log Manager: start: Starting web application '/Proyecto1'
20-Sep-2023 16:15:56.229 INFO [http-nio-8080-exec-15] org.apache.catalina.core.ApplicationContext.log Manager: list: Listing contexts for virtual host 'localhost'
20-Sep-2023 16:15:56.230 INFO [http-nio-8080-exec-22] org.apache.catalina.core.ApplicationContext.log Manager: list: Listing contexts for virtual host 'localhost'
20-Sep-2023 16:15:56.236 INFO [http-nio-8080-exec-23] org.apache.catalina.core.ApplicationContext.log Manager: undeploy: Undeploying web application at '/Proyecto1'
20-Sep-2023 16:15:56.893 INFO [http-nio-8080-exec-19] org.apache.catalina.core.ApplicationContext.log Manager: install: Installing context configuration at 'file:/C:/Users/User/AppData/Local/Temp/context5993023382972349633.xml'
20-Sep-2023 16:15:57.367 INFO [http-nio-8080-exec-24] org.apache.catalina.core.ApplicationContext.log Manager: start: Starting web application '/Proyecto1'
20-Sep-2023 16:17:19.715 INFO [http-nio-8080-exec-18] org.apache.catalina.core.ApplicationContext.log Manager: list: Listing contexts for virtual host 'localhost'
20-Sep-2023 16:17:19.717 INFO [http-nio-8080-exec-30] org.apache.catalina.core.ApplicationContext.log Manager: list: Listing contexts for virtual host 'localhost'
20-Sep-2023 16:17:19.723 INFO [http-nio-8080-exec-33] org.apache.catalina.core.ApplicationContext.log Manager: undeploy: Undeploying web application at '/Proyecto1'
20-Sep-2023 16:17:20.389 INFO [http-nio-8080-exec-25] org.apache.catalina.core.ApplicationContext.log Manager: install: Installing context configuration at 'file:/C:/Users/User/AppData/Local/Temp/context15932360393005317333.xml'
20-Sep-2023 16:17:20.892 INFO [http-nio-8080-exec-30] org.apache.catalina.core.ApplicationContext.log Manager: start: Starting web application '/Proyecto1'
